network init start

hyperparameters
init_weight_range 0.000000 ,xavier
learning_rate 0.000050
lambda1 0.000000
lambda2 0.000000
dropout 0.400000
minibatch size 128

   DENSE CONVOLUTION  [   19    19     4] [    3     3    32] [   19    19    36] [      1152         32][    427424]
                RELU  [   19    19    36] [    1     1     1] [   19    19    36] [         0          0][     25992]
   DENSE CONVOLUTION  [   19    19    36] [    3     3    32] [   19    19    68] [     10368         32][   3754400]
                RELU  [   19    19    68] [    1     1     1] [   19    19    68] [         0          0][     49096]
   DENSE CONVOLUTION  [   19    19    68] [    3     3    32] [   19    19   100] [     19584         32][   7081376]
                RELU  [   19    19   100] [    1     1     1] [   19    19   100] [         0          0][     72200]
   DENSE CONVOLUTION  [   19    19   100] [    3     3    32] [   19    19   132] [     28800         32][  10408352]
                RELU  [   19    19   132] [    1     1     1] [   19    19   132] [         0          0][     95304]
   DENSE CONVOLUTION  [   19    19   132] [    3     3    32] [   19    19   164] [     38016         32][  13735328]
                RELU  [   19    19   164] [    1     1     1] [   19    19   164] [         0          0][    118408]
   DENSE CONVOLUTION  [   19    19   164] [    3     3    32] [   19    19   196] [     47232         32][  17062304]
                RELU  [   19    19   196] [    1     1     1] [   19    19   196] [         0          0][    141512]
   DENSE CONVOLUTION  [   19    19   196] [    3     3    32] [   19    19   228] [     56448         32][  20389280]
                RELU  [   19    19   228] [    1     1     1] [   19    19   228] [         0          0][    164616]
   DENSE CONVOLUTION  [   19    19   228] [    3     3    32] [   19    19   260] [     65664         32][  23716256]
                RELU  [   19    19   260] [    1     1     1] [   19    19   260] [         0          0][    187720]
         CONVOLUTION  [   19    19   260] [    1     1    56] [   19    19    56] [     14560         56][   5276376]
                RELU  [   19    19    56] [    1     1     1] [   19    19    56] [         0          0][     40432]
   DENSE CONVOLUTION  [   19    19    56] [    3     3    32] [   19    19    88] [     16128         32][   5833760]
                RELU  [   19    19    88] [    1     1     1] [   19    19    88] [         0          0][     63536]
   DENSE CONVOLUTION  [   19    19    88] [    3     3    32] [   19    19   120] [     25344         32][   9160736]
                RELU  [   19    19   120] [    1     1     1] [   19    19   120] [         0          0][     86640]
   DENSE CONVOLUTION  [   19    19   120] [    3     3    32] [   19    19   152] [     34560         32][  12487712]
                RELU  [   19    19   152] [    1     1     1] [   19    19   152] [         0          0][    109744]
   DENSE CONVOLUTION  [   19    19   152] [    3     3    32] [   19    19   184] [     43776         32][  15814688]
                RELU  [   19    19   184] [    1     1     1] [   19    19   184] [         0          0][    132848]
   DENSE CONVOLUTION  [   19    19   184] [    3     3    32] [   19    19   216] [     52992         32][  19141664]
                RELU  [   19    19   216] [    1     1     1] [   19    19   216] [         0          0][    155952]
   DENSE CONVOLUTION  [   19    19   216] [    3     3    32] [   19    19   248] [     62208         32][  22468640]
                RELU  [   19    19   248] [    1     1     1] [   19    19   248] [         0          0][    179056]
   DENSE CONVOLUTION  [   19    19   248] [    3     3    32] [   19    19   280] [     71424         32][  25795616]
                RELU  [   19    19   280] [    1     1     1] [   19    19   280] [         0          0][    202160]
   DENSE CONVOLUTION  [   19    19   280] [    3     3    32] [   19    19   312] [     80640         32][  29122592]
                RELU  [   19    19   312] [    1     1     1] [   19    19   312] [         0          0][    225264]
         CONVOLUTION  [   19    19   312] [    1     1    56] [   19    19    56] [     17472         56][   6327608]
                RELU  [   19    19    56] [    1     1     1] [   19    19    56] [         0          0][     40432]
   DENSE CONVOLUTION  [   19    19    56] [    3     3    32] [   19    19    88] [     16128         32][   5833760]
                RELU  [   19    19    88] [    1     1     1] [   19    19    88] [         0          0][     63536]
   DENSE CONVOLUTION  [   19    19    88] [    3     3    32] [   19    19   120] [     25344         32][   9160736]
                RELU  [   19    19   120] [    1     1     1] [   19    19   120] [         0          0][     86640]
   DENSE CONVOLUTION  [   19    19   120] [    3     3    32] [   19    19   152] [     34560         32][  12487712]
                RELU  [   19    19   152] [    1     1     1] [   19    19   152] [         0          0][    109744]
   DENSE CONVOLUTION  [   19    19   152] [    3     3    32] [   19    19   184] [     43776         32][  15814688]
                RELU  [   19    19   184] [    1     1     1] [   19    19   184] [         0          0][    132848]
   DENSE CONVOLUTION  [   19    19   184] [    3     3    32] [   19    19   216] [     52992         32][  19141664]
                RELU  [   19    19   216] [    1     1     1] [   19    19   216] [         0          0][    155952]
   DENSE CONVOLUTION  [   19    19   216] [    3     3    32] [   19    19   248] [     62208         32][  22468640]
                RELU  [   19    19   248] [    1     1     1] [   19    19   248] [         0          0][    179056]
   DENSE CONVOLUTION  [   19    19   248] [    3     3    32] [   19    19   280] [     71424         32][  25795616]
                RELU  [   19    19   280] [    1     1     1] [   19    19   280] [         0          0][    202160]
   DENSE CONVOLUTION  [   19    19   280] [    3     3    32] [   19    19   312] [     80640         32][  29122592]
                RELU  [   19    19   312] [    1     1     1] [   19    19   312] [         0          0][    225264]
         CONVOLUTION  [   19    19   312] [    1     1    64] [   19    19    64] [     19968         64][   7231552]
                RELU  [   19    19    64] [    1     1     1] [   19    19    64] [         0          0][     46208]
             DROPOUT  [   19    19    64] [    1     1     1] [   19    19    64] [         0          0][     46208]
                  FC  [   19    19    64] [    1     1   362] [    1     1   362] [   8363648        362][  16728020]

input_geometry  [19 19 4]
output_geometry [1 1 362]
network flops operations 415127584 FLOPS, 0.415128 GFLOPS
init DONE

