0.000000 0 0 0.469437 0.653216  2.006592 3.036356 
0.010000 0 1 0.709149 1.118658  3.093288 4.144027 
0.020000 0 2 0.916900 1.332401  4.022173 4.961047 
0.030000 0 3 1.221534 2.045545  5.155813 6.722932 
0.040000 0 4 2.104475 2.789652  8.568718 9.705354 
0.050000 0 5 5.716141 5.172792  20.925888 17.519976 
0.060000 0 6 7.464043 6.313424  25.378546 20.453455 
0.070000 0 7 8.286057 6.570116  27.493008 21.580105 
0.080000 0 8 9.348782 7.281262  29.176987 22.861567 
0.090000 0 9 10.204754 8.073312  30.884937 24.304834 
0.100000 0 10 11.185577 8.319017  32.520973 25.189772 
0.110000 0 11 11.945665 9.019177  33.627647 26.422293 
0.120000 0 12 13.081303 9.734319  35.021973 27.550940 
0.130000 0 13 14.512585 10.673192  36.453255 29.122053 
0.140000 0 14 15.183780 11.085697  36.965641 29.765282 
0.150000 0 15 16.272472 11.418298  38.630642 30.553335 
0.160000 0 16 16.676987 11.750899  38.179184 31.113663 
0.170000 0 17 17.055532 12.240312  38.706551 31.531162 
0.180000 0 18 17.562925 12.625849  39.165001 31.840792 
0.190000 0 19 18.298042 12.825609  39.851177 32.504993 
0.200000 0 20 18.352976 13.019377  40.430485 32.960449 
0.210000 0 21 18.438873 13.097283  40.503395 33.178185 
0.220000 0 22 19.167999 13.342988  40.402515 33.359966 
0.230000 0 23 19.567518 13.810428  41.691971 34.019176 
0.240000 0 24 19.579504 13.819417  41.917698 34.414703 
0.250000 0 25 19.991011 14.071115  42.100479 34.417698 
0.260000 0 26 20.450459 14.584498  42.332203 34.723331 
0.270000 0 27 20.686176 14.926088  41.967640 34.987015 
0.280000 0 28 20.888933 14.782261  42.800640 35.475430 
0.290000 0 29 20.593288 14.717340  42.710747 35.085896 
0.300000 0 30 20.687176 14.631442  42.420097 35.096882 
0.310000 0 31 21.257490 15.248701  43.614662 36.017780 
0.320000 0 32 21.051739 15.000998  43.406910 35.644226 
0.330000 0 33 21.017778 14.974031  43.292049 35.937874 
0.340000 0 34 21.414303 15.407511  43.182182 35.959846 
0.350000 0 35 21.538155 15.227727  43.979225 36.246506 
0.360000 0 36 21.712944 15.271674  44.719337 36.422295 
0.370000 0 37 21.912704 15.725130  44.036156 36.888733 
0.380000 0 38 22.269278 15.896924  45.155811 37.032562 
0.390000 0 39 22.284260 15.681183  45.150818 37.028564 
0.400000 0 40 22.244307 16.034758  45.108868 37.552937 
0.410000 0 41 22.384138 15.654215  45.349579 37.276268 
0.420000 0 42 22.603876 15.858970  44.957050 37.252296 
0.430000 0 43 22.431082 15.968838  45.174789 37.556931 
0.440000 0 44 21.935677 15.925889  44.051140 37.488014 
0.450000 0 45 23.029366 16.363363  46.082703 37.932480 
0.460000 0 46 22.535957 16.230524  45.098881 37.956451 
0.470000 0 47 22.976429 16.377348  45.411507 38.014381 
0.480000 0 48 22.752697 16.464243  45.170795 38.144226 
0.490000 0 49 23.153215 16.230524  46.104675 38.191170 
0.500000 0 50 22.909508 16.358370  45.766079 37.969437 
0.510000 0 51 23.323013 16.588095  45.848980 38.633640 
0.520000 0 52 23.639633 16.620056  46.516182 38.444866 
0.530000 0 53 23.513784 16.480225  46.311428 38.145226 
0.540000 0 54 23.635637 16.717939  46.185577 38.791451 
0.550000 0 55 23.452856 16.824810  46.248501 38.691570 
0.560000 0 56 23.420895 16.641031  46.430283 38.930283 
0.570000 0 57 23.288054 16.542149  46.346386 38.702557 
0.580000 0 58 23.599680 16.777866  46.708950 38.801437 
0.590000 0 59 23.302038 16.648022  46.559128 38.528767 
0.600000 0 60 23.556732 16.816820  46.540154 38.676590 
0.610000 0 61 23.682581 17.167398  46.982620 39.185978 
0.620000 0 62 23.612665 17.250299  45.924889 39.152016 
0.630000 0 63 24.151018 17.158409  47.320217 39.458649 
0.640000 0 64 23.982222 17.241310  47.176388 39.476627 
0.650000 0 65 24.292849 17.333200  47.504993 39.774269 
0.660000 0 66 24.078106 17.317219  47.208351 39.347782 
0.670000 0 67 24.305834 17.516979  47.328205 39.801239 
0.680000 0 68 24.152018 17.305233  47.724731 39.805233 
0.690000 0 69 24.294846 17.487015  47.490013 39.823212 
0.700000 0 70 24.369757 17.678785  47.481022 39.906113 
0.710000 0 71 24.486616 17.620855  47.889534 39.977028 
0.720000 0 72 24.165003 17.452057  47.685776 39.711346 
0.730000 0 73 24.832201 17.475031  47.976429 40.073910 
0.740000 0 74 24.636436 17.845585  48.190170 40.797043 
0.750000 0 75 24.389732 17.652817  47.227325 39.857170 
0.760000 0 76 25.026968 17.601877  48.339993 39.957050 
0.770000 0 77 24.835197 18.040352  48.123253 40.354576 
0.780000 0 78 24.935078 17.919497  48.134239 40.489414 
0.790000 0 79 25.121853 18.103275  48.441872 40.856972 
0.800000 0 80 24.939074 18.151218  48.122253 40.840992 
0.810000 0 81 25.001997 18.143229  48.416901 40.892929 
0.820000 0 82 25.146824 17.989412  48.846386 40.606274 
0.830000 0 83 25.197763 18.025370  48.892330 40.748104 
0.840000 0 84 25.169796 18.313025  48.610668 40.837994 
0.850000 0 85 25.309628 18.282061  48.730522 40.829006 
0.860000 0 86 25.247704 18.067320  48.445866 41.020775 
0.870000 0 87 25.428486 18.230124  48.439873 40.883938 
0.880000 0 88 24.952057 18.397923  47.439072 41.102676 
0.890000 0 89 25.171793 18.469835  48.175190 41.021774 
0.900000 0 90 25.619257 18.336996  49.016182 41.063725 
0.910000 0 91 25.770077 18.728525  49.041149 41.288452 
0.920000 0 92 25.356571 18.553736  48.224133 41.029766 
0.930000 0 93 25.526369 18.463844  49.033161 41.145626 
0.940000 0 94 25.468437 18.962246  47.912506 41.513184 
0.950000 0 95 25.493408 18.851377  48.551739 41.700958 
0.960000 0 96 25.361567 18.598682  48.305035 41.273472 
0.970000 0 97 25.739113 18.998201  48.972233 41.927689 
0.980000 0 98 25.745106 18.891331  48.675591 41.716938 
0.990000 0 99 26.046743 19.196964  48.958252 42.280262 
1.000000 1 0 25.848982 19.366760  48.985218 42.101479 
1.010000 1 1 26.110666 19.173992  49.211945 42.115463 
1.020000 1 2 25.784060 19.211946  48.652618 42.168400 
1.030000 1 3 26.134638 19.440672  49.497604 42.569916 
1.040000 1 4 26.201559 18.998201  49.535557 42.037556 
1.050000 1 5 26.145626 19.589493  49.274872 42.693768 
1.060000 1 6 26.148623 19.639433  49.411705 42.434078 
1.070000 1 7 26.294447 19.449661  49.669395 42.555931 
1.080000 1 8 26.527168 19.608469  49.393726 42.872555 
1.090000 1 9 26.462246 19.916101  49.795246 42.757690 
1.100000 1 10 26.258490 19.724331  49.031162 43.007393 
1.110000 1 11 26.451258 19.597483  49.990013 42.888535 
1.120000 1 12 26.333401 19.875151  49.492607 42.919498 
1.130000 1 13 26.412306 19.874151  50.092888 42.856571 
1.140000 1 14 26.431282 19.942070  49.662407 43.264084 
1.150000 1 15 26.548141 19.903116  49.835197 43.326008 
1.160000 1 16 26.894726 20.222733  50.544346 43.576710 
1.170000 1 17 26.608070 19.607471  50.258690 42.875549 
1.180000 1 18 26.641031 20.252697  50.709148 43.583698 
1.190000 1 19 26.620056 20.130842  50.436478 43.695564 
1.200000 1 20 26.399321 20.273672  50.033958 43.572712 
1.210000 1 21 26.310427 20.122852  49.999001 43.656612 
1.220000 1 22 26.641031 20.332602  50.303635 43.723534 
1.230000 1 23 26.390331 20.067919  50.338593 43.423893 
1.240000 1 24 26.751898 20.463444  50.376549 44.145027 
1.250000 1 25 26.781862 20.583300  50.432480 44.380745 
1.260000 1 26 26.822813 20.776070  50.548344 44.461647 
1.270000 1 27 26.352377 20.489412  50.511387 44.188972 
1.280000 1 28 26.824810 20.410507  50.350578 44.099083 
1.290000 1 29 26.610067 20.374550  50.330605 43.808430 
1.300000 1 30 26.856771 20.614264  50.916901 44.246902 
1.310000 1 31 26.882740 20.174789  51.140633 44.097084 
1.320000 1 32 26.550140 20.441471  50.555332 44.065121 
1.330000 1 33 26.750898 20.671194  50.582302 44.608471 
1.340000 1 34 26.843788 20.605274  50.556332 44.256893 
1.350000 1 35 26.898722 20.742109  50.407513 44.627445 
1.360000 1 36 26.529165 20.557331  50.024971 44.512585 
1.370000 1 37 27.162405 20.689173  51.350380 44.610466 
1.380000 1 38 26.950659 20.805035  50.746105 44.938076 
1.390000 1 39 26.945665 20.951859  50.856972 45.024971 
1.400000 1 40 26.957651 20.760088  50.452457 44.705353 
1.410000 1 41 26.990612 20.561327  51.000797 44.681381 
1.420000 1 42 27.193369 20.845985  51.271473 44.927086 
1.430000 1 43 27.349180 20.773073  51.466240 45.048943 
1.440000 1 44 27.647823 20.990810  51.543148 45.155811 
1.450000 1 45 27.325211 21.087694  51.412304 45.211746 
1.460000 1 46 27.319218 21.199560  50.816021 45.129845 
1.470000 1 47 26.927687 20.706152  51.091690 44.917099 
1.480000 1 48 27.587894 21.094687  51.326408 45.350578 
1.490000 1 49 27.117458 20.923891  50.711147 45.126846 
1.500000 1 50 27.305233 21.207550  51.261486 45.254696 
1.510000 1 51 26.700958 20.954855  50.345585 44.816219 
1.520000 1 52 27.441071 20.978825  51.199562 45.287655 
1.530000 1 53 27.137436 20.969835  51.291451 45.128845 
1.540000 1 54 27.610867 21.472233  52.059528 45.872952 
1.550000 1 55 27.092489 21.210546  51.166599 45.552338 
1.560000 1 56 27.419098 21.081701  51.658009 45.323612 
1.570000 1 57 27.567919 21.107672  51.646027 45.369556 
1.580000 1 58 27.629845 21.332401  51.770874 45.706154 
1.590000 1 59 27.654814 21.719936  52.139431 45.976830 
1.600000 1 60 27.737715 21.502197  52.163403 45.780064 
1.610000 1 61 27.202356 21.228525  51.331402 45.618259 
1.620000 1 62 27.460049 21.349380  51.364365 45.695168 
1.630000 1 63 27.504993 21.476229  51.318417 45.832001 
1.640000 1 64 27.539951 21.615063  51.522175 46.096684 
1.650000 1 65 27.223331 21.552137  51.081703 45.960846 
1.660000 1 66 27.883539 21.225529  52.182381 45.829006 
1.670000 1 67 27.550940 21.165602  51.422295 45.608269 
1.680000 1 68 27.755693 21.709948  51.622055 46.024769 
1.690000 1 69 27.237316 21.402317  51.072712 45.801041 
1.700000 1 70 27.616859 21.496204  51.589092 46.160606 
1.710000 1 71 27.860567 21.783859  52.129444 46.402317 
1.720000 1 72 27.976429 21.627048  52.155415 46.113663 
1.730000 1 73 27.412106 21.799841  51.752895 46.062725 
1.740000 1 74 27.886536 21.831802  51.932682 46.521175 
1.750000 1 75 27.880543 21.539152  51.829803 46.292450 
1.760000 1 76 27.936476 21.851778  52.129444 46.573112 
1.770000 1 77 27.350180 21.489212  51.141628 46.165600 
1.780000 1 78 27.982422 21.723930  52.089493 46.547142 
1.790000 1 79 27.754694 21.912704  51.620056 46.545147 
1.800000 1 80 28.031363 21.771873  51.980625 46.439274 
1.810000 1 81 28.267080 21.906712  52.220337 46.731922 
1.820000 1 82 28.292049 21.657011  52.585896 46.367359 
1.830000 1 83 27.814623 21.530165  52.220337 46.376347 
1.840000 1 84 27.889532 21.892729  52.139431 46.870754 
1.850000 1 85 27.796644 22.160408  51.976627 46.977627 
1.860000 1 86 28.066320 21.912704  52.420097 46.766880 
1.870000 1 87 28.006392 21.692968  52.592888 46.757889 
1.880000 1 88 28.273073 22.156412  52.655811 46.982620 
1.890000 1 89 28.210148 21.848782  52.609867 46.681980 
1.900000 1 90 28.230124 22.065521  52.255295 46.919697 
1.910000 1 91 28.382940 21.960648  52.931480 46.844788 
1.920000 1 92 27.992409 21.850779  52.109470 46.638035 
1.930000 1 93 28.229126 22.001598  52.174389 47.102478 
1.940000 1 94 28.210148 21.850779  52.668797 46.675987 
1.950000 1 95 28.524771 21.993608  52.800640 46.741909 
1.960000 1 96 28.253096 22.250299  52.495007 47.191372 
1.970000 1 97 28.225130 22.183380  52.629845 47.320217 
1.980000 1 98 28.239113 22.177387  52.940472 47.373154 
1.990000 1 99 28.490810 22.321215  52.619858 47.315220 
2.000000 2 0 28.596684 22.283260  52.975430 47.136436 
2.010000 2 1 28.400919 21.964642  52.484020 47.252296 
2.020000 2 2 28.538754 22.303236  53.071316 47.535957 
2.030000 2 3 28.334000 22.292250  52.655811 47.424091 
2.040000 2 4 28.439873 22.311226  52.904514 47.418098 
2.050000 2 5 28.596684 21.998602  53.121254 47.099480 
2.060000 2 6 28.028366 22.445066  52.486015 47.260288 
2.070000 2 7 28.554735 22.088493  52.915501 47.469036 
2.080000 2 8 28.689573 22.323212  53.026367 47.476028 
2.090000 2 9 28.569715 22.509989  53.318020 47.696762 
2.100000 2 10 28.356972 22.345186  52.454056 47.948463 
2.110000 2 11 28.279064 22.325211  52.691769 47.216339 
2.120000 2 12 28.835398 22.339193  53.369957 47.535957 
2.130000 2 13 28.755493 22.317219  53.257092 47.459049 
2.140000 2 14 28.304035 22.457052  52.665802 47.574909 
2.150000 2 15 28.491810 22.235317  52.741711 47.498001 
2.160000 2 16 28.989212 22.162405  53.441872 47.177387 
2.170000 2 17 28.590691 22.504993  52.951458 47.845585 
2.180000 2 18 28.036356 22.224331  52.299240 47.467041 
2.190000 2 19 28.660606 22.327208  53.400917 47.813625 
2.200000 2 20 28.681581 22.429085  53.231121 47.555931 
2.210000 2 21 28.928286 22.545944  53.197163 47.786655 
2.220000 2 22 28.533760 22.669796  53.086296 47.895527 
2.230000 2 23 28.760487 22.671793  53.010387 48.044346 
2.240000 2 24 29.194965 22.555933  53.628647 47.776669 
2.250000 2 25 28.923292 22.738714  53.252098 48.087296 
2.260000 2 26 28.486816 22.480024  53.355972 47.676788 
2.270000 2 27 28.733521 22.547943  53.432880 47.893528 
2.280000 2 28 28.840391 22.558929  53.173191 47.895527 
2.290000 2 29 28.954254 22.662806  53.147224 48.266079 
2.300000 2 30 28.793447 22.726728  53.216141 48.289055 
2.310000 2 31 28.838394 22.436077  53.228127 47.547943 
2.320000 2 32 29.060127 22.759687  53.516781 48.041351 
2.330000 2 33 29.165003 22.724730  53.649620 47.829605 
2.340000 2 34 28.823412 22.457052  53.381943 47.669796 
2.350000 2 35 29.042149 22.727726  53.594685 48.177189 
2.360000 2 36 28.901318 22.758690  53.991211 48.270077 
2.370000 2 37 29.152018 22.822613  53.191170 48.429886 
2.380000 2 38 28.225130 22.688774  52.255295 48.003395 
2.390000 2 39 29.085098 22.975430  53.603676 48.247105 
2.400000 2 40 29.167999 22.835598  54.499599 48.270077 
2.410000 2 41 29.366760 22.601877  53.937275 48.013386 
2.420000 2 42 28.872353 23.026369  53.850380 48.230125 
2.430000 2 43 28.970236 22.557930  54.153015 47.847584 
2.440000 2 44 29.026169 22.709749  53.369957 48.196163 
2.450000 2 45 29.109070 23.076309  53.687576 48.604675 
2.460000 2 46 29.202957 22.630842  53.914303 48.301041 
2.470000 2 47 29.104074 22.943468  54.105072 48.590691 
2.480000 2 48 29.360767 22.741711  54.521576 48.013386 
2.490000 2 49 28.665602 22.798641  53.181183 48.232121 
2.500000 2 50 28.979225 22.752697  53.951260 48.476830 
2.510000 2 51 29.268877 23.062325  54.189972 48.797443 
2.520000 2 52 29.035158 23.028366  53.850380 48.451859 
2.530000 2 53 29.114063 22.727726  53.459846 48.518776 
2.540000 2 54 28.952257 22.983419  53.726528 48.480824 
2.550000 2 55 28.826408 22.669796  53.444866 48.052338 
2.560000 2 56 29.342789 22.848581  54.073112 48.331001 
2.570000 2 57 29.145025 23.006392  53.501797 48.452858 
2.580000 2 58 29.182980 23.172194  53.425888 48.755493 
2.590000 2 59 29.690372 23.015381  54.388733 48.223133 
2.600000 2 60 29.368757 22.934479  54.096085 48.696564 
2.610000 2 61 29.447662 23.238113  54.335796 49.008190 
2.620000 2 62 28.994207 22.694767  53.539753 48.110268 
2.630000 2 63 28.876348 22.792648  53.548740 48.489811 
2.640000 2 64 29.600479 23.228127  54.447662 48.842388 
2.650000 2 65 29.452658 22.891531  54.118057 48.798443 
2.660000 2 66 29.400719 23.257092  54.090092 48.827408 
2.670000 2 67 29.661406 23.310028  53.756493 49.077106 
2.680000 2 68 29.241909 23.335997  54.390732 48.901318 
2.690000 2 69 29.537556 23.205154  54.483620 48.954254 
2.700000 2 70 29.357771 23.194166  54.363762 49.155014 
2.710000 2 71 29.181982 23.052338  54.046146 48.493809 
2.720000 2 72 29.353775 23.154215  54.315823 49.183979 
2.730000 2 73 29.560528 23.295046  54.250900 49.183979 
2.740000 2 74 29.496605 23.073313  53.845387 48.904316 
2.750000 2 75 29.472633 23.348982  54.472633 49.345783 
2.760000 2 76 29.427687 23.182182  54.333801 48.879345 
2.770000 2 77 29.536556 23.281063  54.138035 48.954254 
2.780000 2 78 29.300838 23.056332  54.164001 48.988213 
2.790000 2 79 29.490612 23.417898  53.806431 49.106071 
2.800000 2 80 29.043148 23.203156  53.969238 48.782459 
2.810000 2 81 29.312824 23.050339  54.208950 48.982220 
2.820000 2 82 29.655413 23.256092  54.711346 49.248901 
2.830000 2 83 29.490612 23.191170  54.549541 48.942268 
2.840000 2 84 29.372753 23.267080  53.969238 49.135036 
2.850000 2 85 29.720335 23.312025  54.564522 49.230923 
2.860000 2 86 29.177986 23.210148  53.766479 49.074112 
2.870000 2 87 29.084099 23.279064  54.174992 49.388733 
2.880000 2 88 29.379744 23.169197  54.398720 49.100079 
2.890000 2 89 29.581503 23.449860  54.511585 49.224930 
2.900000 2 90 29.877148 23.348982  54.169994 49.134041 
2.910000 2 91 29.775270 23.307032  54.214943 48.826408 
2.920000 2 92 29.799240 23.344986  54.904114 49.192970 
2.930000 2 93 29.991011 23.573711  54.888134 49.463642 
2.940000 2 94 29.725330 23.532761  54.397724 49.461647 
2.950000 2 95 29.736317 23.620655  54.296844 49.582500 
2.960000 2 96 29.776268 23.528765  54.649422 49.606472 
2.970000 2 97 29.954056 23.464842  54.529564 49.241909 
2.980000 2 98 29.755293 23.462845  54.637436 49.396725 
2.990000 2 99 30.182781 23.260088  55.093887 49.420696 
3.000000 3 0 29.722334 23.057331  54.882141 49.187973 
3.010000 3 1 29.758289 23.609669  54.588493 49.566521 
3.020000 3 2 29.490612 23.347982  54.484619 49.011185 
3.030000 3 3 29.928087 23.608669  54.787254 49.556534 
3.040000 3 4 29.906113 23.566719  54.519577 49.496605 
3.050000 3 5 29.718338 23.490810  54.645424 49.544548 
3.060000 3 6 29.555532 23.458849  54.463642 49.403717 
3.070000 3 7 30.166800 23.886337  55.104874 50.007992 
3.080000 3 8 29.683380 23.505793  54.593487 49.238914 
3.090000 3 9 29.939074 23.531761  54.695366 49.694366 
3.100000 3 10 30.111866 23.739513  55.320614 49.502598 
3.110000 3 11 30.299641 23.998201  55.206753 50.098881 
3.120000 3 12 29.843187 23.655613  55.100880 49.847183 
3.130000 3 13 29.919098 23.695566  54.841190 49.578506 
3.140000 3 14 29.869158 23.613663  54.278866 49.754295 
3.150000 3 15 29.888134 23.664602  54.821213 49.804234 
3.160000 3 16 29.794247 23.949261  54.555534 49.939072 
3.170000 3 17 29.918098 23.910307  55.039951 49.762287 
3.180000 3 18 29.867159 23.399920  54.661407 49.604473 
3.190000 3 19 29.597483 23.726528  53.985218 49.543549 
3.200000 3 20 30.093887 23.763483  54.946064 49.800240 
3.210000 3 21 29.829205 23.819416  54.714344 49.733318 
3.220000 3 22 30.446465 23.851377  55.461445 50.073910 
3.230000 3 23 29.929085 23.688574  54.895126 49.802238 
3.240000 3 24 30.364563 23.805433  55.377548 49.912106 
3.250000 3 25 30.328606 23.860367  55.376549 49.830204 
3.260000 3 26 30.081902 23.627647  55.324612 49.789253 
3.270000 3 27 30.227726 23.904314  54.960049 50.157810 
3.280000 3 28 30.115862 23.863363  54.695366 49.906113 
3.290000 3 29 30.169796 24.208950  54.635437 50.135838 
3.300000 3 30 30.462444 23.836397  55.620255 49.821213 
3.310000 3 31 30.123852 24.040152  55.104874 49.884140 
3.320000 3 32 30.044947 23.549740  55.117859 49.788254 
3.330000 3 33 29.905113 23.775469  55.039951 50.178787 
3.340000 3 34 30.269676 23.786457  54.822212 49.933079 
3.350000 3 35 30.059929 23.822412  55.032959 50.081902 
3.360000 3 36 29.748302 23.868359  55.122852 49.966042 
3.370000 3 37 29.819218 23.656612  54.524570 49.791252 
3.380000 3 38 30.053936 23.868359  54.983021 50.066921 
3.390000 3 39 30.222733 23.866360  55.515381 49.784260 
3.400000 3 40 30.434479 23.593687  55.338593 49.895126 
3.410000 3 41 30.242708 23.903316  55.464443 50.018978 
3.420000 3 42 30.293648 23.801437  55.518379 49.950062 
3.430000 3 43 30.040951 24.100080  54.435677 50.196762 
3.440000 3 44 30.156813 23.909309  55.354576 50.130844 
3.450000 3 45 29.970036 23.988214  54.357769 50.101879 
3.460000 3 46 30.553335 24.022173  55.238712 50.169796 
3.470000 3 47 30.576309 23.808430  55.291649 49.985020 
3.480000 3 48 30.094887 24.002197  54.939072 50.014980 
3.490000 3 49 30.175789 24.120056  55.102875 50.169796 
3.500000 3 50 30.106873 23.916300  55.376549 50.252697 
3.510000 3 51 30.196764 23.630644  54.900120 49.876148 
3.520000 3 52 30.245705 24.088095  55.374550 50.023972 
3.530000 3 53 30.723133 24.097084  55.728127 50.351578 
3.540000 3 54 30.003996 23.889334  54.519577 50.181782 
3.550000 3 55 30.544346 24.107071  55.547344 50.590290 
3.560000 3 56 30.613264 23.882341  55.687176 50.456451 
3.570000 3 57 30.591290 23.998201  55.781063 50.118858 
3.580000 3 58 30.265680 23.888334  55.127846 50.258690 
3.590000 3 59 30.469437 24.025169  55.327606 50.365562 
3.600000 3 60 30.373552 24.150021  55.525368 50.534359 
3.610000 3 61 30.043947 23.891331  54.847183 50.262684 
3.620000 3 62 30.441471 24.179983  55.656212 50.858971 
3.630000 3 63 30.225729 24.068119  55.018978 50.160809 
3.640000 3 64 30.551338 24.010187  55.309628 50.345585 
3.650000 3 65 30.555334 23.845385  55.616261 50.190769 
3.660000 3 66 30.749102 24.129045  55.635239 50.345585 
3.670000 3 67 30.651218 24.185976  55.595287 50.136837 
3.680000 3 68 30.574310 24.120056  55.440472 50.476429 
3.690000 3 69 30.890930 24.033159  56.150620 50.224731 
3.700000 3 70 30.443468 23.885338  55.239712 50.337593 
3.710000 3 71 30.191771 23.838394  55.051937 50.201759 
3.720000 3 72 31.040751 24.258890  56.120655 50.456451 
3.730000 3 73 30.337595 24.317818  55.320614 50.428486 
3.740000 3 74 30.758091 24.014183  55.637234 50.485416 
3.750000 3 75 30.490412 24.233919  55.268677 50.773071 
3.760000 3 76 30.670197 23.958250  55.918896 50.390530 
3.770000 3 77 30.502398 23.947264  55.102875 50.371555 
3.780000 3 78 30.296644 24.494606  55.549339 50.465443 
3.790000 3 79 30.664204 24.154015  55.243706 50.669197 
3.800000 3 80 30.898922 24.381742  55.947861 50.688175 
3.810000 3 81 30.337595 24.278866  55.544346 50.549339 
3.820000 3 82 30.543348 24.088095  55.669197 50.443466 
3.830000 3 83 30.627247 24.591490  55.995804 51.138634 
3.840000 3 84 31.100679 24.100080  56.266479 50.617260 
3.850000 3 85 30.323612 24.278866  55.152817 50.628246 
3.860000 3 86 30.280663 24.219936  55.288654 50.512386 
3.870000 3 87 30.532362 24.097084  55.843987 50.528366 
3.880000 3 88 30.526369 24.385736  56.120655 50.903915 
3.890000 3 89 30.360567 24.152018  55.548344 50.634239 
3.900000 3 90 30.390532 24.439672  55.663204 50.859966 
3.910000 3 91 30.636236 24.332800  55.808029 50.598282 
3.920000 3 92 30.620256 24.110067  55.418499 50.558331 
3.930000 3 93 30.451458 24.297842  55.705154 50.922894 
3.940000 3 94 30.629246 24.046144  55.769077 50.851978 
3.950000 3 95 30.771074 23.887335  55.827007 50.441471 
3.960000 3 96 30.824011 24.473631  55.891930 51.242508 
3.970000 3 97 30.933880 24.469637  56.184578 50.939873 
3.980000 3 98 30.988813 24.176987  56.522175 50.654217 
3.990000 3 99 30.646225 24.500599  55.855972 51.197563 
4.000000 4 0 30.981821 24.307831  56.592091 51.208549 
4.010000 4 1 31.009789 24.272873  56.483219 50.877945 
4.020000 4 2 30.678186 24.560528  55.981823 50.938873 
4.030000 4 3 31.169596 24.363764  56.257492 50.945866 
4.040000 4 4 30.993807 24.509588  56.168598 50.959846 
4.050000 4 5 30.547342 24.259888  55.648224 50.643227 
4.060000 4 6 30.704155 24.340792  55.257690 50.673191 
4.070000 4 7 30.955853 24.145025  55.810028 50.900917 
4.080000 4 8 30.745106 24.427687  55.682182 51.112663 
4.090000 4 9 30.472433 24.218937  55.571316 50.493408 
4.100000 4 10 30.573313 24.500599  56.065720 51.085697 
4.110000 4 11 30.857971 24.598482  56.666000 51.070717 
4.120000 4 12 31.121655 24.595486  56.598083 51.267479 
4.130000 4 13 30.995806 24.382740  55.965839 51.015781 
4.140000 4 14 30.619257 24.588493  55.826008 51.124649 
4.150000 4 15 30.238714 23.997204  55.212746 50.663204 
4.160000 4 16 31.100679 24.554535  56.217541 51.144627 
4.170000 4 17 30.663204 24.442669  56.114662 51.090691 
4.180000 4 18 31.005793 24.397722  55.886936 51.147621 
4.190000 4 19 30.948862 24.265881  56.274471 51.100677 
4.200000 4 20 30.764084 24.516581  56.084698 51.138634 
4.210000 4 21 30.923891 24.305834  56.210548 50.927887 
4.220000 4 22 30.714144 24.338793  55.890930 51.081703 
4.230000 4 23 30.694166 24.347782  56.019775 51.210548 
4.240000 4 24 31.090691 24.565521  56.548141 51.370354 
4.250000 4 25 30.742109 24.875151  56.299442 51.247501 
4.260000 4 26 31.113663 24.222933  56.165600 50.942867 
4.270000 4 27 30.694166 24.545546  56.124649 51.245506 
4.280000 4 28 30.941870 24.361767  56.441269 51.013783 
4.290000 4 29 30.918898 24.865162  55.936874 51.504196 
4.300000 4 30 31.044746 24.672394  56.892727 51.070717 
4.310000 4 31 30.679186 24.631443  56.096684 51.306431 
4.320000 4 32 30.957851 24.423691  56.491211 51.298443 
4.330000 4 33 31.056732 24.628447  56.745903 51.540154 
4.340000 4 34 31.238514 24.541550  56.532162 51.213543 
4.350000 4 35 31.075708 24.514582  56.131641 50.962845 
4.360000 4 36 30.940870 24.711346  56.677986 51.351379 
4.370000 4 37 30.962845 24.744307  56.682980 51.374352 
4.380000 4 38 30.540352 24.469637  55.758091 51.038754 
4.390000 4 39 30.947863 24.596485  56.415302 51.352379 
4.400000 4 40 30.910908 24.737316  55.947861 51.231522 
4.410000 4 41 31.100679 24.780264  56.678986 51.477226 
4.420000 4 42 31.335398 24.704355  56.671993 51.866760 
4.430000 4 43 31.017778 24.473631  56.633041 51.197563 
4.440000 4 44 31.180584 24.673391  56.685978 51.570114 
4.450000 4 45 31.081701 24.604475  56.586098 51.519176 
4.460000 4 46 31.021774 24.686377  56.261486 51.607071 
4.470000 4 47 30.970835 24.949060  56.233521 51.676987 
4.480000 4 48 31.068718 24.571514  56.836796 51.131641 
4.490000 4 49 30.995806 24.814222  56.673992 51.406311 
4.500000 4 50 31.258490 24.526567  56.639034 51.294445 
4.510000 4 51 31.054735 24.720335  56.475231 51.554134 
4.520000 4 52 31.150620 25.011986  56.288452 51.614063 
4.530000 4 53 31.213543 24.409708  56.333401 51.247501 
4.540000 4 54 31.281462 24.686377  56.941669 51.562126 
4.550000 4 55 31.546144 24.675390  56.677986 51.158611 
4.560000 4 56 31.098682 24.930084  56.438274 51.565121 
4.570000 4 57 30.735117 24.719337  55.863964 51.534161 
4.580000 4 58 30.699162 24.524570  56.126648 51.488213 
4.590000 4 59 31.101679 24.680384  56.038754 51.514183 
4.600000 4 60 30.698162 24.795246  56.329403 51.566120 
4.610000 4 61 31.239513 24.904116  56.607071 51.483219 
4.620000 4 62 31.270475 24.629444  56.065720 51.575111 
4.630000 4 63 30.869957 24.679384  56.460247 51.556133 
4.640000 4 64 31.207550 24.948063  56.664001 51.724930 
4.650000 4 65 31.159609 24.899120  56.778866 51.758888 
4.660000 4 66 31.415302 24.831203  57.063522 51.829803 
4.670000 4 67 31.187574 24.764282  56.732922 51.693966 
4.680000 4 68 31.618059 24.894127  56.817818 51.692970 
4.690000 4 69 31.088694 24.447662  57.054535 51.427288 
4.700000 4 70 31.050739 24.737316  55.923893 51.613064 
4.710000 4 71 31.371355 24.985018  56.743908 51.686977 
4.720000 4 72 31.215542 24.897123  56.429283 51.788853 
4.730000 4 73 31.399321 24.924091  56.555134 51.871754 
4.740000 4 74 31.057732 24.829205  56.306431 51.570114 
4.750000 4 75 31.370356 24.873152  56.123653 51.729923 
4.760000 4 76 31.464243 25.035957  56.802837 51.733921 
4.770000 4 77 31.453257 24.928087  57.213345 51.664001 
4.780000 4 78 31.398321 24.848183  56.869755 51.704952 
4.790000 4 79 31.499201 24.734320  56.778866 51.695965 
4.800000 4 80 31.294447 24.951059  56.777866 51.677986 
4.810000 4 81 31.405313 24.915102  56.271473 51.634041 
4.820000 4 82 31.176588 24.673391  56.412304 51.708950 
4.830000 4 83 31.230524 24.873152  56.635036 51.765881 
4.840000 4 84 31.335398 25.100880  56.703957 51.802837 
4.850000 4 85 31.311426 25.075909  56.747902 51.980625 
4.860000 4 86 31.506193 24.889133  56.441269 51.670994 
4.870000 4 87 31.394327 24.998003  57.105473 51.828804 
4.880000 4 88 31.456253 24.908110  57.114464 52.013584 
4.890000 4 89 31.323412 25.083899  56.805832 52.119457 
4.900000 4 90 31.284458 25.049940  56.939671 51.842789 
4.910000 4 91 31.368359 25.187775  56.828804 52.426090 
4.920000 4 92 31.316420 25.042948  56.835796 52.034557 
4.930000 4 93 31.333401 24.865162  57.036556 51.803837 
4.940000 4 94 31.308430 24.980024  57.305233 51.707951 
4.950000 4 95 30.835997 24.979025  56.570114 51.587097 
4.960000 4 96 31.235518 25.222733  56.823811 52.086494 
4.970000 4 97 31.106672 25.136835  56.649021 52.233318 
4.980000 4 98 31.606073 24.981022  56.871754 51.730923 
4.990000 4 99 31.491211 25.172792  57.259289 52.205353 
5.000000 5 0 31.040751 25.022972  56.698959 51.862766 
5.010000 5 1 31.340391 24.882141  55.973831 51.838795 
5.020000 5 2 31.468239 25.341591  56.598083 52.021576 
5.030000 5 3 31.469236 25.012985  56.735916 51.979626 
5.040000 5 4 31.489212 24.945066  57.214344 52.226330 
5.050000 5 5 31.023771 25.306631  56.565121 52.157410 
5.060000 5 6 31.633039 24.849180  56.712944 51.864761 
5.070000 5 7 31.081701 24.746304  56.494205 51.991611 
5.080000 5 8 31.377348 24.961046  57.140430 51.963642 
5.090000 5 9 31.524172 25.139832  56.795845 52.026569 
5.100000 5 10 31.678986 24.852177  57.342190 51.788853 
5.110000 5 11 31.369356 25.188774  56.841789 52.369156 
5.120000 5 12 31.428286 25.232721  56.746902 52.495007 
5.130000 5 13 31.048742 25.187775  56.542149 52.006592 
5.140000 5 14 31.393328 25.152817  56.913704 52.185379 
5.150000 5 15 31.430285 25.292648  57.196365 52.282261 
5.160000 5 16 31.158609 24.904116  56.318417 51.927689 
5.170000 5 17 31.905714 25.119856  57.245304 52.458050 
5.180000 5 18 31.442268 25.344587  56.496204 52.322212 
5.190000 5 19 31.618059 25.187775  56.746902 52.171394 
5.200000 5 20 31.359369 25.308630  57.106472 52.362164 
5.210000 5 21 31.707951 25.364563  57.143429 52.271275 
5.220000 5 22 31.715940 25.082901  57.377148 51.859768 
5.230000 5 23 31.404314 24.990011  57.118458 52.051537 
5.240000 5 24 31.804834 24.922094  57.313225 52.100479 
5.250000 5 25 31.552137 25.115862  56.704952 52.185379 
5.260000 5 26 31.251497 25.096884  56.581104 52.120457 
5.270000 5 27 31.376348 25.212744  57.089493 51.771873 
5.280000 5 28 31.530165 25.094887  56.659008 51.924690 
5.290000 5 29 31.871754 25.303637  57.422092 52.279266 
5.300000 5 30 31.555134 25.169796  57.004593 52.117458 
5.310000 5 31 31.747902 25.306631  57.417099 52.279266 
5.320000 5 32 31.810827 25.136835  57.483021 52.295246 
5.330000 5 33 31.716940 25.209749  57.201359 52.251297 
5.340000 5 34 31.169596 24.906113  56.446266 51.869755 
5.350000 5 35 31.168598 25.254694  56.007790 51.855774 
5.360000 5 36 31.616060 25.120855  56.957649 52.106472 
5.370000 5 37 31.597084 25.376549  57.412106 52.459049 
5.380000 5 38 32.099480 25.395525  57.347183 52.465042 
5.390000 5 39 31.695965 25.590292  57.231323 52.571915 
5.400000 5 40 31.813824 25.366560  57.172394 52.652817 
5.410000 5 41 31.811827 25.346584  57.594887 52.525970 
5.420000 5 42 31.793848 25.126848  56.951656 52.162407 
5.430000 5 43 31.542149 25.122852  56.992607 52.095486 
5.440000 5 44 31.636036 25.572313  57.282261 52.405113 
5.450000 5 45 31.277468 24.889133  56.799839 51.831802 
5.460000 5 46 31.874750 25.256693  57.849579 52.181381 
5.470000 5 47 31.753895 25.345585  57.307232 52.549938 
5.480000 5 48 31.646025 25.034958  57.427086 52.238316 
5.490000 5 49 31.974630 25.336596  57.284260 52.383141 
5.500000 5 50 31.783859 25.180782  57.575909 52.233318 
5.510000 5 51 31.809828 25.329605  57.530964 52.045544 
5.520000 5 52 31.857771 25.130842  57.229324 52.177387 
5.530000 5 53 32.008591 25.337595  57.427086 52.649818 
5.540000 5 54 32.101479 25.493408  57.290253 52.770676 
5.550000 5 55 31.745905 25.689173  57.285259 52.561924 
5.560000 5 56 31.584099 25.320616  56.929684 52.406113 
5.570000 5 57 31.667999 25.421494  57.396126 52.205353 
5.580000 5 58 32.097485 25.377546  57.181381 52.682781 
5.590000 5 59 31.609070 25.372553  56.882740 52.333199 
5.600000 5 60 31.977627 25.455454  57.349182 52.549938 
5.610000 5 61 31.969637 25.136835  57.206352 52.146423 
5.620000 5 62 31.808830 25.439472  57.681782 52.538952 
5.630000 5 63 32.090492 25.415501  57.858570 52.475029 
5.640000 5 64 31.877747 25.510387  57.362164 52.546944 
5.650000 5 65 31.956652 25.418497  57.595886 52.647823 
5.660000 5 66 32.166401 25.258690  57.473034 52.385139 
5.670000 5 67 32.043549 25.331602  57.868557 52.637836 
5.680000 5 68 31.779863 25.126848  57.446064 52.225330 
5.690000 5 69 31.618059 25.468437  57.051537 52.680782 
5.700000 5 70 31.771873 25.220736  57.508987 52.463043 
5.710000 5 71 31.519176 25.191771  57.322212 52.461048 
5.720000 5 72 32.012585 25.385538  57.721733 52.729725 
5.730000 5 73 32.085499 25.379545  57.705753 52.573910 
5.740000 5 74 31.992609 25.590292  57.844585 52.991409 
5.750000 5 75 32.011585 25.545345  57.112465 52.651817 
5.760000 5 76 31.710947 25.400520  57.275269 52.597881 
5.770000 5 77 31.934679 25.716141  57.677788 52.770676 
5.780000 5 78 31.802837 25.443468  57.216339 52.695766 
5.790000 5 79 31.713943 25.474430  57.555931 52.615860 
5.800000 5 80 31.978626 25.379545  57.648823 52.708748 
5.810000 5 81 31.577108 25.287655  56.938675 52.475029 
5.820000 5 82 32.176388 25.648222  57.728725 52.746704 
5.830000 5 83 31.647024 25.459448  57.247303 52.650818 
5.840000 5 84 32.262287 25.548342  58.162205 52.792648 
5.850000 5 85 32.058529 25.507391  58.067318 52.771675 
5.860000 5 86 31.828806 25.384539  57.730724 52.784657 
5.870000 5 87 31.839792 25.380543  57.460049 52.412106 
5.880000 5 88 32.109470 25.748102  57.803635 52.783661 
5.890000 5 89 32.043549 25.475430  57.760689 52.481022 
5.900000 5 90 32.245304 25.411507  57.477028 52.788654 
5.910000 5 91 32.084499 25.631243  57.479027 53.138233 
5.920000 5 92 31.980623 25.590292  57.581902 52.706753 
5.930000 5 93 31.996605 25.522373  57.523972 52.536957 
5.940000 5 94 31.881742 25.201757  57.073513 52.448063 
5.950000 5 95 31.998602 25.586296  57.430084 52.823612 
5.960000 5 96 31.867758 25.397524  57.453056 52.682781 
5.970000 5 97 32.238316 25.174789  57.643826 52.458050 
5.980000 5 98 32.242310 25.480423  57.370155 52.566921 
5.990000 5 99 32.290253 25.573313  58.165203 52.903515 
6.000000 6 0 32.132442 25.755095  57.760689 52.879543 
6.010000 6 1 32.052536 25.715141  57.454056 53.058331 
6.020000 6 2 32.027569 25.730124  57.525970 53.138233 
6.030000 6 3 31.990612 25.218737  57.199360 52.883541 
6.040000 6 4 32.111465 25.557331  57.384140 52.796642 
6.050000 6 5 32.000599 25.398521  57.658810 52.986416 
6.060000 6 6 32.148422 25.599281  57.517979 52.794647 
6.070000 6 7 32.011585 25.381542  57.820614 52.932480 
6.080000 6 8 32.100479 25.307631  57.598881 52.732719 
6.090000 6 9 31.972633 25.461447  57.523972 52.900520 
6.100000 6 10 31.652018 25.572313  57.597881 53.017380 
6.110000 6 11 31.694965 25.388535  57.246304 52.766682 
6.120000 6 12 32.265282 25.587296  58.055332 52.767677 
6.130000 6 13 31.657011 25.433479  57.150421 52.684780 
6.140000 6 14 32.293247 25.625250  57.985416 52.965443 
6.150000 6 15 32.238316 25.553335  57.889534 52.907513 
6.160000 6 16 32.309231 25.581303  57.735718 52.811626 
6.170000 6 17 32.217339 25.681183  57.828606 52.966442 
6.180000 6 18 32.068520 25.697163  58.152218 52.893528 
6.190000 6 19 32.082500 25.349581  57.673790 52.662804 
6.200000 6 20 31.418299 25.537355  56.977627 52.725731 
6.210000 6 21 32.051537 25.733120  57.396126 53.055332 
6.220000 6 22 32.088493 25.748102  57.550938 53.161205 
6.230000 6 23 32.034557 25.471434  57.798641 52.744705 
6.240000 6 24 31.747902 25.596285  57.018578 52.733719 
6.250000 6 25 32.175388 25.836996  57.784657 53.009388 
6.260000 6 26 32.150421 25.509388  58.111267 52.833599 
6.270000 6 27 32.096485 25.459448  58.127247 52.762684 
6.280000 6 28 32.207352 25.404514  57.596882 52.479027 
6.290000 6 29 32.178387 25.553335  58.071316 52.697762 
6.300000 6 30 32.539951 25.701159  58.284058 52.965443 
6.310000 6 31 32.039551 25.725130  57.571915 53.188175 
6.320000 6 32 32.279266 25.554335  57.861565 53.113262 
6.330000 6 33 32.302238 25.644226  57.519978 53.034359 
6.340000 6 34 32.158409 25.698162  57.726727 53.269077 
6.350000 6 35 32.187374 25.985817  57.649818 53.256092 
6.360000 6 36 32.074512 25.713144  57.596882 52.797642 
6.370000 6 37 32.400120 25.721134  58.240112 53.080303 
6.380000 6 38 31.792849 25.622253  57.418098 52.889534 
6.390000 6 39 32.354176 25.768078  58.256092 53.464844 
6.400000 6 40 31.819817 25.761087  57.456051 52.964443 
6.410000 6 41 32.542950 25.476429  58.142231 52.734718 
6.420000 6 42 31.837795 25.263683  57.211346 52.601879 
6.430000 6 43 32.274269 25.860968  57.687775 53.095287 
6.440000 6 44 32.322212 25.474430  57.519978 52.686775 
6.450000 6 45 32.360168 25.772074  57.917500 53.326008 
6.460000 6 46 32.412106 25.988813  57.571915 53.382942 
6.470000 6 47 32.146423 25.575310  57.791649 53.045345 
6.480000 6 48 31.898722 25.698162  57.600880 53.004395 
6.490000 6 49 32.517979 25.978825  58.377945 53.185177 
6.500000 6 50 32.258289 25.746105  58.145226 53.379944 
6.510000 6 51 32.122452 25.870955  57.996403 53.200161 
6.520000 6 52 31.902718 25.793049  57.980423 53.306034 
6.530000 6 53 31.961645 25.711147  57.887535 52.935478 
6.540000 6 54 32.151417 25.582302  57.414104 52.972431 
6.550000 6 55 32.054535 25.867958  57.736717 53.240112 
6.560000 6 56 32.373154 25.695166  57.835598 53.223133 
6.570000 6 57 32.357170 25.840990  57.846584 53.238113 
6.580000 6 58 32.428085 25.919895  58.415901 53.314022 
6.590000 6 59 32.472034 25.399521  58.399921 53.180183 
6.600000 6 60 32.269276 25.925888  57.660809 53.302036 
6.610000 6 61 31.999601 25.707151  56.981621 52.826607 
6.620000 6 62 32.222332 25.785057  57.638832 53.084297 
6.630000 6 63 32.638832 25.718138  58.339993 53.111267 
6.640000 6 64 32.205353 25.847982  57.708748 53.104275 
6.650000 6 65 32.696762 25.864962  58.199162 53.372952 
6.660000 6 66 32.601879 26.038754  58.060329 53.465839 
6.670000 6 67 32.368156 25.712145  58.662605 53.223133 
6.680000 6 68 32.395126 25.841990  58.140232 53.286057 
6.690000 6 69 32.242310 25.306631  58.069317 52.651817 
6.700000 6 70 32.451057 25.989813  57.911507 53.230125 
6.710000 6 71 32.258289 26.204554  58.151218 53.766479 
6.720000 6 72 32.284260 25.814024  57.992409 53.281063 
6.730000 6 73 32.802635 25.866961  58.661606 53.512783 
6.740000 6 74 32.780663 25.792049  58.640633 53.307030 
6.750000 6 75 32.461048 25.832001  58.157211 53.046345 
6.760000 6 76 32.213345 25.540352  57.676788 53.130245 
6.770000 6 77 32.351177 25.852976  58.419895 53.336994 
6.780000 6 78 32.471035 25.705154  58.250099 52.918499 
6.790000 6 79 32.591888 25.864962  58.770477 53.142231 
6.800000 6 80 32.442070 25.807032  58.128246 53.074310 
6.810000 6 81 32.650818 25.906912  58.703556 53.392929 
6.820000 6 82 32.494007 25.764084  58.574711 53.405914 
6.830000 6 83 32.504993 25.475430  58.077309 52.942471 
6.840000 6 84 32.409107 25.837994  58.040352 53.594685 
6.850000 6 85 32.340191 25.886936  57.617859 53.341991 
6.860000 6 86 32.498001 25.726130  58.373951 53.272072 
6.870000 6 87 32.134438 25.706152  57.998402 53.046345 
6.880000 6 88 32.368156 25.952856  58.172192 53.594685 
6.890000 6 89 32.252296 25.966841  58.388935 53.458851 
6.900000 6 90 32.450062 26.104675  58.425888 53.427887 
6.910000 6 91 32.566921 25.934877  58.264084 53.393929 
6.920000 6 92 32.575909 25.877947  58.096283 53.410908 
6.930000 6 93 32.510986 26.195566  58.272072 53.728527 
6.940000 6 94 32.645824 26.049740  58.595684 53.734520 
6.950000 6 95 32.428085 26.131641  58.512783 53.449860 
6.960000 6 96 32.349182 26.044746  58.074310 53.493809 
6.970000 6 97 32.389133 25.918898  58.131241 53.572712 
6.980000 6 98 32.456051 25.764084  58.343987 53.441872 
6.990000 6 99 32.607872 26.133640  58.038353 53.436874 
7.000000 7 0 32.719738 26.025768  58.662605 53.549740 
7.010000 7 1 32.546944 25.580303  57.956451 53.016380 
7.020000 7 2 32.915501 26.325409  58.573711 53.593689 
7.030000 7 3 32.857571 25.905912  58.771473 53.485817 
7.040000 7 4 32.279266 25.814024  58.231121 53.370956 
7.050000 7 5 32.580902 26.165602  58.306034 53.778465 
7.060000 7 6 32.591888 25.645226  57.991409 52.930485 
7.070000 7 7 32.103477 25.822014  58.052338 53.228127 
7.080000 7 8 32.276268 25.887934  57.966442 53.170197 
7.090000 7 9 32.372154 26.134638  58.265083 53.725529 
7.100000 7 10 32.380142 25.985817  58.498802 53.689571 
7.110000 7 11 32.365162 26.098682  57.470036 53.369957 
7.120000 7 12 32.407112 25.662205  58.207153 53.049339 
7.130000 7 13 32.378147 26.172592  58.406910 53.622654 
7.140000 7 14 32.575909 26.244507  58.280064 53.953255 
7.150000 7 15 32.555931 26.007792  58.511787 53.563725 
7.160000 7 16 32.482021 25.778067  58.048344 53.457851 
7.170000 7 17 32.596882 26.060728  58.723534 53.518776 
7.180000 7 18 32.648823 26.045746  58.848381 53.525768 
7.190000 7 19 32.802635 26.232521  58.423893 53.821415 
7.200000 7 20 32.700760 26.147623  58.893330 53.486816 
7.210000 7 21 32.738712 25.904915  58.628647 53.450859 
7.220000 7 22 32.902515 26.248503  58.512783 53.853374 
7.230000 7 23 32.835598 26.101679  58.716541 53.956253 
7.240000 7 24 32.973431 26.133640  58.682579 53.529766 
7.250000 7 25 32.778667 26.018778  58.646626 53.571712 
7.260000 7 26 32.548943 26.095686  58.573711 53.782459 
7.270000 7 27 32.730724 25.964842  58.532761 53.503796 
7.280000 7 28 32.743706 25.974831  58.803436 53.752499 
7.290000 7 29 32.401119 25.824011  57.924492 53.223133 
7.300000 7 30 32.619858 26.285458  58.607670 53.675591 
7.310000 7 31 33.207153 26.120655  58.747501 53.814423 
7.320000 7 32 32.642830 26.233521  58.513783 53.533760 
7.330000 7 33 32.667797 26.168598  58.281063 53.802437 
7.340000 7 34 32.782661 25.995806  58.227127 53.511787 
7.350000 7 35 32.504993 26.249500  58.308029 53.942268 
7.360000 7 36 32.586895 25.792049  57.815620 53.347984 
7.370000 7 37 32.775669 26.356373  58.618656 53.614662 
7.380000 7 38 32.624851 26.172592  58.483818 53.725529 
7.390000 7 39 32.996403 26.189573  58.494804 53.785458 
7.400000 7 40 32.409107 26.020775  58.671593 53.617661 
7.410000 7 41 32.878544 26.300440  58.806431 53.880344 
7.420000 7 42 32.632839 26.142630  58.559727 53.635635 
7.430000 7 43 32.698761 26.194567  58.402916 53.587696 
7.440000 7 44 32.414104 26.124651  58.595684 53.695564 
7.450000 7 45 32.716740 26.333401  58.776466 54.096085 
7.460000 7 46 32.404114 26.143627  58.572712 53.794445 
7.470000 7 47 32.516979 26.276468  58.216141 53.637634 
7.480000 7 48 32.555931 25.925888  58.421894 53.567719 
7.490000 7 49 32.825611 26.233521  58.755493 53.747501 
7.500000 7 50 32.782661 26.260487  58.663605 53.996204 
7.510000 7 51 32.894527 26.486216  58.881344 53.974232 
7.520000 7 52 32.314224 25.834997  57.791649 53.424889 
7.530000 7 53 32.774670 26.165602  58.356972 53.715542 
7.540000 7 54 32.709747 26.036757  58.701557 53.644627 
7.550000 7 55 32.500999 26.052736  58.450859 53.470837 
7.560000 7 56 32.666801 25.653215  58.393929 53.300041 
7.570000 7 57 32.674789 26.150620  58.645626 53.970234 
7.580000 7 58 32.806633 26.139633  58.716541 53.878345 
7.590000 7 59 32.666801 25.941870  58.947262 53.595684 
7.600000 7 60 32.713745 26.243507  58.799442 53.810429 
7.610000 7 61 32.682781 26.442268  58.294048 53.867359 
7.620000 7 62 32.633839 26.353376  58.803436 53.760487 
7.630000 7 63 32.465042 26.294447  57.756691 53.723534 
7.640000 7 64 32.772675 26.337395  58.959248 53.958252 
7.650000 7 65 32.774670 26.312426  58.466839 53.755493 
7.660000 7 66 32.780663 26.287455  58.575710 54.119057 
7.670000 7 67 32.763683 26.051739  58.750500 53.583698 
7.680000 7 68 32.378147 25.834000  57.969437 53.252098 
7.690000 7 69 32.778667 26.278465  58.463844 53.997204 
7.700000 7 70 32.855572 26.072712  59.024170 53.443867 
7.710000 7 71 32.529964 26.420296  58.513783 54.236916 
7.720000 7 72 32.612865 26.530165  58.261086 53.828407 
7.730000 7 73 32.648823 26.115662  58.411907 53.915302 
7.740000 7 74 32.583900 26.253496  58.652618 53.826408 
7.750000 7 75 32.788654 26.016779  58.719536 53.603676 
7.760000 7 76 32.720734 26.317419  58.753494 54.144028 
7.770000 7 77 32.666801 26.234518  58.375950 53.790451 
7.780000 7 78 32.463043 26.223532  58.323013 53.894325 
7.790000 7 79 32.703754 26.240511  58.696564 54.043148 
7.800000 7 80 32.926487 26.437275  58.866360 54.054134 
7.810000 7 81 32.916500 26.293447  58.877346 53.897324 
7.820000 7 82 32.736717 26.462246  58.308029 53.739513 
7.830000 7 83 32.694767 26.367359  58.358971 54.001198 
7.840000 7 84 32.959450 26.372353  58.616661 53.863365 
7.850000 7 85 32.954456 26.464243  59.203957 53.976227 
7.860000 7 86 32.517979 26.237514  58.200161 53.711548 
7.870000 7 87 32.871555 26.328405  58.723534 53.953255 
7.880000 7 88 32.986416 26.307430  58.540752 53.852379 
7.890000 7 89 32.271275 26.440271  58.096283 53.802437 
7.900000 7 90 32.855572 26.318419  58.618656 54.074112 
7.910000 7 91 32.569916 26.139633  58.489811 53.686577 
7.920000 7 92 32.484020 25.985817  58.044346 53.745506 
7.930000 7 93 32.908508 26.068718  58.653614 53.697563 
7.940000 7 94 32.266281 26.586096  57.915501 54.057133 
7.950000 7 95 32.741711 26.160606  58.755493 54.047142 
7.960000 7 96 32.866562 26.509190  58.923290 53.932281 
7.970000 7 97 32.844585 26.081701  58.516781 53.607670 
7.980000 7 98 32.702755 26.257490  58.677586 53.922295 
7.990000 7 99 32.720734 26.568119  58.351978 54.055134 
8.000000 8 0 33.064323 26.495205  59.225929 54.285858 
8.010000 8 1 33.223133 26.516180  59.487614 54.513584 
8.020000 8 2 33.305035 26.762884  59.289852 54.556534 
8.030000 8 3 33.307030 26.819817  59.568520 54.640430 
8.040000 8 4 33.330006 26.843788  59.593487 54.693367 
8.050000 8 5 33.210148 26.823811  59.269875 54.907112 
8.060000 8 6 33.334999 26.968637  59.388733 54.854176 
8.070000 8 7 33.395924 26.548141  59.536556 54.390732 
8.080000 8 8 33.560726 26.748901  59.547543 54.774269 
8.090000 8 9 33.411907 26.877747  59.528564 54.794247 
8.100000 8 10 33.312027 26.639032  59.299839 54.461647 
8.110000 8 11 33.348980 26.479225  59.446663 54.311825 
8.120000 8 12 33.341991 26.773870  59.420696 54.663403 
8.130000 8 13 33.402916 26.701958  59.311825 54.557529 
8.140000 8 14 33.316021 26.785856  59.479626 54.605473 
8.150000 8 15 33.423893 26.844786  59.560528 54.987015 
8.160000 8 16 33.491810 26.605074  59.336796 54.685379 
8.170000 8 17 33.490810 26.530165  59.601479 54.487614 
8.180000 8 18 33.515781 26.952658  59.482620 54.598480 
8.190000 8 19 33.368958 27.015581  59.551537 54.831203 
8.200000 8 20 33.375950 26.638035  59.500599 54.778267 
8.210000 8 21 33.434879 26.810827  59.334797 54.573513 
8.220000 8 22 33.329006 26.548141  59.148022 54.375748 
8.230000 8 23 33.341991 26.849781  59.163006 54.522572 
8.240000 8 24 33.601677 26.851778  59.599480 54.751297 
8.250000 8 25 33.411907 26.965641  59.582500 55.038952 
8.260000 8 26 33.342987 26.639032  59.508591 54.586494 
8.270000 8 27 33.375950 26.922693  59.415703 54.914104 
8.280000 8 28 33.413902 26.703955  59.447662 54.412704 
8.290000 8 29 33.177189 27.049541  59.181980 54.799240 
8.300000 8 30 33.356972 26.961645  59.717339 54.908112 
8.310000 8 31 33.279064 26.634039  59.512585 54.579506 
8.320000 8 32 33.485817 26.683979  59.581501 54.702358 
8.330000 8 33 33.451859 26.747902  59.508591 54.546543 
8.340000 8 34 33.546745 26.924690  59.395725 54.655415 
8.350000 8 35 33.451859 27.068518  59.312824 55.033958 
8.360000 8 36 33.348980 26.682980  59.255894 54.875149 
8.370000 8 37 33.531761 26.958649  59.546543 54.786255 
8.380000 8 38 33.426888 26.806831  59.481621 54.905113 
8.390000 8 39 33.534760 26.689972  59.419697 54.684380 
8.400000 8 40 33.354973 26.683979  59.275867 54.886135 
8.410000 8 41 33.347984 26.645025  59.330803 54.915100 
8.420000 8 42 33.481823 26.980623  59.436676 54.832203 
8.430000 8 43 33.517780 26.695965  59.261887 54.860168 
8.440000 8 44 33.530762 26.628046  59.434677 54.781261 
8.450000 8 45 33.260086 26.759888  59.305832 54.676388 
8.460000 8 46 33.476830 26.968637  59.360767 54.626450 
8.470000 8 47 33.650620 26.814823  59.764282 54.798241 
8.480000 8 48 33.648621 26.883739  59.840191 54.672394 
8.490000 8 49 33.698563 26.970634  59.622452 54.917099 
8.500000 8 50 33.446865 27.101479  59.701359 55.126846 
8.510000 8 51 33.549740 26.770874  60.012985 54.889133 
8.520000 8 52 33.433880 26.859768  59.374752 54.689373 
8.530000 8 53 33.604675 26.892729  59.983021 54.878147 
8.540000 8 54 33.648621 26.832800  59.895126 54.736317 
8.550000 8 55 33.732521 26.800838  59.690372 54.809231 
8.560000 8 56 33.786457 26.953655  59.824211 54.929085 
8.570000 8 57 33.663605 26.884739  59.705353 54.813225 
8.580000 8 58 33.686577 26.657011  59.596485 54.857170 
8.590000 8 59 33.641628 26.853775  59.780262 55.057930 
8.600000 8 60 33.646626 26.803835  59.412704 54.767281 
8.610000 8 61 33.572712 26.775869  59.717339 54.952057 
8.620000 8 62 33.711548 26.881742  59.855175 54.823212 
8.630000 8 63 33.463844 26.753895  59.678387 54.946064 
8.640000 8 64 33.596684 26.690971  59.654415 54.943069 
8.650000 8 65 33.708549 27.004595  59.655415 54.714344 
8.660000 8 66 33.608669 26.814823  59.750301 54.548542 
8.670000 8 67 33.564724 26.747902  59.721333 54.520576 
8.680000 8 68 33.411907 26.814823  59.486614 54.639431 
8.690000 8 69 33.590691 26.822813  59.534557 54.830204 
8.700000 8 70 33.380943 26.656013  59.462646 54.790253 
8.710000 8 71 33.456852 26.738913  59.520576 54.577507 
8.720000 8 72 33.495804 26.784859  59.721333 55.054935 
8.730000 8 73 33.346985 26.930683  59.089092 54.863163 
8.740000 8 74 33.699562 26.847782  59.794247 54.885139 
8.750000 8 75 33.787457 26.766880  59.426689 54.863163 
8.760000 8 76 33.752499 26.842789  59.851177 54.799240 
8.770000 8 77 33.770477 26.740911  59.830204 54.705353 
8.780000 8 78 33.713543 26.853775  59.567520 54.903118 
8.790000 8 79 33.462845 26.898722  59.581501 54.796246 
8.800000 8 80 33.551739 26.796844  59.384739 55.071915 
8.810000 8 81 33.518776 26.784859  59.766281 54.758289 
8.820000 8 82 33.553734 26.780863  59.451656 54.682381 
8.830000 8 83 33.490810 26.897722  59.526569 54.839191 
8.840000 8 84 33.615662 27.050539  59.791252 55.075909 
8.850000 8 85 33.749500 26.803835  59.871155 54.691372 
8.860000 8 86 33.778465 26.961645  59.835197 54.855175 
8.870000 8 87 33.743507 27.119457  59.695366 55.000000 
8.880000 8 88 33.563725 26.844786  59.604473 54.967041 
8.890000 8 89 33.802437 26.869757  59.546543 54.980022 
8.900000 8 90 33.629646 26.933680  59.970036 55.208748 
8.910000 8 91 33.654613 26.811827  60.070915 54.775269 
8.920000 8 92 33.525768 26.971634  59.544548 55.114861 
8.930000 8 93 33.651619 27.093489  59.798241 54.972034 
8.940000 8 94 33.808430 26.869757  59.727325 54.658409 
8.950000 8 95 33.754494 26.854774  59.834198 54.856174 
8.960000 8 96 33.538754 26.873751  59.595486 54.809231 
8.970000 8 97 33.842388 26.941669  59.776268 55.091888 
8.980000 8 98 33.653614 26.957651  59.621456 55.123852 
8.990000 8 99 33.594685 26.733919  59.705353 54.902119 
9.000000 9 0 33.467838 26.913704  59.735317 55.016979 
9.010000 9 1 33.703556 26.649021  59.734318 54.858170 
9.020000 9 2 33.468838 27.033560  59.733318 54.882141 
9.030000 9 3 33.367958 26.984619  59.546543 55.030964 
9.040000 9 4 33.480824 27.086496  59.632442 54.911106 
9.050000 9 5 33.581703 26.968637  59.523571 55.049938 
9.060000 9 6 33.615662 26.777866  59.715343 54.927086 
9.070000 9 7 33.637634 26.859768  59.846184 54.990013 
9.080000 9 8 33.460846 27.018578  59.636436 54.948063 
9.090000 9 9 33.454853 26.796844  59.543549 54.921093 
9.100000 9 10 33.574711 27.085497  59.749302 55.083900 
9.110000 9 11 33.626648 26.891729  59.512585 54.948063 
9.120000 9 12 33.432880 26.829803  59.512585 54.948063 
9.130000 9 13 33.327007 26.778866  59.444668 54.768276 
9.140000 9 14 33.801437 26.893728  59.997005 54.908112 
9.150000 9 15 33.688572 26.947662  59.802238 55.027966 
9.160000 9 16 33.575710 27.120455  59.485619 54.894127 
9.170000 9 17 33.490810 27.178387  59.666401 55.211746 
9.180000 9 18 33.586697 26.869757  59.650421 54.956051 
9.190000 9 19 33.737514 27.050539  59.702358 54.913105 
9.200000 9 20 33.592690 27.264282  59.907112 55.272675 
9.210000 9 21 33.618656 27.028566  59.821213 54.961048 
9.220000 9 22 33.716541 26.789852  59.674389 54.952057 
9.230000 9 23 33.540752 27.151419  59.795246 55.047943 
9.240000 9 24 33.770477 26.944666  59.667400 55.045944 
9.250000 9 25 33.718536 26.832800  59.867161 54.832203 
9.260000 9 26 33.714542 26.773870  60.117859 55.060928 
9.270000 9 27 33.779465 27.133440  60.087894 55.030964 
9.280000 9 28 33.530762 26.801838  59.602478 54.856174 
9.290000 9 29 33.512783 27.054535  59.822212 54.897125 
9.300000 9 30 33.603676 26.820814  59.739311 55.103874 
9.310000 9 31 33.679585 27.159409  59.683380 55.185776 
9.320000 9 32 33.701557 27.298243  59.885139 55.183781 
9.330000 9 33 33.624649 26.742908  59.651417 54.980022 
9.340000 9 34 33.396923 27.328207  59.299839 55.181782 
9.350000 9 35 33.636635 27.197363  60.003994 55.214741 
9.360000 9 36 33.685577 27.188374  59.800240 55.055931 
9.370000 9 37 33.839394 27.008589  60.000999 54.872154 
9.380000 9 38 33.703556 26.985617  59.910107 54.936077 
9.390000 9 39 33.727528 27.224331  60.006992 55.193768 
9.400000 9 40 33.755493 27.083500  59.712345 55.172794 
9.410000 9 41 33.457851 27.047543  59.773273 54.959049 
9.420000 9 42 33.407909 27.019577  59.581501 55.104874 
9.430000 9 43 33.660606 27.025570  59.929085 55.055931 
9.440000 9 44 33.586697 26.759888  59.732323 54.735317 
9.450000 9 45 33.858372 26.959648  59.987015 55.166801 
9.460000 9 46 33.505795 26.808830  59.475628 54.904114 
9.470000 9 47 33.716541 26.951658  59.501598 54.973034 
9.480000 9 48 33.679585 26.984619  59.893127 54.944069 
9.490000 9 49 33.841389 26.839792  59.917099 55.017979 
9.500000 9 50 33.746506 26.869757  59.822212 54.754295 
9.510000 9 51 33.717541 26.636036  60.078907 54.903118 
9.520000 9 52 33.723534 27.045546  59.813225 55.125851 
9.530000 9 53 33.550739 27.010588  59.525570 55.241711 
9.540000 9 54 33.669598 26.999601  59.905113 54.996006 
9.550000 9 55 33.849380 27.052536  59.987015 55.073910 
9.560000 9 56 33.645626 26.898722  59.423691 54.894127 
9.570000 9 57 33.773472 26.821814  59.851177 54.567520 
9.580000 9 58 33.864365 27.097483  59.972034 55.319618 
9.590000 9 59 33.836395 27.093489  59.673393 54.996006 
9.600000 9 60 33.597683 27.065521  59.634438 55.114861 
9.610000 9 61 33.647621 26.976627  59.683380 55.049938 
9.620000 9 62 33.676590 27.051538  59.682381 54.973034 
9.630000 9 63 33.759487 27.132441  60.038952 55.167797 
9.640000 9 64 33.608669 26.865761  59.909107 54.865162 
9.650000 9 65 33.486816 26.979624  59.471634 55.003994 
9.660000 9 66 33.598682 27.156412  59.992008 55.151817 
9.670000 9 67 33.688572 26.865761  59.906113 54.892128 
9.680000 9 68 33.827408 26.937675  59.813225 55.251698 
9.690000 9 69 33.635635 26.916700  59.646423 55.046944 
9.700000 9 70 33.796444 27.123451  59.976028 55.208748 
9.710000 9 71 33.600677 27.456053  59.832203 55.367558 
9.720000 9 72 34.133041 26.954655  59.943069 55.021973 
9.730000 9 73 33.778465 27.276268  59.911106 55.218739 
9.740000 9 74 33.489811 26.829803  59.597485 55.172794 
9.750000 9 75 33.750500 27.286257  60.092888 55.009987 
9.760000 9 76 33.622654 26.872753  59.578506 54.949062 
9.770000 9 77 33.610668 27.313225  59.891132 55.075909 
9.780000 9 78 33.573711 27.171394  59.738316 54.915100 
9.790000 9 79 33.562725 26.932680  59.798241 54.974030 
9.800000 9 80 33.812424 26.988613  60.017979 54.974030 
9.810000 9 81 33.971233 27.131443  59.904114 55.022972 
9.820000 9 82 33.624649 27.096485  59.587494 55.047943 
9.830000 9 83 33.803436 26.871754  59.869156 55.003994 
9.840000 9 84 33.892330 27.037556  59.977028 55.196762 
9.850000 9 85 33.540752 26.836796  59.610466 54.891132 
9.860000 9 86 33.602676 27.200359  59.866161 55.103874 
9.870000 9 87 33.571712 26.932680  59.818218 55.307632 
9.880000 9 88 33.719536 27.048542  60.017979 54.943069 
9.890000 9 89 33.708549 27.027567  59.876148 54.935078 
9.900000 9 90 33.683578 27.077507  59.699360 55.088894 
9.910000 9 91 33.678585 26.995605  59.904114 55.113865 
9.920000 9 92 33.795444 26.879744  60.129845 54.946064 
9.930000 9 93 33.664604 26.868757  59.839191 54.914104 
9.940000 9 94 33.720535 27.014582  59.827206 54.897125 
9.950000 9 95 33.679585 27.164402  59.603477 55.309628 
9.960000 9 96 33.801437 27.047543  60.150818 54.945065 
9.970000 9 97 33.681583 27.179384  59.953056 55.327606 
9.980000 9 98 33.636635 26.930683  59.768276 55.075909 
9.990000 9 99 33.742508 27.092489  59.994007 54.868156 
