initializing
training size    : 2324140
testing size     : 20012
epoch count      : 10
sub epoch size   : 10

epoch_learning_rate_decay   : 8
learning_rate_decay         : 0.250000
batch size                  : 1132614

training



epoch [0 0] from [10 10]
training time per iterations 2.401869[ms]
testing
testing done
network success rate top1 3.457925% 3.802718% 
network success rate top5 14.231462% 15.525684% 
saving best net in top 5
best net saved to networks/9_9_go/net_0/trained/, with success rate 14.231462%



epoch [0 1] from [10 10]
training time per iterations 2.389073[ms]
testing
testing done
network success rate top1 4.617229% 5.491705% 
network success rate top5 18.149111% 20.647612% 
saving best net in top 5
best net saved to networks/9_9_go/net_0/trained/, with success rate 18.149111%



epoch [0 2] from [10 10]
training time per iterations 2.381621[ms]
testing
testing done
network success rate top1 5.846492% 6.501099% 
network success rate top5 22.291626% 22.681391% 
saving best net in top 5
best net saved to networks/9_9_go/net_0/trained/, with success rate 22.291626%



epoch [0 3] from [10 10]
training time per iterations 2.378957[ms]
testing
testing done
network success rate top1 8.459924% 8.779732% 
network success rate top5 31.705976% 28.947632% 
saving best net in top 5
best net saved to networks/9_9_go/net_0/trained/, with success rate 31.705976%



epoch [0 4] from [10 10]
training time per iterations 2.489463[ms]
testing
testing done
network success rate top1 13.027184% 11.328203% 
network success rate top5 39.306416% 33.864681% 
saving best net in top 5
best net saved to networks/9_9_go/net_0/trained/, with success rate 39.306416%



epoch [0 5] from [10 10]
training time per iterations 2.379676[ms]
testing
testing done
network success rate top1 15.540675% 12.767340% 
network success rate top5 43.563862% 37.447533% 
saving best net in top 5
best net saved to networks/9_9_go/net_0/trained/, with success rate 43.563862%



epoch [0 6] from [10 10]
training time per iterations 2.380842[ms]
testing
testing done
network success rate top1 18.503897% 14.546272% 
network success rate top5 46.372177% 39.661201% 
saving best net in top 5
best net saved to networks/9_9_go/net_0/trained/, with success rate 46.372177%



epoch [0 7] from [10 10]
training time per iterations 2.379259[ms]
testing
testing done
network success rate top1 21.557066% 16.035379% 
network success rate top5 51.104336% 42.449532% 
saving best net in top 5
best net saved to networks/9_9_go/net_0/trained/, with success rate 51.104336%



epoch [0 8] from [10 10]
training time per iterations 2.380485[ms]
testing
testing done
network success rate top1 22.316610% 16.799919% 
network success rate top5 51.599041% 44.473316% 
saving best net in top 5
best net saved to networks/9_9_go/net_0/trained/, with success rate 51.599041%



epoch [0 9] from [10 10]
training time per iterations 2.489751[ms]
testing
testing done
network success rate top1 22.681391% 16.495104% 
network success rate top5 52.803318% 44.283428% 
saving best net in top 5
best net saved to networks/9_9_go/net_0/trained/, with success rate 52.803318%



epoch [1 0] from [10 10]
training time per iterations 2.379482[ms]
testing
testing done
network success rate top1 22.911253% 17.244654% 
network success rate top5 53.163101% 45.172897% 
saving best net in top 5
best net saved to networks/9_9_go/net_0/trained/, with success rate 53.163101%



epoch [1 1] from [10 10]
training time per iterations 2.380158[ms]
testing
testing done
network success rate top1 22.696383% 17.574455% 
network success rate top5 53.328003% 45.687588% 
saving best net in top 5
best net saved to networks/9_9_go/net_0/trained/, with success rate 53.328003%



epoch [1 2] from [10 10]
training time per iterations 2.380704[ms]
testing
testing done
network success rate top1 23.151110% 17.759344% 
network success rate top5 53.842693% 46.671997% 
saving best net in top 5
best net saved to networks/9_9_go/net_0/trained/, with success rate 53.842693%



epoch [1 3] from [10 10]
training time per iterations 2.379000[ms]
testing
testing done
network success rate top1 22.776335% 17.684389% 
network success rate top5 53.842693% 46.197281% 



epoch [1 4] from [10 10]
training time per iterations 2.486369[ms]
testing
testing done
network success rate top1 23.525885% 17.714371% 
network success rate top5 54.662201% 46.122326% 
saving best net in top 5
best net saved to networks/9_9_go/net_0/trained/, with success rate 54.662201%



epoch [1 5] from [10 10]
training time per iterations 2.378725[ms]
testing
testing done
network success rate top1 23.176094% 18.314013% 
network success rate top5 54.697182% 47.436539% 
saving best net in top 5
best net saved to networks/9_9_go/net_0/trained/, with success rate 54.697182%



epoch [1 6] from [10 10]
training time per iterations 2.377266[ms]
testing
testing done
network success rate top1 23.450930% 18.109135% 
network success rate top5 54.822105% 47.381573% 
saving best net in top 5
best net saved to networks/9_9_go/net_0/trained/, with success rate 54.822105%



epoch [1 7] from [10 10]
training time per iterations 2.377124[ms]
testing
testing done
network success rate top1 23.660803% 18.743753% 
network success rate top5 55.461723% 47.801319% 
saving best net in top 5
best net saved to networks/9_9_go/net_0/trained/, with success rate 55.461723%



epoch [1 8] from [10 10]
training time per iterations 2.379547[ms]
testing
testing done
network success rate top1 23.895662% 18.458925% 
network success rate top5 55.536678% 47.571457% 
saving best net in top 5
best net saved to networks/9_9_go/net_0/trained/, with success rate 55.536678%



epoch [1 9] from [10 10]
training time per iterations 2.488632[ms]
testing
testing done
network success rate top1 24.135519% 18.738756% 
network success rate top5 55.511692% 47.466518% 



epoch [2 0] from [10 10]
training time per iterations 2.376397[ms]
testing
testing done
network success rate top1 24.695183% 18.903658% 
network success rate top5 56.471119% 48.935638% 
saving best net in top 5
best net saved to networks/9_9_go/net_0/trained/, with success rate 56.471119%



epoch [2 1] from [10 10]
training time per iterations 2.376199[ms]
testing
testing done
network success rate top1 24.370378% 18.763742% 
network success rate top5 56.161304% 48.121128% 



epoch [2 2] from [10 10]
training time per iterations 2.376436[ms]
testing
testing done
network success rate top1 24.920048% 19.103539% 
network success rate top5 57.150711% 49.485310% 
saving best net in top 5
best net saved to networks/9_9_go/net_0/trained/, with success rate 57.150711%



epoch [2 3] from [10 10]
training time per iterations 2.376608[ms]
testing
testing done
network success rate top1 24.525286% 19.053568% 
network success rate top5 56.331200% 49.325405% 



epoch [2 4] from [10 10]
training time per iterations 2.489915[ms]
testing
testing done
network success rate top1 25.249849% 19.613232% 
network success rate top5 56.935837% 50.304817% 



epoch [2 5] from [10 10]
training time per iterations 2.377292[ms]
testing
testing done
network success rate top1 25.209873% 19.533279% 
network success rate top5 57.430542% 49.655209% 
saving best net in top 5
best net saved to networks/9_9_go/net_0/trained/, with success rate 57.430542%



epoch [2 6] from [10 10]
training time per iterations 2.375640[ms]
testing
testing done
network success rate top1 25.594643% 19.533279% 
network success rate top5 57.730362% 50.144913% 
saving best net in top 5
best net saved to networks/9_9_go/net_0/trained/, with success rate 57.730362%



epoch [2 7] from [10 10]
training time per iterations 2.378273[ms]
testing
testing done
network success rate top1 25.964422% 19.948030% 
network success rate top5 58.364983% 49.720169% 
saving best net in top 5
best net saved to networks/9_9_go/net_0/trained/, with success rate 58.364983%



epoch [2 8] from [10 10]
training time per iterations 2.375025[ms]
testing
testing done
network success rate top1 25.169899% 20.022985% 
network success rate top5 57.440536% 50.399761% 



epoch [2 9] from [10 10]
training time per iterations 2.485362[ms]
testing
testing done
network success rate top1 26.189287% 20.292824% 
network success rate top5 58.260044% 50.279831% 



epoch [3 0] from [10 10]
training time per iterations 2.376707[ms]
testing
testing done
network success rate top1 25.924446% 20.377773% 
network success rate top5 58.215073% 50.159904% 



epoch [3 1] from [10 10]
training time per iterations 2.375838[ms]
testing
testing done
network success rate top1 26.034380% 20.057964% 
network success rate top5 58.604836% 50.424744% 
saving best net in top 5
best net saved to networks/9_9_go/net_0/trained/, with success rate 58.604836%



epoch [3 2] from [10 10]
training time per iterations 2.373751[ms]
testing
testing done
network success rate top1 26.539076% 20.347792% 
network success rate top5 59.214470% 50.224865% 
saving best net in top 5
best net saved to networks/9_9_go/net_0/trained/, with success rate 59.214470%



epoch [3 3] from [10 10]
training time per iterations 2.375145[ms]
testing
testing done
network success rate top1 25.799520% 20.437737% 
network success rate top5 57.640415% 50.994404% 



epoch [3 4] from [10 10]
training time per iterations 2.486378[ms]
testing
testing done
network success rate top1 26.429142% 20.782530% 
network success rate top5 58.714771% 50.744553% 



epoch [3 5] from [10 10]
training time per iterations 2.375205[ms]
testing
testing done
network success rate top1 26.963821% 20.232861% 
network success rate top5 59.444332% 50.569656% 
saving best net in top 5
best net saved to networks/9_9_go/net_0/trained/, with success rate 59.444332%



epoch [3 6] from [10 10]
training time per iterations 2.376853[ms]
testing
testing done
network success rate top1 26.199280% 20.662603% 
network success rate top5 58.300018% 51.509094% 



epoch [3 7] from [10 10]
training time per iterations 2.375507[ms]
testing
testing done
network success rate top1 26.798922% 19.698181% 
network success rate top5 58.994602% 50.049969% 



epoch [3 8] from [10 10]
training time per iterations 2.485448[ms]
testing
testing done
network success rate top1 26.943834% 20.652609% 
network success rate top5 57.895264% 51.069359% 



epoch [3 9] from [10 10]
training time per iterations 2.375726[ms]
testing
testing done
network success rate top1 26.594044% 20.677593% 
network success rate top5 59.059563% 51.853889% 



epoch [4 0] from [10 10]
training time per iterations 2.374267[ms]
testing
testing done
network success rate top1 26.988806% 20.552668% 
network success rate top5 59.224464% 52.023785% 



epoch [4 1] from [10 10]
training time per iterations 2.372297[ms]
testing
testing done
network success rate top1 26.768938% 20.927444% 
network success rate top5 58.594845% 51.609035% 



epoch [4 2] from [10 10]
training time per iterations 2.374418[ms]
testing
testing done
network success rate top1 26.664001% 20.957426% 
network success rate top5 58.889668% 52.088745% 



epoch [4 3] from [10 10]
training time per iterations 2.484902[ms]
testing
testing done
network success rate top1 26.928843% 20.377773% 
network success rate top5 58.669800% 51.249252% 



epoch [4 4] from [10 10]
training time per iterations 2.375967[ms]
testing
testing done
network success rate top1 27.303617% 21.432140% 
network success rate top5 59.404358% 51.579052% 



epoch [4 5] from [10 10]
training time per iterations 2.374306[ms]
testing
testing done
network success rate top1 27.548471% 20.877474% 
network success rate top5 59.364380% 51.639015% 



epoch [4 6] from [10 10]
training time per iterations 2.372998[ms]
testing
testing done
network success rate top1 26.768938% 21.102339% 
network success rate top5 58.629822% 51.683990% 



epoch [4 7] from [10 10]
training time per iterations 2.373545[ms]
testing
testing done
network success rate top1 27.398561% 20.917450% 
network success rate top5 60.138916% 51.843895% 
saving best net in top 5
best net saved to networks/9_9_go/net_0/trained/, with success rate 60.138916%



epoch [4 8] from [10 10]
training time per iterations 2.484906[ms]
testing
testing done
network success rate top1 27.258644% 21.362183% 
network success rate top5 58.779732% 52.443535% 



epoch [4 9] from [10 10]
training time per iterations 2.376402[ms]
testing
testing done
network success rate top1 26.848890% 21.497101% 
network success rate top5 58.679790% 52.438538% 



epoch [5 0] from [10 10]
training time per iterations 2.375683[ms]
testing
testing done
network success rate top1 27.618429% 21.487108% 
network success rate top5 59.954029% 52.748352% 



epoch [5 1] from [10 10]
training time per iterations 2.375489[ms]
testing
testing done
network success rate top1 27.828302% 21.277233% 
network success rate top5 59.864082% 51.928844% 



epoch [5 2] from [10 10]
training time per iterations 2.374909[ms]
testing
testing done
network success rate top1 27.708374% 21.372177% 
network success rate top5 59.279434% 52.323605% 



epoch [5 3] from [10 10]
training time per iterations 2.483942[ms]
testing
testing done
network success rate top1 27.813313% 21.791925% 
network success rate top5 59.509293% 52.698380% 



epoch [5 4] from [10 10]
training time per iterations 2.373721[ms]
testing
testing done
network success rate top1 27.843294% 21.467119% 
network success rate top5 59.774136% 52.488506% 



epoch [5 5] from [10 10]
training time per iterations 2.376819[ms]
testing
testing done
network success rate top1 27.973217% 21.811913% 
network success rate top5 59.154507% 53.253048% 



epoch [5 6] from [10 10]
training time per iterations 2.376195[ms]
testing
testing done
network success rate top1 27.733360% 21.052368% 
network success rate top5 60.333801% 52.438538% 
saving best net in top 5
best net saved to networks/9_9_go/net_0/trained/, with success rate 60.333801%



epoch [5 7] from [10 10]
training time per iterations 2.377322[ms]
testing
testing done
network success rate top1 27.978212% 21.477114% 
network success rate top5 60.243855% 53.053169% 



epoch [5 8] from [10 10]
training time per iterations 2.484631[ms]
testing
testing done
network success rate top1 27.653408% 21.801918% 
network success rate top5 59.004597% 53.667801% 



epoch [5 9] from [10 10]
training time per iterations 2.375240[ms]
testing
testing done
network success rate top1 28.108135% 21.831902% 
network success rate top5 60.658604% 53.752747% 
saving best net in top 5
best net saved to networks/9_9_go/net_0/trained/, with success rate 60.658604%



epoch [6 0] from [10 10]
training time per iterations 2.375507[ms]
testing
testing done
network success rate top1 27.523485% 21.981812% 
network success rate top5 58.579853% 52.828304% 



epoch [6 1] from [10 10]
training time per iterations 2.376522[ms]
testing
testing done
network success rate top1 28.288027% 22.046772% 
network success rate top5 60.973415% 52.833302% 
saving best net in top 5
best net saved to networks/9_9_go/net_0/trained/, with success rate 60.973415%



epoch [6 2] from [10 10]
training time per iterations 2.377133[ms]
testing
testing done
network success rate top1 28.038177% 22.086748% 
network success rate top5 60.948429% 53.158104% 



epoch [6 3] from [10 10]
training time per iterations 2.487174[ms]
testing
testing done
network success rate top1 27.973217% 21.876873% 
network success rate top5 60.643616% 53.372974% 



epoch [6 4] from [10 10]
training time per iterations 2.375709[ms]
testing
testing done
network success rate top1 28.597841% 21.796923% 
network success rate top5 60.323807% 53.352989% 



epoch [6 5] from [10 10]
training time per iterations 2.374285[ms]
testing
testing done
network success rate top1 28.392963% 22.191685% 
network success rate top5 61.358185% 53.527882% 
saving best net in top 5
best net saved to networks/9_9_go/net_0/trained/, with success rate 61.358185%



epoch [6 6] from [10 10]
training time per iterations 2.374186[ms]
testing
testing done
network success rate top1 28.058165% 22.176695% 
network success rate top5 60.768539% 53.442936% 



epoch [6 7] from [10 10]
training time per iterations 2.376612[ms]
testing
testing done
network success rate top1 28.672796% 21.856886% 
network success rate top5 61.158306% 53.397961% 



epoch [6 8] from [10 10]
training time per iterations 2.484123[ms]
testing
testing done
network success rate top1 28.672796% 21.896862% 
network success rate top5 62.162701% 53.557865% 
saving best net in top 5
best net saved to networks/9_9_go/net_0/trained/, with success rate 62.162701%



epoch [6 9] from [10 10]
training time per iterations 2.374160[ms]
testing
testing done
network success rate top1 28.637817% 21.956825% 
network success rate top5 62.062763% 53.333000% 



epoch [7 0] from [10 10]
training time per iterations 2.375455[ms]
testing
testing done
network success rate top1 28.622826% 22.016790% 
network success rate top5 61.667999% 54.587246% 



epoch [7 1] from [10 10]
training time per iterations 2.375068[ms]
testing
testing done
network success rate top1 28.303019% 22.411552% 
network success rate top5 60.008995% 54.107536% 



epoch [7 2] from [10 10]
training time per iterations 2.373063[ms]
testing
testing done
network success rate top1 28.652809% 21.916849% 
network success rate top5 61.932838% 53.982609% 



epoch [7 3] from [10 10]
training time per iterations 2.483671[ms]
testing
testing done
network success rate top1 28.612833% 22.276634% 
network success rate top5 60.818508% 54.367378% 



epoch [7 4] from [10 10]
training time per iterations 2.375472[ms]
testing
testing done
network success rate top1 28.557865% 22.411552% 
network success rate top5 61.278233% 54.777134% 



epoch [7 5] from [10 10]
training time per iterations 2.375270[ms]
testing
testing done
network success rate top1 28.617828% 22.001799% 
network success rate top5 61.747952% 54.202480% 



epoch [7 6] from [10 10]
training time per iterations 2.377120[ms]
testing
testing done
network success rate top1 28.687788% 22.301619% 
network success rate top5 62.297623% 54.382370% 
saving best net in top 5
best net saved to networks/9_9_go/net_0/trained/, with success rate 62.297623%



epoch [7 7] from [10 10]
training time per iterations 2.485074[ms]
testing
testing done
network success rate top1 28.877674% 22.551470% 
network success rate top5 60.993404% 54.532280% 



epoch [7 8] from [10 10]
training time per iterations 2.374612[ms]
testing
testing done
network success rate top1 28.672796% 23.136118% 
network success rate top5 61.233261% 55.166901% 



epoch [7 9] from [10 10]
training time per iterations 2.376027[ms]
testing
testing done
network success rate top1 29.127523% 22.696383% 
network success rate top5 62.067760% 54.942036% 
setting learning rate to 0.000050



epoch [8 0] from [10 10]
training time per iterations 2.375266[ms]
testing
testing done
network success rate top1 28.742754% 23.181091% 
network success rate top5 61.603039% 55.496700% 



epoch [8 1] from [10 10]
training time per iterations 2.376690[ms]
testing
testing done
network success rate top1 28.977613% 23.061163% 
network success rate top5 61.902859% 54.902058% 



epoch [8 2] from [10 10]
training time per iterations 2.486163[ms]
testing
testing done
network success rate top1 29.637218% 22.836298% 
network success rate top5 62.692383% 54.922047% 
saving best net in top 5
best net saved to networks/9_9_go/net_0/trained/, with success rate 62.692383%



epoch [8 3] from [10 10]
training time per iterations 2.376367[ms]
testing
testing done
network success rate top1 29.187487% 23.535879% 
network success rate top5 62.752350% 55.651608% 
saving best net in top 5
best net saved to networks/9_9_go/net_0/trained/, with success rate 62.752350%



epoch [8 4] from [10 10]
training time per iterations 2.373002[ms]
testing
testing done
network success rate top1 28.892664% 23.256046% 
network success rate top5 61.822906% 55.251850% 



epoch [8 5] from [10 10]
training time per iterations 2.373618[ms]
testing
testing done
network success rate top1 29.442335% 22.706377% 
network success rate top5 62.557465% 55.016991% 



epoch [8 6] from [10 10]
training time per iterations 2.373209[ms]
testing
testing done
network success rate top1 29.447332% 22.611433% 
network success rate top5 62.572456% 55.446732% 



epoch [8 7] from [10 10]
training time per iterations 2.480866[ms]
testing
testing done
network success rate top1 29.292425% 22.966221% 
network success rate top5 62.277634% 55.316811% 



epoch [8 8] from [10 10]
training time per iterations 2.375550[ms]
testing
testing done
network success rate top1 29.567259% 23.465919% 
network success rate top5 62.307617% 55.846493% 



epoch [8 9] from [10 10]
training time per iterations 2.375730[ms]
testing
testing done
network success rate top1 28.972616% 23.221067% 
network success rate top5 61.977814% 55.061962% 



epoch [9 0] from [10 10]
training time per iterations 2.373545[ms]
testing
testing done
network success rate top1 28.897661% 23.251049% 
network success rate top5 62.012791% 55.831501% 



epoch [9 1] from [10 10]
training time per iterations 2.373687[ms]
testing
testing done
network success rate top1 29.527283% 22.946232% 
network success rate top5 62.752350% 54.927044% 



epoch [9 2] from [10 10]
training time per iterations 2.484291[ms]
testing
testing done
network success rate top1 29.407356% 23.006197% 
network success rate top5 62.622425% 55.186890% 



epoch [9 3] from [10 10]
training time per iterations 2.375020[ms]
testing
testing done
network success rate top1 29.407356% 23.410954% 
network success rate top5 62.422546% 55.641617% 



epoch [9 4] from [10 10]
training time per iterations 2.375967[ms]
testing
testing done
network success rate top1 29.512293% 22.751348% 
network success rate top5 62.477512% 55.221867% 



epoch [9 5] from [10 10]
training time per iterations 2.373192[ms]
testing
testing done
network success rate top1 29.267439% 23.700779% 
network success rate top5 62.102737% 56.346191% 



epoch [9 6] from [10 10]
training time per iterations 2.376432[ms]
testing
testing done
network success rate top1 29.492304% 23.370977% 
network success rate top5 62.352589% 55.536678% 



epoch [9 7] from [10 10]
training time per iterations 2.484493[ms]
testing
testing done
network success rate top1 29.227463% 23.475914% 
network success rate top5 62.077755% 55.311813% 



epoch [9 8] from [10 10]
training time per iterations 2.374039[ms]
testing
testing done
network success rate top1 29.242455% 23.975615% 
network success rate top5 62.622425% 55.591644% 



epoch [9 9] from [10 10]
training time per iterations 2.374418[ms]
testing
testing done
network success rate top1 29.967020% 22.786327% 
network success rate top5 62.917248% 55.211872% 
saving best net in top 5
best net saved to networks/9_9_go/net_0/trained/, with success rate 62.917248%
training done
