0 0 0.000000 4.596782 3.707405 17.008095 16.223644
0 1 0.434783 5.795943 4.821625 19.741180 19.356451
0 2 0.869565 6.930149 6.030778 22.659138 22.214451
0 3 1.304348 7.444788 6.325572 25.362246 23.218746
0 4 1.739130 8.504047 6.530429 27.640652 25.981813
0 5 2.173913 9.353453 7.619666 30.543619 27.960428
0 6 2.608696 9.708204 7.954432 32.147495 29.104628
0 7 3.043478 10.782453 8.259218 34.151093 29.879086
0 8 3.478261 11.486959 9.283502 37.188969 32.617168
0 9 3.913043 12.291396 9.778155 38.338161 33.091835
0 10 4.347826 13.335665 10.717498 40.491657 35.060459
0 11 4.782609 14.185070 10.927351 41.890678 35.695015
0 12 5.217391 15.209353 11.901669 44.653744 37.673630
0 13 5.652174 15.109424 11.916658 45.063454 37.748577
0 14 6.086957 16.963125 12.950934 47.301888 40.731487
0 15 6.521739 17.557709 13.070850 49.540321 40.711502
0 16 6.956522 18.317179 13.150794 49.670231 40.856400
0 17 7.391304 18.946737 13.985210 50.974319 42.475266
0 18 7.826087 19.786150 15.294294 51.888680 44.209053
0 19 8.260870 19.771160 14.824623 52.328369 43.409615
0 20 8.695652 20.015989 15.094434 52.992905 44.758671
0 21 9.130435 21.390026 15.394224 53.427601 44.513840
0 22 9.565217 21.350056 16.008795 54.117119 45.513142
1 0 10.000000 21.429998 16.188667 54.926552 46.542419
1 1 10.434783 21.739782 16.563406 54.346958 46.582394
1 2 10.869565 22.009594 16.688318 55.531128 47.017090
1 3 11.304348 22.574198 17.088037 55.106426 47.336864
1 4 11.739130 23.148796 17.347857 55.820927 47.271908
1 5 12.173913 22.983912 17.817528 56.190666 48.556011
1 6 12.608696 22.953932 17.347857 56.340561 48.256222
1 7 13.043478 23.908264 17.707605 56.370541 48.036373
1 8 13.478261 23.398621 17.247927 56.695312 49.005695
1 9 13.913043 23.803337 18.152294 57.309883 49.150593
1 10 14.347826 23.583492 17.772560 56.840210 48.566002
1 11 14.782609 24.208054 18.761868 57.309883 49.625263
1 12 15.217391 23.983212 18.706905 57.564705 50.439693
1 13 15.652174 24.457880 19.091637 58.149296 50.579594
1 14 16.086956 24.422903 18.736885 57.994404 51.279106
