0.000000 0 0 3.457925 3.802718  14.231462 15.525684 
0.100000 0 1 4.617229 5.491705  18.149111 20.647612 
0.200000 0 2 5.846492 6.501099  22.291626 22.681391 
0.300000 0 3 8.459924 8.779732  31.705976 28.947632 
0.400000 0 4 13.027184 11.328203  39.306416 33.864681 
0.500000 0 5 15.540675 12.767340  43.563862 37.447533 
0.600000 0 6 18.503897 14.546272  46.372177 39.661201 
0.700000 0 7 21.557066 16.035379  51.104336 42.449532 
0.800000 0 8 22.316610 16.799919  51.599041 44.473316 
0.900000 0 9 22.681391 16.495104  52.803318 44.283428 
1.000000 1 0 22.911253 17.244654  53.163101 45.172897 
1.100000 1 1 22.696383 17.574455  53.328003 45.687588 
1.200000 1 2 23.151110 17.759344  53.842693 46.671997 
1.300000 1 3 22.776335 17.684389  53.842693 46.197281 
1.400000 1 4 23.525885 17.714371  54.662201 46.122326 
1.500000 1 5 23.176094 18.314013  54.697182 47.436539 
1.600000 1 6 23.450930 18.109135  54.822105 47.381573 
1.700000 1 7 23.660803 18.743753  55.461723 47.801319 
1.800000 1 8 23.895662 18.458925  55.536678 47.571457 
1.900000 1 9 24.135519 18.738756  55.511692 47.466518 
2.000000 2 0 24.695183 18.903658  56.471119 48.935638 
2.100000 2 1 24.370378 18.763742  56.161304 48.121128 
2.200000 2 2 24.920048 19.103539  57.150711 49.485310 
2.300000 2 3 24.525286 19.053568  56.331200 49.325405 
2.400000 2 4 25.249849 19.613232  56.935837 50.304817 
2.500000 2 5 25.209873 19.533279  57.430542 49.655209 
2.600000 2 6 25.594643 19.533279  57.730362 50.144913 
2.700000 2 7 25.964422 19.948030  58.364983 49.720169 
2.800000 2 8 25.169899 20.022985  57.440536 50.399761 
2.900000 2 9 26.189287 20.292824  58.260044 50.279831 
3.000000 3 0 25.924446 20.377773  58.215073 50.159904 
3.100000 3 1 26.034380 20.057964  58.604836 50.424744 
3.200000 3 2 26.539076 20.347792  59.214470 50.224865 
3.300000 3 3 25.799520 20.437737  57.640415 50.994404 
3.400000 3 4 26.429142 20.782530  58.714771 50.744553 
3.500000 3 5 26.963821 20.232861  59.444332 50.569656 
3.600000 3 6 26.199280 20.662603  58.300018 51.509094 
3.700000 3 7 26.798922 19.698181  58.994602 50.049969 
3.800000 3 8 26.943834 20.652609  57.895264 51.069359 
3.900000 3 9 26.594044 20.677593  59.059563 51.853889 
4.000000 4 0 26.988806 20.552668  59.224464 52.023785 
4.100000 4 1 26.768938 20.927444  58.594845 51.609035 
4.200000 4 2 26.664001 20.957426  58.889668 52.088745 
4.300000 4 3 26.928843 20.377773  58.669800 51.249252 
4.400000 4 4 27.303617 21.432140  59.404358 51.579052 
4.500000 4 5 27.548471 20.877474  59.364380 51.639015 
4.600000 4 6 26.768938 21.102339  58.629822 51.683990 
4.700000 4 7 27.398561 20.917450  60.138916 51.843895 
4.800000 4 8 27.258644 21.362183  58.779732 52.443535 
4.900000 4 9 26.848890 21.497101  58.679790 52.438538 
5.000000 5 0 27.618429 21.487108  59.954029 52.748352 
5.100000 5 1 27.828302 21.277233  59.864082 51.928844 
5.200000 5 2 27.708374 21.372177  59.279434 52.323605 
5.300000 5 3 27.813313 21.791925  59.509293 52.698380 
5.400000 5 4 27.843294 21.467119  59.774136 52.488506 
5.500000 5 5 27.973217 21.811913  59.154507 53.253048 
5.600000 5 6 27.733360 21.052368  60.333801 52.438538 
5.700000 5 7 27.978212 21.477114  60.243855 53.053169 
5.800000 5 8 27.653408 21.801918  59.004597 53.667801 
5.900000 5 9 28.108135 21.831902  60.658604 53.752747 
6.000000 6 0 27.523485 21.981812  58.579853 52.828304 
6.100000 6 1 28.288027 22.046772  60.973415 52.833302 
6.200000 6 2 28.038177 22.086748  60.948429 53.158104 
6.300000 6 3 27.973217 21.876873  60.643616 53.372974 
6.400000 6 4 28.597841 21.796923  60.323807 53.352989 
6.500000 6 5 28.392963 22.191685  61.358185 53.527882 
6.600000 6 6 28.058165 22.176695  60.768539 53.442936 
6.700000 6 7 28.672796 21.856886  61.158306 53.397961 
6.800000 6 8 28.672796 21.896862  62.162701 53.557865 
6.900000 6 9 28.637817 21.956825  62.062763 53.333000 
7.000000 7 0 28.622826 22.016790  61.667999 54.587246 
7.100000 7 1 28.303019 22.411552  60.008995 54.107536 
7.200000 7 2 28.652809 21.916849  61.932838 53.982609 
7.300000 7 3 28.612833 22.276634  60.818508 54.367378 
7.400000 7 4 28.557865 22.411552  61.278233 54.777134 
7.500000 7 5 28.617828 22.001799  61.747952 54.202480 
7.600000 7 6 28.687788 22.301619  62.297623 54.382370 
7.700000 7 7 28.877674 22.551470  60.993404 54.532280 
7.800000 7 8 28.672796 23.136118  61.233261 55.166901 
7.900000 7 9 29.127523 22.696383  62.067760 54.942036 
8.000000 8 0 28.742754 23.181091  61.603039 55.496700 
8.100000 8 1 28.977613 23.061163  61.902859 54.902058 
8.200000 8 2 29.637218 22.836298  62.692383 54.922047 
8.300000 8 3 29.187487 23.535879  62.752350 55.651608 
8.400000 8 4 28.892664 23.256046  61.822906 55.251850 
8.500000 8 5 29.442335 22.706377  62.557465 55.016991 
8.600000 8 6 29.447332 22.611433  62.572456 55.446732 
8.700000 8 7 29.292425 22.966221  62.277634 55.316811 
8.800000 8 8 29.567259 23.465919  62.307617 55.846493 
8.900000 8 9 28.972616 23.221067  61.977814 55.061962 
9.000000 9 0 28.897661 23.251049  62.012791 55.831501 
9.100000 9 1 29.527283 22.946232  62.752350 54.927044 
9.200000 9 2 29.407356 23.006197  62.622425 55.186890 
9.300000 9 3 29.407356 23.410954  62.422546 55.641617 
9.400000 9 4 29.512293 22.751348  62.477512 55.221867 
9.500000 9 5 29.267439 23.700779  62.102737 56.346191 
9.600000 9 6 29.492304 23.370977  62.352589 55.536678 
9.700000 9 7 29.227463 23.475914  62.077755 55.311813 
9.800000 9 8 29.242455 23.975615  62.622425 55.591644 
9.900000 9 9 29.967020 22.786327  62.917248 55.211872 
