network init start

hyperparameters
init_weight_range 0.000000 ,xavier
learning_rate 0.000050
lambda1 0.000000
lambda2 0.000000
dropout 0.400000
minibatch size 128

   DENSE CONVOLUTION  [    9     9     4] [    3     3    32] [    9     9    36] [      1152         32][     95904]
                RELU  [    9     9    36] [    1     1     1] [    9     9    36] [         0          0][      5832]
   DENSE CONVOLUTION  [    9     9    36] [    3     3    32] [    9     9    68] [     10368         32][    842400]
                RELU  [    9     9    68] [    1     1     1] [    9     9    68] [         0          0][     11016]
   DENSE CONVOLUTION  [    9     9    68] [    3     3    32] [    9     9   100] [     19584         32][   1588896]
                RELU  [    9     9   100] [    1     1     1] [    9     9   100] [         0          0][     16200]
   DENSE CONVOLUTION  [    9     9   100] [    3     3    32] [    9     9   132] [     28800         32][   2335392]
                RELU  [    9     9   132] [    1     1     1] [    9     9   132] [         0          0][     21384]
         CONVOLUTION  [    9     9   132] [    1     1    32] [    9     9    32] [      4224         32][    344736]
                RELU  [    9     9    32] [    1     1     1] [    9     9    32] [         0          0][      5184]
   DENSE CONVOLUTION  [    9     9    32] [    3     3    32] [    9     9    64] [      9216         32][    749088]
                RELU  [    9     9    64] [    1     1     1] [    9     9    64] [         0          0][     10368]
   DENSE CONVOLUTION  [    9     9    64] [    3     3    32] [    9     9    96] [     18432         32][   1495584]
                RELU  [    9     9    96] [    1     1     1] [    9     9    96] [         0          0][     15552]
   DENSE CONVOLUTION  [    9     9    96] [    3     3    32] [    9     9   128] [     27648         32][   2242080]
                RELU  [    9     9   128] [    1     1     1] [    9     9   128] [         0          0][     20736]
   DENSE CONVOLUTION  [    9     9   128] [    3     3    32] [    9     9   160] [     36864         32][   2988576]
                RELU  [    9     9   160] [    1     1     1] [    9     9   160] [         0          0][     25920]
         CONVOLUTION  [    9     9   160] [    1     1    32] [    9     9    32] [      5120         32][    417312]
                RELU  [    9     9    32] [    1     1     1] [    9     9    32] [         0          0][      5184]
   DENSE CONVOLUTION  [    9     9    32] [    3     3    32] [    9     9    64] [      9216         32][    749088]
                RELU  [    9     9    64] [    1     1     1] [    9     9    64] [         0          0][     10368]
   DENSE CONVOLUTION  [    9     9    64] [    3     3    32] [    9     9    96] [     18432         32][   1495584]
                RELU  [    9     9    96] [    1     1     1] [    9     9    96] [         0          0][     15552]
   DENSE CONVOLUTION  [    9     9    96] [    3     3    32] [    9     9   128] [     27648         32][   2242080]
                RELU  [    9     9   128] [    1     1     1] [    9     9   128] [         0          0][     20736]
   DENSE CONVOLUTION  [    9     9   128] [    3     3    32] [    9     9   160] [     36864         32][   2988576]
                RELU  [    9     9   160] [    1     1     1] [    9     9   160] [         0          0][     25920]
         CONVOLUTION  [    9     9   160] [    1     1    64] [    9     9    64] [     10240         64][    834624]
                RELU  [    9     9    64] [    1     1     1] [    9     9    64] [         0          0][     10368]
             DROPOUT  [    9     9    64] [    1     1     1] [    9     9    64] [         0          0][     10368]
                  FC  [    9     9    64] [    1     1    82] [    1     1    82] [    425088         82][    850340]

input_geometry  [9 9 4]
output_geometry [1 1 82]
network flops operations 22490948 FLOPS, 0.022491 GFLOPS
init DONE

