0 0 0.000000 4.117118 2.483262 12.406316 12.366343
0 1 0.434783 4.067153 2.803038 13.145798 12.955931
0 2 0.869565 4.481863 3.147797 13.575498 13.525532
0 3 1.304348 4.441891 3.067852 14.240032 14.195064
0 4 1.739130 4.741681 3.022884 15.224343 14.414909
0 5 2.173913 4.771660 3.507545 15.219346 15.324273
0 6 2.608696 5.101429 3.732387 15.384231 15.459179
0 7 3.043478 5.461177 3.832317 17.407814 17.073050
0 8 3.478261 5.790946 4.192066 19.236534 18.262217
0 9 3.913043 6.025782 4.976516 20.580593 19.696213
0 10 4.347826 6.565404 5.216349 21.854702 20.925352
0 11 4.782609 7.449785 5.775957 25.092436 22.694115
0 12 5.217391 7.854502 6.415509 27.235935 24.822624
0 13 5.652174 8.618967 6.990107 27.880484 25.791946
0 14 6.086957 9.943040 7.914460 31.472969 28.250225
0 15 6.521739 10.587588 8.139302 32.582191 28.949736
0 16 6.956522 11.172179 9.003697 34.535824 30.818428
0 17 7.391304 11.996602 9.173578 36.819225 31.622864
0 18 7.826087 12.950934 10.292795 38.068352 33.646446
0 19 8.260870 13.650445 10.672529 39.722195 34.880585
0 20 8.695652 14.065154 11.337064 40.861397 35.764965
0 21 9.130435 14.030179 11.786749 41.990608 36.649345
0 22 9.565217 14.869592 12.401320 43.814331 37.513741
1 0 10.000000 15.449185 12.676126 44.613770 38.288197
1 1 10.434783 16.128710 13.355651 45.817928 39.137604
1 2 10.869565 16.748276 13.265714 46.567402 39.172581
1 3 11.304348 17.302889 13.310682 47.601677 40.256821
1 4 11.739130 17.782553 14.324972 47.516739 40.786449
1 5 12.173913 17.922455 14.319976 48.780853 41.980614
1 6 12.608696 19.351454 14.784651 50.129910 42.475266
1 7 13.043478 19.276506 15.609074 49.995003 43.139801
1 8 13.478261 19.831118 15.404217 51.199162 43.519535
1 9 13.913043 19.226542 15.324273 51.064255 43.959229
1 10 14.347826 20.300789 15.888878 51.538921 44.368942
1 11 14.782609 20.560608 16.008795 51.973618 44.523834
1 12 15.217391 21.365044 15.943839 53.012890 45.028481
1 13 15.652174 21.345058 16.738283 53.422604 46.367542
1 14 16.086956 22.344358 17.157990 53.987209 45.882881
1 15 16.521740 22.004597 17.053062 53.687420 45.972820
1 16 16.956522 22.629160 17.152992 54.242031 46.107723
1 17 17.391304 22.759069 17.547716 53.912262 46.537422
1 18 17.826086 23.228741 17.627661 54.097134 46.847206
1 19 18.260870 23.463575 18.012392 55.091434 47.137005
1 20 18.695652 23.773359 18.367144 55.556110 47.666634
1 21 19.130434 23.813332 18.552013 55.021484 47.781551
1 22 19.565218 24.083141 18.462076 55.481163 48.076347
2 0 20.000000 24.233036 18.741880 55.336266 48.950733
2 1 20.434782 24.502848 19.086639 55.091434 49.050663
2 2 20.869566 23.948236 19.671230 55.960827 49.265514
2 3 21.304348 24.642750 19.276506 55.431198 49.065655
2 4 21.739130 24.827621 19.601278 55.521133 49.565304
2 5 22.173914 25.237333 19.216549 56.765263 49.290497
2 6 22.608696 25.467173 19.796143 56.405518 49.745178
2 7 23.043478 24.912561 19.766163 56.470470 49.990005
2 8 23.478260 25.756969 20.265814 57.274906 50.324772
2 9 23.913044 25.746977 19.801140 57.789547 50.074947
2 10 24.347826 26.206656 20.525633 57.319878 50.139900
2 11 24.782608 25.682022 20.215849 56.885181 50.524632
2 12 25.217392 25.796942 20.435696 56.605377 50.749474
2 13 25.652174 26.131708 20.510643 57.339863 50.974319
2 14 26.086956 26.931149 20.565603 58.159290 50.869392
2 15 26.521740 25.961826 20.530628 57.489758 51.189167
2 16 26.956522 26.586390 21.155191 57.534725 51.663834
2 17 27.391304 26.946138 20.985310 58.239231 51.963627
2 18 27.826086 27.605677 21.185171 57.874489 51.518936
2 19 28.260870 26.876186 21.454981 58.044369 52.098530
2 20 28.695652 27.450785 21.669830 58.289196 53.192764
2 21 29.130434 27.890476 21.649845 58.823822 52.513241
2 22 29.565218 27.335865 21.290096 58.628960 52.443291
3 0 30.000000 27.225943 21.709803 58.314178 52.927952
3 1 30.434782 27.820526 21.370041 59.303486 52.258419
3 2 30.869566 27.730589 21.584890 59.443390 52.263416
3 3 31.304348 27.995403 21.999599 59.728191 53.317677
3 4 31.739130 28.085340 22.254421 59.103626 54.022186
3 5 32.173912 27.990406 22.109524 59.618267 53.472569
3 6 32.608696 28.540022 22.099531 59.698212 53.242729
3 7 33.043480 28.000401 21.854702 58.564007 53.467571
3 8 33.478260 28.270210 22.804037 59.508343 53.452583
3 9 33.913044 28.155291 21.944639 60.002998 54.172081
3 10 34.347828 28.649944 22.174479 60.237835 53.457581
3 11 34.782608 28.589987 22.364346 60.677525 54.571800
3 12 35.217392 29.144598 23.113821 60.852402 54.401920
3 13 35.652172 29.049665 23.133806 60.242828 54.781654
3 14 36.086956 28.644949 22.659138 60.207855 54.491856
3 15 36.521740 28.939743 22.639153 61.102230 54.781654
3 16 36.956520 29.019686 22.888977 60.932346 54.591785
3 17 37.391304 28.834816 23.063856 60.687519 54.471870
3 18 37.826088 29.174578 23.118816 61.646847 54.866592
3 19 38.260868 29.229540 23.078844 60.787449 54.981514
3 20 38.695652 29.794144 22.953932 61.726791 55.016487
3 21 39.130436 29.284500 22.983912 61.651844 54.921555
3 22 39.565216 29.539322 22.739082 61.701809 54.796642
4 0 40.000000 29.614269 23.468573 60.602577 55.656040
4 1 40.434784 29.389427 23.203758 61.526932 55.371239
4 2 40.869564 29.669231 23.063856 60.927349 54.801640
4 3 41.304348 30.328770 23.568502 61.466972 55.301289
4 4 41.739132 29.684221 23.248726 61.766762 55.571098
4 5 42.173912 29.659239 23.608475 61.776756 55.006496
4 6 42.608696 30.328770 23.768362 62.086540 56.305588
4 7 43.043480 30.183872 23.303688 61.701809 55.611073
4 8 43.478260 30.228840 23.508545 61.666832 55.965824
4 9 43.913044 30.113920 24.253023 61.307087 56.465473
4 10 44.347828 30.258820 22.948936 62.441292 55.701008
4 11 44.782608 30.298790 24.183071 61.696812 56.405518
4 12 45.217392 29.834116 24.053164 61.546917 56.665333
4 13 45.652172 30.163885 24.208054 61.956631 56.270611
4 14 46.086956 30.298790 24.193066 62.211452 56.370541
4 15 46.521740 31.013290 23.978216 62.376335 56.455482
4 16 46.956520 30.688519 24.263016 62.026581 56.210651
4 17 47.391304 30.718496 24.447887 62.646149 56.850204
4 18 47.826088 30.573599 24.477865 62.581192 56.735287
4 19 48.260868 30.328770 24.512840 61.691814 56.630360
4 20 48.695652 30.703508 24.397921 63.465572 56.705307
4 21 49.130436 30.558609 24.183071 62.236435 56.520435
4 22 49.565216 30.693514 24.322973 62.126511 57.120014
5 0 50.000000 30.653543 24.487858 63.010891 57.229939
5 1 50.434784 30.893375 24.557810 62.511242 56.680325
5 2 50.869564 30.978315 25.052464 63.280704 57.769562
5 3 51.304348 30.788448 25.107426 62.556210 58.304188
5 4 51.739132 30.603577 24.123114 63.070850 57.035076
5 5 52.173912 30.483662 25.142401 62.211452 58.109322
5 6 52.608696 30.933346 24.977516 62.636154 57.704605
5 7 53.043480 30.498652 24.712702 62.666134 57.409813
5 8 53.478260 31.158190 25.022484 62.736084 57.549717
5 9 53.913044 30.978315 24.937544 61.991608 57.254921
5 10 54.347828 30.948336 25.407215 62.860996 58.189266
5 11 54.782608 31.338064 24.987509 62.661137 58.119316
5 12 55.217392 31.567902 25.292295 63.420605 57.724594
5 13 55.652172 31.043270 24.782652 62.930950 57.374836
5 14 56.086956 31.792746 25.492155 62.955933 57.619667
5 15 56.521740 31.647846 24.268013 63.480564 57.534725
5 16 56.956520 31.712801 25.037474 63.355652 58.339161
5 17 57.391304 32.212452 25.557110 63.910263 58.214249
5 18 57.826088 31.353052 24.832617 63.490555 58.124313
5 19 58.260868 31.722794 25.172379 63.930248 58.698910
5 20 58.695652 31.752773 25.467173 63.335667 58.573997
5 21 59.130436 32.167484 24.887579 63.865295 57.554710
5 22 59.565216 32.432297 25.766964 64.309982 58.833817
6 0 60.000000 32.487259 25.667032 64.389931 58.394123
6 1 60.434784 31.532927 25.846907 63.600479 58.648945
6 2 60.869564 32.667133 25.916859 64.359947 58.653942
6 3 61.304348 32.237434 25.237333 64.489861 58.519035
6 4 61.739132 32.042572 26.041771 63.745377 58.399120
6 5 62.173912 31.592884 25.901869 62.811031 58.573997
6 6 62.608696 32.492256 26.481462 64.294991 59.693214
6 7 63.043480 32.762066 26.231638 64.584793 58.973717
6 8 63.478260 32.187469 26.241631 63.855301 59.283501
6 9 63.913044 32.047565 25.582092 63.820324 59.128609
6 10 64.347824 32.112522 26.031778 63.705406 59.643250
6 11 64.782608 32.727093 26.031778 64.404915 59.568302
6 12 65.217392 32.587189 26.411512 64.579796 59.628262
6 13 65.652176 32.022583 26.266613 62.611172 59.423405
6 14 66.086960 32.327370 26.016788 63.665436 59.138603
6 15 66.521736 32.492256 26.191666 63.930248 59.273510
6 16 66.956520 32.782051 26.601379 64.469872 59.873089
6 17 67.391304 32.931946 26.316578 64.654739 59.638252
6 18 67.826088 33.551514 27.160988 64.789650 59.963024
