0.000000 0 0 14.901059 13.272037  49.825104 43.244053 
0.100000 0 1 22.681391 18.558865  57.460526 49.980011 
0.200000 0 2 25.269838 19.098541  59.094543 51.713970 
0.300000 0 3 25.794523 19.863083  59.924046 52.658405 
0.400000 0 4 26.773935 20.537678  60.468719 53.352989 
0.500000 0 5 26.998800 20.617630  61.243256 54.207474 
0.600000 0 6 27.208675 21.082350  62.382572 54.807117 
0.700000 0 7 27.958225 21.637018  62.957226 55.966419 
0.800000 0 8 27.748350 22.191685  62.747353 55.516689 
0.900000 0 9 28.253048 22.076754  62.892265 55.241856 
1.000000 1 0 28.522886 23.196083  63.317009 56.501099 
1.100000 1 1 28.802719 23.031181  63.531879 56.680992 
1.200000 1 2 29.447332 22.356586  63.891666 55.926445 
1.300000 1 3 29.262442 23.066160  63.606834 57.075756 
1.400000 1 4 29.622227 24.000599  63.531879 57.445534 
1.500000 1 5 29.722166 23.870678  64.251450 57.885269 
1.600000 1 6 30.121927 24.130522  64.586250 57.915253 
1.700000 1 7 30.426744 24.230461  65.580650 58.514893 
1.800000 1 8 30.626623 23.705776  65.710571 57.670399 
1.900000 1 9 30.526684 24.785130  65.150909 59.384369 
2.000000 2 0 31.021387 24.405357  65.515694 58.699780 
2.100000 2 1 30.996403 24.365381  65.895462 59.529282 
2.200000 2 2 31.391165 25.149910  66.535080 59.984009 
2.300000 2 3 32.085747 25.449730  67.024788 60.248852 
2.400000 2 4 31.945833 25.854486  67.409554 60.538677 
2.500000 2 5 32.070759 26.049370  67.734360 60.403759 
2.600000 2 6 32.280632 25.674595  67.364578 60.498699 
2.700000 2 7 32.505497 25.794523  68.004196 61.193283 
2.800000 2 8 32.600441 25.834499  67.919250 60.968418 
2.900000 2 9 32.290627 26.439137  66.849892 61.558064 
3.000000 3 0 33.374973 26.748951  67.829300 61.772938 
3.100000 3 1 32.765339 26.614031  68.194084 62.667400 
3.200000 3 2 33.305016 27.033779  68.234062 62.117729 
3.300000 3 3 33.974617 26.928843  68.508896 61.922848 
3.400000 3 4 33.764740 27.413551  68.783730 62.467518 
3.500000 3 5 33.629822 28.113132  68.598839 63.511894 
3.600000 3 6 33.994602 27.893265  68.783730 62.642414 
3.700000 3 7 34.014591 27.753347  68.448929 62.637417 
3.800000 3 8 34.274437 28.407955  68.159103 63.976616 
3.900000 3 9 34.119530 28.382971  68.343994 63.686787 
4.000000 4 0 34.264442 28.073156  68.538879 64.151512 
4.100000 4 1 34.864082 28.792725  68.563858 63.921646 
4.200000 4 2 35.423744 28.462923  69.393364 64.116531 
4.300000 4 3 35.028984 29.047571  69.348389 64.916054 
4.400000 4 4 35.233860 28.527884  69.643211 64.541275 
4.500000 4 5 34.689186 28.757746  69.453331 64.411354 
4.600000 4 6 35.373775 29.572256  69.428345 65.275833 
4.700000 4 7 35.773537 28.482910  69.853088 64.111534 
4.800000 4 8 35.473717 28.872677  70.012993 64.506294 
4.900000 4 9 35.503696 29.092545  69.778130 65.335800 
5.000000 5 0 35.818508 29.117529  70.052971 64.911057 
5.100000 5 1 35.888466 29.677195  69.688187 64.696182 
5.200000 5 2 35.888466 29.077553  70.362785 65.295822 
5.300000 5 3 35.723564 29.512293  69.003601 65.025986 
5.400000 5 4 35.778534 29.047571  70.292824 64.996002 
5.500000 5 5 35.858486 29.817110  69.738159 66.375175 
5.600000 5 6 36.143314 29.727163  69.783127 65.615631 
5.700000 5 7 35.993404 30.056965  71.132324 66.500099 
5.800000 5 8 35.883469 29.662203  68.993607 65.225868 
5.900000 5 9 36.358185 29.837097  69.388367 65.690582 
6.000000 6 0 36.672997 30.161903  71.157303 66.320206 
6.100000 6 1 36.648010 29.922047  70.792526 66.365181 
6.200000 6 2 36.493103 30.431742  70.787529 66.280235 
6.300000 6 3 36.692986 30.501699  71.172295 66.405159 
6.400000 6 4 37.007793 30.146912  70.642616 66.110336 
6.500000 6 5 36.957825 30.736559  70.032982 66.570061 
6.600000 6 6 36.797920 30.301819  70.542671 67.099739 
6.700000 6 7 36.777935 31.036379  70.577652 66.600037 
6.800000 6 8 36.982811 30.766541  69.838097 66.984810 
6.900000 6 9 37.462521 31.016390  70.557663 66.540077 
7.000000 7 0 36.742954 30.726564  71.232262 67.079750 
7.100000 7 1 37.077755 30.761543  70.567657 67.174698 
7.200000 7 2 37.472515 31.006395  70.632622 66.979813 
7.300000 7 3 37.777332 30.466721  70.747551 66.530083 
7.400000 7 4 37.502499 30.126925  71.227264 66.660004 
7.500000 7 5 38.042175 31.011393  71.417152 66.430145 
7.600000 7 6 37.282631 31.036379  71.412155 66.739960 
7.700000 7 7 37.712372 31.046371  71.117332 67.339600 
7.800000 7 8 37.197681 30.856485  70.647614 66.540077 
7.900000 7 9 37.627422 31.521088  71.776932 67.194687 
8.000000 8 0 37.637417 31.456127  71.627022 67.909256 
8.100000 8 1 38.107136 31.925844  71.612030 67.679390 
8.200000 8 2 38.332001 31.745953  71.422150 68.129120 
8.300000 8 3 38.327003 31.626024  71.696983 67.794327 
8.400000 8 4 38.252048 32.080753  71.477112 68.708778 
8.500000 8 5 38.376972 31.296223  71.711975 67.979210 
8.600000 8 6 38.317009 30.936438  71.921844 66.989807 
8.700000 8 7 38.287029 31.396162  71.642014 68.024185 
8.800000 8 8 38.037178 31.685987  71.726967 68.488907 
8.900000 8 9 38.172096 31.895863  71.931839 68.403961 
9.000000 9 0 38.232059 31.391165  71.367180 67.799324 
9.100000 9 1 38.177094 32.405556  72.091743 67.419548 
9.200000 9 2 38.027184 31.835899  71.756943 68.488907 
9.300000 9 3 38.551868 31.695982  71.552071 67.909256 
9.400000 9 4 38.037178 32.275635  71.881874 68.099144 
9.500000 9 5 38.546871 31.710974  71.557068 67.949234 
9.600000 9 6 38.361984 32.130722  71.671997 67.644417 
9.700000 9 7 38.546871 31.556067  72.066757 67.599442 
9.800000 9 8 38.192085 31.441135  71.801918 67.794327 
9.900000 9 9 38.317009 32.040775  72.256645 68.119125 
