0 -0.000000 1 0.000004
1 -0.000000 0 0.000000
2 -0.000000 0 0.000000
3 -0.000000 0 0.000000
4 -0.000000 0 0.000000
5 -0.000000 0 0.000000
6 -0.000000 0 0.000000
7 -0.000000 0 0.000000
8 -0.000000 0 0.000000
9 -0.000000 2 0.000007
10 -0.000000 0 0.000000
11 -0.000000 0 0.000000
12 -0.000000 0 0.000000
13 -0.000000 0 0.000000
14 -0.000000 0 0.000000
15 -0.000000 0 0.000000
16 -0.000000 0 0.000000
17 -0.000000 0 0.000000
18 -0.000000 9 0.000033
19 -0.000000 0 0.000000
20 -0.000000 0 0.000000
21 -0.000000 0 0.000000
22 -0.000000 1 0.000004
23 -0.000000 0 0.000000
24 -0.000000 0 0.000000
25 -0.000000 0 0.000000
26 -0.000000 0 0.000000
27 -0.000000 63 0.000229
28 -0.000000 0 0.000000
29 -0.000000 0 0.000000
30 -0.000000 0 0.000000
31 -0.000000 2 0.000007
32 -0.000000 0 0.000000
33 -0.000000 0 0.000000
34 -0.000000 0 0.000000
35 -0.000000 0 0.000000
36 -0.000000 161 0.000586
37 -0.000000 0 0.000000
38 -0.000000 0 0.000000
39 -0.000000 0 0.000000
40 -0.000000 45 0.000164
41 -0.000000 0 0.000000
42 -0.000000 0 0.000000
43 -0.000000 6 0.000022
44 -0.000000 0 0.000000
45 -0.000000 475 0.001729
46 -0.000000 0 0.000000
47 -0.000000 103 0.000375
48 -0.000000 10 0.000036
49 -0.000000 0 0.000000
50 -0.000000 846 0.003080
51 -0.000000 285 0.001037
52 -0.000000 2541 0.009250
53 -0.000000 18998 0.069159
54 -0.000000 226173 0.823345
55 0.000000 20469 0.074514
56 0.000000 2554 0.009297
57 0.000000 277 0.001008
58 0.000000 0 0.000000
59 0.000000 817 0.002974
60 0.000000 9 0.000033
61 0.000000 98 0.000357
62 0.000000 0 0.000000
63 0.000000 477 0.001736
64 0.000000 0 0.000000
65 0.000000 3 0.000011
66 0.000000 0 0.000000
67 0.000000 0 0.000000
68 0.000000 44 0.000160
69 0.000000 0 0.000000
70 0.000000 0 0.000000
71 0.000000 0 0.000000
72 0.000000 165 0.000601
73 0.000000 0 0.000000
74 0.000000 0 0.000000
75 0.000000 0 0.000000
76 0.000000 0 0.000000
77 0.000000 4 0.000015
78 0.000000 0 0.000000
79 0.000000 0 0.000000
80 0.000000 0 0.000000
81 0.000000 46 0.000167
82 0.000000 0 0.000000
83 0.000000 0 0.000000
84 0.000000 0 0.000000
85 0.000000 0 0.000000
86 0.000000 0 0.000000
87 0.000000 0 0.000000
88 0.000000 0 0.000000
89 0.000000 0 0.000000
90 0.000000 13 0.000047
91 0.000000 0 0.000000
92 0.000000 0 0.000000
93 0.000000 0 0.000000
94 0.000000 0 0.000000
95 0.000000 0 0.000000
96 0.000000 0 0.000000
97 0.000000 0 0.000000
98 0.000000 0 0.000000
99 0.000000 0 0.000000
100 0.000000 3 0.000011
