0 -0.063446 153 0.000557
1 -0.052744 844 0.003072
2 -0.042043 958 0.003487
3 -0.031341 10322 0.037576
4 -0.020640 57475 0.209228
5 -0.009939 91141 0.331784
6 0.000763 52245 0.190189
7 0.011464 23096 0.084077
8 0.022166 10034 0.036527
9 0.032867 6544 0.023822
10 0.043568 4238 0.015428
11 0.054270 3427 0.012475
12 0.064971 1943 0.007073
13 0.075673 1341 0.004882
14 0.086374 955 0.003477
15 0.097075 647 0.002355
16 0.107777 795 0.002894
17 0.118478 648 0.002359
18 0.129180 899 0.003273
19 0.139881 1048 0.003815
20 0.150582 550 0.002002
21 0.161284 201 0.000732
22 0.171985 299 0.001088
23 0.182687 301 0.001096
24 0.193388 301 0.001096
25 0.204089 448 0.001631
26 0.214791 296 0.001078
27 0.225492 197 0.000717
28 0.236194 149 0.000542
29 0.246895 348 0.001267
30 0.257596 148 0.000539
31 0.268298 50 0.000182
32 0.278999 99 0.000360
33 0.289701 50 0.000182
34 0.300402 100 0.000364
35 0.311103 1 0.000004
36 0.321805 2 0.000007
37 0.332506 2 0.000007
38 0.343208 0 0.000000
39 0.353909 150 0.000546
40 0.364610 151 0.000550
41 0.375312 99 0.000360
42 0.386013 0 0.000000
43 0.396715 53 0.000193
44 0.407416 50 0.000182
45 0.418117 100 0.000364
46 0.428819 0 0.000000
47 0.439520 0 0.000000
48 0.450221 101 0.000368
49 0.460923 2 0.000007
50 0.471624 50 0.000182
51 0.482326 51 0.000186
52 0.493027 98 0.000357
53 0.503728 50 0.000182
54 0.514430 98 0.000357
55 0.525131 50 0.000182
56 0.535833 50 0.000182
57 0.546534 148 0.000539
58 0.557235 52 0.000189
59 0.567937 49 0.000178
60 0.578638 150 0.000546
61 0.589340 0 0.000000
62 0.600041 49 0.000178
63 0.610742 50 0.000182
64 0.621444 51 0.000186
65 0.632145 150 0.000546
66 0.642847 2 0.000007
67 0.653548 4 0.000015
68 0.664249 1 0.000004
69 0.674951 149 0.000542
70 0.685652 50 0.000182
71 0.696354 0 0.000000
72 0.707055 0 0.000000
73 0.717756 49 0.000178
74 0.728458 0 0.000000
75 0.739159 0 0.000000
76 0.749861 100 0.000364
77 0.760562 0 0.000000
78 0.771263 0 0.000000
79 0.781965 0 0.000000
80 0.792666 0 0.000000
81 0.803368 99 0.000360
82 0.814069 0 0.000000
83 0.824770 49 0.000178
84 0.835472 0 0.000000
85 0.846173 0 0.000000
86 0.856875 49 0.000178
87 0.867576 0 0.000000
88 0.878277 0 0.000000
89 0.888979 0 0.000000
90 0.899680 0 0.000000
91 0.910381 0 0.000000
92 0.921083 0 0.000000
93 0.931784 0 0.000000
94 0.942486 0 0.000000
95 0.953187 0 0.000000
96 0.963888 0 0.000000
97 0.974590 0 0.000000
98 0.985291 0 0.000000
99 0.995993 0 0.000000
100 1.006694 1 0.000004
