0 3.000000 49 0.014627
1 3.950617 50 0.014925
2 4.901235 49 0.014627
3 5.851852 50 0.014925
4 6.802469 51 0.015224
5 7.753087 147 0.043881
6 8.703704 2 0.000597
7 9.654322 0 0.000000
8 10.604939 49 0.014627
9 11.555555 49 0.014627
10 12.506173 50 0.014925
11 13.456791 50 0.014925
12 14.407408 50 0.014925
13 15.358025 50 0.014925
14 16.308643 49 0.014627
15 17.259260 50 0.014925
16 18.209877 1 0.000299
17 19.160494 0 0.000000
18 20.111111 0 0.000000
19 21.061729 49 0.014627
20 22.012346 0 0.000000
21 22.962963 50 0.014925
22 23.913582 50 0.014925
23 24.864199 50 0.014925
24 25.814816 49 0.014627
25 26.765432 51 0.015224
26 27.716049 49 0.014627
27 28.666668 49 0.014627
28 29.617285 49 0.014627
29 30.567902 1 0.000299
30 31.518520 50 0.014925
31 32.469139 50 0.014925
32 33.419754 51 0.015224
33 34.370369 50 0.014925
34 35.320988 49 0.014627
35 36.271606 49 0.014627
36 37.222221 51 0.015224
37 38.172840 49 0.014627
38 39.123459 50 0.014925
39 40.074074 49 0.014627
40 41.024693 0 0.000000
41 41.975311 50 0.014925
42 42.925926 50 0.014925
43 43.876545 49 0.014627
44 44.827164 51 0.015224
45 45.777779 51 0.015224
46 46.728397 51 0.015224
47 47.679012 50 0.014925
48 48.629631 50 0.014925
49 49.580250 51 0.015224
50 50.530865 51 0.015224
51 51.481483 50 0.014925
52 52.432098 50 0.014925
53 53.382717 1 0.000299
54 54.333336 1 0.000299
55 55.283951 0 0.000000
56 56.234570 50 0.014925
57 57.185188 50 0.014925
58 58.135803 0 0.000000
59 59.086422 1 0.000299
60 60.037041 0 0.000000
61 60.987656 1 0.000299
62 61.938274 1 0.000299
63 62.888889 50 0.014925
64 63.839508 50 0.014925
65 64.790131 51 0.015224
66 65.740738 50 0.014925
67 66.691360 150 0.044776
68 67.641975 51 0.015224
69 68.592598 0 0.000000
70 69.543213 1 0.000299
71 70.493828 2 0.000597
72 71.444443 50 0.014925
73 72.395065 49 0.014627
74 73.345680 99 0.029552
75 74.296295 98 0.029254
76 75.246918 98 0.029254
77 76.197533 50 0.014925
78 77.148148 0 0.000000
79 78.098770 0 0.000000
80 79.049385 0 0.000000
81 80.000000 51 0.015224
