initializing
training size    : 10004213
testing size     : 100120
epoch count      : 10
sub epoch size   : 100

epoch_learning_rate_decay   : 8
learning_rate_decay         : 0.250000
batch size                  : 470767

training



epoch [0 0] from [10 100]
training time per iterations 16.805971[ms]
testing
testing done
network success rate top1 0.572313% 0.866960% 
network success rate top5 4.008190% 4.369756% 
saving best net in top 5
best net saved to networks/19_19_go/net_3/trained/, with success rate 4.008190%



epoch [0 1] from [10 100]
training time per iterations 16.815118[ms]
testing
testing done
network success rate top1 0.879944% 1.679984% 
network success rate top5 5.007990% 6.549141% 
saving best net in top 5
best net saved to networks/19_19_go/net_3/trained/, with success rate 5.007990%



epoch [0 2] from [10 100]
training time per iterations 16.814278[ms]
testing
testing done
network success rate top1 5.450459% 4.936077% 
network success rate top5 19.505592% 16.769876% 
saving best net in top 5
best net saved to networks/19_19_go/net_3/trained/, with success rate 19.505592%



epoch [0 3] from [10 100]
training time per iterations 16.812059[ms]
testing
testing done
network success rate top1 6.881742% 5.853975% 
network success rate top5 23.524771% 19.091091% 
saving best net in top 5
best net saved to networks/19_19_go/net_3/trained/, with success rate 23.524771%



epoch [0 4] from [10 100]
training time per iterations 17.044042[ms]
testing
testing done
network success rate top1 7.983420% 6.633040% 
network success rate top5 26.251497% 20.897923% 
saving best net in top 5
best net saved to networks/19_19_go/net_3/trained/, with success rate 26.251497%



epoch [0 5] from [10 100]
training time per iterations 16.815178[ms]
testing
testing done
network success rate top1 8.662605% 7.039553% 
network success rate top5 27.536955% 21.782860% 
saving best net in top 5
best net saved to networks/19_19_go/net_3/trained/, with success rate 27.536955%



epoch [0 6] from [10 100]
training time per iterations 16.813748[ms]
testing
testing done
network success rate top1 9.124051% 7.448062% 
network success rate top5 29.249901% 23.172194% 
saving best net in top 5
best net saved to networks/19_19_go/net_3/trained/, with success rate 29.249901%



epoch [0 7] from [10 100]
training time per iterations 16.816657[ms]
testing
testing done
network success rate top1 9.504595% 7.589892% 
network success rate top5 29.351778% 23.319017% 
saving best net in top 5
best net saved to networks/19_19_go/net_3/trained/, with success rate 29.351778%



epoch [0 8] from [10 100]
training time per iterations 16.821935[ms]
testing
testing done
network success rate top1 10.086896% 8.228127% 
network success rate top5 31.316420% 24.534559% 
saving best net in top 5
best net saved to networks/19_19_go/net_3/trained/, with success rate 31.316420%



epoch [0 9] from [10 100]
training time per iterations 17.038164[ms]
testing
testing done
network success rate top1 10.348581% 8.212146% 
network success rate top5 31.420296% 24.397722% 
saving best net in top 5
best net saved to networks/19_19_go/net_3/trained/, with success rate 31.420296%



epoch [0 10] from [10 100]
training time per iterations 16.812059[ms]
testing
testing done
network success rate top1 11.009789% 8.689572% 
network success rate top5 32.532959% 25.239712% 
saving best net in top 5
best net saved to networks/19_19_go/net_3/trained/, with success rate 32.532959%



epoch [0 11] from [10 100]
training time per iterations 16.813408[ms]
testing
testing done
network success rate top1 11.543148% 8.640632% 
network success rate top5 33.091290% 25.508390% 
saving best net in top 5
best net saved to networks/19_19_go/net_3/trained/, with success rate 33.091290%



epoch [0 12] from [10 100]
training time per iterations 16.815607[ms]
testing
testing done
network success rate top1 12.613863% 9.577507% 
network success rate top5 34.097084% 26.850779% 
saving best net in top 5
best net saved to networks/19_19_go/net_3/trained/, with success rate 34.097084%



epoch [0 13] from [10 100]
training time per iterations 16.813958[ms]
testing
testing done
network success rate top1 13.947264% 10.271674% 
network success rate top5 36.334400% 28.101278% 
saving best net in top 5
best net saved to networks/19_19_go/net_3/trained/, with success rate 36.334400%



epoch [0 14] from [10 100]
training time per iterations 17.048290[ms]
testing
testing done
network success rate top1 15.012984% 11.090692% 
network success rate top5 37.917500% 29.347782% 
saving best net in top 5
best net saved to networks/19_19_go/net_3/trained/, with success rate 37.917500%



epoch [0 15] from [10 100]
training time per iterations 16.816607[ms]
testing
testing done
network success rate top1 15.946864% 11.261486% 
network success rate top5 38.365959% 29.891130% 
saving best net in top 5
best net saved to networks/19_19_go/net_3/trained/, with success rate 38.365959%



epoch [0 16] from [10 100]
training time per iterations 16.811499[ms]
testing
testing done
network success rate top1 16.912704% 12.102477% 
network success rate top5 39.310825% 31.190571% 
saving best net in top 5
best net saved to networks/19_19_go/net_3/trained/, with success rate 39.310825%



epoch [0 17] from [10 100]
training time per iterations 16.825273[ms]
testing
testing done
network success rate top1 17.407112% 12.186377% 
network success rate top5 39.814224% 31.681982% 
saving best net in top 5
best net saved to networks/19_19_go/net_3/trained/, with success rate 39.814224%



epoch [0 18] from [10 100]
training time per iterations 17.050479[ms]
testing
testing done
network success rate top1 17.744707% 12.435078% 
network success rate top5 40.060928% 32.307232% 
saving best net in top 5
best net saved to networks/19_19_go/net_3/trained/, with success rate 40.060928%



epoch [0 19] from [10 100]
training time per iterations 16.810030[ms]
testing
testing done
network success rate top1 17.244307% 12.180384% 
network success rate top5 38.826408% 31.600080% 



epoch [0 20] from [10 100]
training time per iterations 16.812009[ms]
testing
testing done
network success rate top1 18.102278% 12.832601% 
network success rate top5 39.769276% 32.299240% 



epoch [0 21] from [10 100]
training time per iterations 16.809400[ms]
testing
testing done
network success rate top1 18.727528% 13.185178% 
network success rate top5 40.955853% 33.387936% 
saving best net in top 5
best net saved to networks/19_19_go/net_3/trained/, with success rate 40.955853%



epoch [0 22] from [10 100]
training time per iterations 16.810560[ms]
testing
testing done
network success rate top1 19.298841% 13.534759% 
network success rate top5 41.733921% 34.060127% 
saving best net in top 5
best net saved to networks/19_19_go/net_3/trained/, with success rate 41.733921%



epoch [0 23] from [10 100]
training time per iterations 17.039993[ms]
testing
testing done
network success rate top1 19.035158% 13.199161% 
network success rate top5 41.700958% 33.809429% 



epoch [0 24] from [10 100]
training time per iterations 16.807241[ms]
testing
testing done
network success rate top1 19.529564% 13.539752% 
network success rate top5 41.668999% 34.296844% 



epoch [0 25] from [10 100]
training time per iterations 16.804082[ms]
testing
testing done
network success rate top1 19.861166% 13.959249% 
network success rate top5 42.235317% 34.326809% 
saving best net in top 5
best net saved to networks/19_19_go/net_3/trained/, with success rate 42.235317%



epoch [0 26] from [10 100]
training time per iterations 16.805302[ms]
testing
testing done
network success rate top1 19.859169% 13.816421% 
network success rate top5 42.617859% 34.468639% 
saving best net in top 5
best net saved to networks/19_19_go/net_3/trained/, with success rate 42.617859%



epoch [0 27] from [10 100]
training time per iterations 16.820615[ms]
testing
testing done
network success rate top1 20.076908% 13.721534% 
network success rate top5 42.913506% 34.693367% 
saving best net in top 5
best net saved to networks/19_19_go/net_3/trained/, with success rate 42.913506%



epoch [0 28] from [10 100]
training time per iterations 17.042712[ms]
testing
testing done
network success rate top1 20.295645% 14.511586% 
network success rate top5 42.912506% 35.544346% 



epoch [0 29] from [10 100]
training time per iterations 16.816377[ms]
testing
testing done
network success rate top1 20.456451% 14.467639% 
network success rate top5 43.369957% 35.310627% 
saving best net in top 5
best net saved to networks/19_19_go/net_3/trained/, with success rate 43.369957%



epoch [0 30] from [10 100]
training time per iterations 16.815008[ms]
testing
testing done
network success rate top1 20.537355% 14.237914% 
network success rate top5 43.356972% 35.299641% 



epoch [0 31] from [10 100]
training time per iterations 16.811889[ms]
testing
testing done
network success rate top1 20.506392% 14.240911% 
network success rate top5 43.243107% 35.638233% 



epoch [0 32] from [10 100]
training time per iterations 17.037884[ms]
testing
testing done
network success rate top1 20.724131% 14.482621% 
network success rate top5 43.436874% 35.570316% 
saving best net in top 5
best net saved to networks/19_19_go/net_3/trained/, with success rate 43.436874%



epoch [0 33] from [10 100]
training time per iterations 16.809690[ms]
testing
testing done
network success rate top1 21.011786% 14.528565% 
network success rate top5 43.828407% 35.822014% 
saving best net in top 5
best net saved to networks/19_19_go/net_3/trained/, with success rate 43.828407%



epoch [0 34] from [10 100]
training time per iterations 16.809270[ms]
testing
testing done
network success rate top1 21.257490% 14.884139% 
network success rate top5 43.664604% 36.225529% 



epoch [0 35] from [10 100]
training time per iterations 16.813059[ms]
testing
testing done
network success rate top1 20.737116% 14.617459% 
network success rate top5 43.532761% 35.835999% 



epoch [0 36] from [10 100]
training time per iterations 16.809900[ms]
testing
testing done
network success rate top1 21.151619% 15.074910% 
network success rate top5 43.993210% 36.464241% 
saving best net in top 5
best net saved to networks/19_19_go/net_3/trained/, with success rate 43.993210%



epoch [0 37] from [10 100]
training time per iterations 17.037614[ms]
testing
testing done
network success rate top1 21.546144% 15.087894% 
network success rate top5 44.535557% 36.641029% 
saving best net in top 5
best net saved to networks/19_19_go/net_3/trained/, with success rate 44.535557%



epoch [0 38] from [10 100]
training time per iterations 16.815677[ms]
testing
testing done
network success rate top1 21.853775% 15.151818% 
network success rate top5 44.814224% 36.744907% 
saving best net in top 5
best net saved to networks/19_19_go/net_3/trained/, with success rate 44.814224%



epoch [0 39] from [10 100]
training time per iterations 16.814538[ms]
testing
testing done
network success rate top1 21.510187% 15.165801% 
network success rate top5 44.548542% 36.666000% 



epoch [0 40] from [10 100]
training time per iterations 16.813518[ms]
testing
testing done
network success rate top1 21.678986% 15.418498% 
network success rate top5 44.445663% 37.221333% 



epoch [0 41] from [10 100]
training time per iterations 16.811369[ms]
testing
testing done
network success rate top1 21.658010% 15.387535% 
network success rate top5 44.578506% 37.164402% 



epoch [0 42] from [10 100]
training time per iterations 17.039214[ms]
testing
testing done
network success rate top1 21.856771% 15.134838% 
network success rate top5 44.773273% 37.074512% 



epoch [0 43] from [10 100]
training time per iterations 16.814178[ms]
testing
testing done
network success rate top1 22.445066% 15.501398% 
network success rate top5 44.969036% 37.493008% 
saving best net in top 5
best net saved to networks/19_19_go/net_3/trained/, with success rate 44.969036%



epoch [0 44] from [10 100]
training time per iterations 16.809390[ms]
testing
testing done
network success rate top1 22.060528% 15.563324% 
network success rate top5 45.189774% 37.414104% 
saving best net in top 5
best net saved to networks/19_19_go/net_3/trained/, with success rate 45.189774%



epoch [0 45] from [10 100]
training time per iterations 16.807811[ms]
testing
testing done
network success rate top1 21.731922% 15.570315% 
network success rate top5 44.961048% 37.545944% 



epoch [0 46] from [10 100]
training time per iterations 16.819476[ms]
testing
testing done
network success rate top1 22.407112% 15.766081% 
network success rate top5 45.565323% 37.737713% 
saving best net in top 5
best net saved to networks/19_19_go/net_3/trained/, with success rate 45.565323%



epoch [0 47] from [10 100]
training time per iterations 17.039763[ms]
testing
testing done
network success rate top1 22.338194% 15.464442% 
network success rate top5 45.300640% 37.792648% 



epoch [0 48] from [10 100]
training time per iterations 16.818186[ms]
testing
testing done
network success rate top1 22.490011% 15.924891% 
network success rate top5 45.380543% 37.886536% 



epoch [0 49] from [10 100]
training time per iterations 16.810570[ms]
testing
testing done
network success rate top1 22.537954% 16.296444% 
network success rate top5 45.658211% 38.509789% 
saving best net in top 5
best net saved to networks/19_19_go/net_3/trained/, with success rate 45.658211%



epoch [0 50] from [10 100]
training time per iterations 16.819386[ms]
testing
testing done
network success rate top1 22.771673% 16.034758% 
network success rate top5 45.160809% 38.213142% 



epoch [0 51] from [10 100]
training time per iterations 17.040753[ms]
testing
testing done
network success rate top1 22.692768% 16.176588% 
network success rate top5 45.463444% 38.759487% 



epoch [0 52] from [10 100]
training time per iterations 16.816587[ms]
testing
testing done
network success rate top1 22.828606% 16.428286% 
network success rate top5 46.211548% 38.706551% 
saving best net in top 5
best net saved to networks/19_19_go/net_3/trained/, with success rate 46.211548%



epoch [0 53] from [10 100]
training time per iterations 16.814578[ms]
testing
testing done
network success rate top1 22.851578% 16.396324% 
network success rate top5 45.339592% 38.489811% 



epoch [0 54] from [10 100]
training time per iterations 16.812719[ms]
testing
testing done
network success rate top1 22.712744% 16.284458% 
network success rate top5 45.734119% 38.941269% 



epoch [0 55] from [10 100]
training time per iterations 16.816677[ms]
testing
testing done
network success rate top1 22.667799% 16.202557% 
network success rate top5 45.870956% 38.584698% 



epoch [0 56] from [10 100]
training time per iterations 17.039194[ms]
testing
testing done
network success rate top1 23.071314% 16.454254% 
network success rate top5 46.150620% 39.141029% 



epoch [0 57] from [10 100]
training time per iterations 16.812539[ms]
testing
testing done
network success rate top1 22.745705% 16.562126% 
network success rate top5 45.764084% 39.465641% 



epoch [0 58] from [10 100]
training time per iterations 16.814828[ms]
testing
testing done
network success rate top1 23.258091% 16.787855% 
network success rate top5 46.357372% 39.205952% 
saving best net in top 5
best net saved to networks/19_19_go/net_3/trained/, with success rate 46.357372%



epoch [0 59] from [10 100]
training time per iterations 16.813648[ms]
testing
testing done
network success rate top1 22.922493% 16.844786% 
network success rate top5 45.587296% 39.410706% 



epoch [0 60] from [10 100]
training time per iterations 16.811349[ms]
testing
testing done
network success rate top1 23.565722% 16.894726% 
network success rate top5 46.101677% 39.379745% 



epoch [0 61] from [10 100]
training time per iterations 17.042282[ms]
testing
testing done
network success rate top1 22.760687% 16.708950% 
network success rate top5 45.858971% 39.105072% 



epoch [0 62] from [10 100]
training time per iterations 16.815268[ms]
testing
testing done
network success rate top1 23.232121% 16.981623% 
network success rate top5 46.410309% 39.521576% 
saving best net in top 5
best net saved to networks/19_19_go/net_3/trained/, with success rate 46.410309%



epoch [0 63] from [10 100]
training time per iterations 16.821145[ms]
testing
testing done
network success rate top1 23.021374% 16.919697% 
network success rate top5 46.432281% 39.633438% 
saving best net in top 5
best net saved to networks/19_19_go/net_3/trained/, with success rate 46.432281%



epoch [0 64] from [10 100]
training time per iterations 16.816147[ms]
testing
testing done
network success rate top1 23.232121% 16.691969% 
network success rate top5 46.517178% 39.645424% 
saving best net in top 5
best net saved to networks/19_19_go/net_3/trained/, with success rate 46.517178%



epoch [0 65] from [10 100]
training time per iterations 17.044591[ms]
testing
testing done
network success rate top1 23.477827% 16.912704% 
network success rate top5 47.383141% 39.925091% 
saving best net in top 5
best net saved to networks/19_19_go/net_3/trained/, with success rate 47.383141%



epoch [0 66] from [10 100]
training time per iterations 16.822095[ms]
testing
testing done
network success rate top1 23.574711% 17.499001% 
network success rate top5 46.671993% 40.018978% 



epoch [0 67] from [10 100]
training time per iterations 16.820375[ms]
testing
testing done
network success rate top1 23.507792% 17.173391% 
network success rate top5 46.659008% 39.989014% 



epoch [0 68] from [10 100]
training time per iterations 16.808171[ms]
testing
testing done
network success rate top1 23.278067% 17.129444% 
network success rate top5 46.424290% 39.826210% 



epoch [0 69] from [10 100]
training time per iterations 16.811829[ms]
testing
testing done
network success rate top1 23.983221% 17.685778% 
network success rate top5 47.155415% 40.379543% 



epoch [0 70] from [10 100]
training time per iterations 17.039993[ms]
testing
testing done
network success rate top1 23.800440% 17.878546% 
network success rate top5 47.319218% 40.667198% 



epoch [0 71] from [10 100]
training time per iterations 16.813958[ms]
testing
testing done
network success rate top1 23.855373% 17.882542% 
network success rate top5 47.723732% 40.508389% 
saving best net in top 5
best net saved to networks/19_19_go/net_3/trained/, with success rate 47.723732%



epoch [0 72] from [10 100]
training time per iterations 16.813708[ms]
testing
testing done
network success rate top1 24.137035% 18.017380% 
network success rate top5 47.265282% 41.068718% 



epoch [0 73] from [10 100]
training time per iterations 16.814378[ms]
testing
testing done
network success rate top1 23.936277% 17.624849% 
network success rate top5 47.138435% 40.433479% 



epoch [0 74] from [10 100]
training time per iterations 16.815348[ms]
testing
testing done
network success rate top1 24.349781% 17.910507% 
network success rate top5 47.389133% 40.578304% 



epoch [0 75] from [10 100]
training time per iterations 17.039094[ms]
testing
testing done
network success rate top1 24.020176% 18.027367% 
network success rate top5 47.375149% 40.680183% 



epoch [0 76] from [10 100]
training time per iterations 16.815907[ms]
testing
testing done
network success rate top1 23.946264% 18.193169% 
network success rate top5 47.770676% 41.099682% 
saving best net in top 5
best net saved to networks/19_19_go/net_3/trained/, with success rate 47.770676%



epoch [0 77] from [10 100]
training time per iterations 16.813588[ms]
testing
testing done
network success rate top1 24.221933% 18.306032% 
network success rate top5 47.647823% 41.191570% 



epoch [0 78] from [10 100]
training time per iterations 16.814748[ms]
testing
testing done
network success rate top1 24.021175% 18.376947% 
network success rate top5 47.416100% 41.078705% 



epoch [0 79] from [10 100]
training time per iterations 17.041892[ms]
testing
testing done
network success rate top1 23.912306% 18.360968% 
network success rate top5 47.541950% 41.099682% 



epoch [0 80] from [10 100]
training time per iterations 16.813168[ms]
testing
testing done
network success rate top1 24.249901% 18.355972% 
network success rate top5 48.151218% 41.041748% 
saving best net in top 5
best net saved to networks/19_19_go/net_3/trained/, with success rate 48.151218%



epoch [0 81] from [10 100]
training time per iterations 16.817297[ms]
testing
testing done
network success rate top1 24.143028% 18.201159% 
network success rate top5 47.774670% 41.296444% 



epoch [0 82] from [10 100]
training time per iterations 16.822924[ms]
testing
testing done
network success rate top1 24.409708% 18.586697% 
network success rate top5 48.481823% 41.626049% 
saving best net in top 5
best net saved to networks/19_19_go/net_3/trained/, with success rate 48.481823%



epoch [0 83] from [10 100]
training time per iterations 16.819136[ms]
testing
testing done
network success rate top1 24.249901% 18.557732% 
network success rate top5 47.584900% 41.309429% 



epoch [0 84] from [10 100]
training time per iterations 17.039293[ms]
testing
testing done
network success rate top1 24.156013% 18.323013% 
network success rate top5 47.740711% 41.454254% 



epoch [0 85] from [10 100]
training time per iterations 16.820605[ms]
testing
testing done
network success rate top1 24.215940% 18.390930% 
network success rate top5 47.468037% 41.503197% 



epoch [0 86] from [10 100]
training time per iterations 16.813798[ms]
testing
testing done
network success rate top1 24.288853% 18.407911% 
network success rate top5 47.412106% 41.421295% 



epoch [0 87] from [10 100]
training time per iterations 16.899662[ms]
testing
testing done
network success rate top1 24.587496% 18.776468% 
network success rate top5 48.123253% 41.880745% 



epoch [0 88] from [10 100]
training time per iterations 16.899842[ms]
testing
testing done
network success rate top1 24.460648% 18.815422% 
network success rate top5 48.048344% 41.553135% 



epoch [0 89] from [10 100]
training time per iterations 17.070330[ms]
testing
testing done
network success rate top1 24.492609% 18.806433% 
network success rate top5 47.471035% 41.868759% 



epoch [0 90] from [10 100]
training time per iterations 16.898453[ms]
testing
testing done
network success rate top1 24.525570% 18.959249% 
network success rate top5 47.767677% 41.924690% 



epoch [0 91] from [10 100]
training time per iterations 16.816527[ms]
testing
testing done
network success rate top1 24.505592% 18.750500% 
network success rate top5 48.041351% 41.934677% 



epoch [0 92] from [10 100]
training time per iterations 16.816897[ms]
testing
testing done
network success rate top1 24.830204% 19.021175% 
network success rate top5 48.384937% 42.093487% 



epoch [0 93] from [10 100]
training time per iterations 16.822405[ms]
testing
testing done
network success rate top1 24.397722% 19.054134% 
network success rate top5 47.640831% 42.065521% 



epoch [0 94] from [10 100]
training time per iterations 17.044221[ms]
testing
testing done
network success rate top1 24.934078% 19.010187% 
network success rate top5 48.685577% 42.229324% 
saving best net in top 5
best net saved to networks/19_19_go/net_3/trained/, with success rate 48.685577%



epoch [0 95] from [10 100]
training time per iterations 16.866676[ms]
testing
testing done
network success rate top1 24.789253% 19.056133% 
network success rate top5 48.702557% 41.861767% 
saving best net in top 5
best net saved to networks/19_19_go/net_3/trained/, with success rate 48.702557%



epoch [0 96] from [10 100]
training time per iterations 16.893925[ms]
testing
testing done
network success rate top1 24.466640% 19.157011% 
network success rate top5 47.551937% 41.916698% 



epoch [0 97] from [10 100]
training time per iterations 16.816957[ms]
testing
testing done
network success rate top1 24.913105% 18.981222% 
network success rate top5 47.909508% 42.207352% 



epoch [0 98] from [10 100]
training time per iterations 17.055817[ms]
testing
testing done
network success rate top1 25.213743% 19.232920% 
network success rate top5 48.833401% 42.606873% 
saving best net in top 5
best net saved to networks/19_19_go/net_3/trained/, with success rate 48.833401%



epoch [0 99] from [10 100]
training time per iterations 16.826173[ms]
testing
testing done
network success rate top1 25.189772% 19.131042% 
network success rate top5 48.686577% 42.100479% 



epoch [1 0] from [10 100]
training time per iterations 16.817417[ms]
testing
testing done
network success rate top1 25.180782% 19.260887% 
network success rate top5 49.018177% 42.531963% 
saving best net in top 5
best net saved to networks/19_19_go/net_3/trained/, with success rate 49.018177%



epoch [1 1] from [10 100]
training time per iterations 16.904390[ms]
testing
testing done
network success rate top1 25.215740% 19.313824% 
network success rate top5 48.180183% 42.392128% 



epoch [1 2] from [10 100]
training time per iterations 16.879431[ms]
testing
testing done
network success rate top1 24.804235% 19.151018% 
network success rate top5 48.164204% 42.058529% 



epoch [1 3] from [10 100]
training time per iterations 17.060095[ms]
testing
testing done
network success rate top1 25.403515% 19.547543% 
network success rate top5 47.821613% 42.432083% 



epoch [1 4] from [10 100]
training time per iterations 16.867546[ms]
testing
testing done
network success rate top1 25.335598% 19.377747% 
network success rate top5 48.810429% 42.721733% 



epoch [1 5] from [10 100]
training time per iterations 16.897993[ms]
testing
testing done
network success rate top1 25.193768% 19.436676% 
network success rate top5 48.527767% 42.980423% 



epoch [1 6] from [10 100]
training time per iterations 16.866846[ms]
testing
testing done
network success rate top1 25.049940% 19.304834% 
network success rate top5 48.662605% 42.629845% 



epoch [1 7] from [10 100]
training time per iterations 16.901491[ms]
testing
testing done
network success rate top1 25.215740% 19.359768% 
network success rate top5 48.993210% 42.856571% 



epoch [1 8] from [10 100]
training time per iterations 17.101967[ms]
testing
testing done
network success rate top1 24.934078% 19.448662% 
network success rate top5 47.487015% 42.308231% 



epoch [1 9] from [10 100]
training time per iterations 16.854641[ms]
testing
testing done
network success rate top1 25.325609% 19.475630% 
network success rate top5 48.664604% 42.638832% 



epoch [1 10] from [10 100]
training time per iterations 16.862298[ms]
testing
testing done
network success rate top1 25.691170% 19.573511% 
network success rate top5 49.421696% 42.857571% 
saving best net in top 5
best net saved to networks/19_19_go/net_3/trained/, with success rate 49.421696%



epoch [1 11] from [10 100]
training time per iterations 16.902831[ms]
testing
testing done
network success rate top1 25.135838% 19.704355% 
network success rate top5 48.715542% 43.013386% 



epoch [1 12] from [10 100]
training time per iterations 17.089792[ms]
testing
testing done
network success rate top1 25.398521% 19.690372% 
network success rate top5 49.364761% 42.880543% 



epoch [1 13] from [10 100]
training time per iterations 16.850793[ms]
testing
testing done
network success rate top1 24.951059% 19.627447% 
network success rate top5 48.650620% 42.585896% 



epoch [1 14] from [10 100]
training time per iterations 16.820295[ms]
testing
testing done
network success rate top1 25.423492% 19.957052% 
network success rate top5 49.438675% 43.394928% 
saving best net in top 5
best net saved to networks/19_19_go/net_3/trained/, with success rate 49.438675%



epoch [1 15] from [10 100]
training time per iterations 16.815298[ms]
testing
testing done
network success rate top1 25.603275% 19.880144% 
network success rate top5 49.496605% 43.223133% 
saving best net in top 5
best net saved to networks/19_19_go/net_3/trained/, with success rate 49.496605%



epoch [1 16] from [10 100]
training time per iterations 16.808920[ms]
testing
testing done
network success rate top1 25.755095% 19.871155% 
network success rate top5 49.027168% 43.292049% 



epoch [1 17] from [10 100]
training time per iterations 17.037224[ms]
testing
testing done
network success rate top1 25.210747% 19.677387% 
network success rate top5 47.918499% 42.770676% 



epoch [1 18] from [10 100]
training time per iterations 16.844285[ms]
testing
testing done
network success rate top1 25.376549% 19.616461% 
network success rate top5 49.018177% 43.328007% 



epoch [1 19] from [10 100]
training time per iterations 16.896394[ms]
testing
testing done
network success rate top1 25.579306% 19.992010% 
network success rate top5 49.001198% 43.219135% 



epoch [1 20] from [10 100]
training time per iterations 16.900112[ms]
testing
testing done
network success rate top1 25.447464% 19.776268% 
network success rate top5 48.142231% 43.101280% 



epoch [1 21] from [10 100]
training time per iterations 16.882739[ms]
testing
testing done
network success rate top1 25.736116% 19.936077% 
network success rate top5 49.195965% 43.292049% 



epoch [1 22] from [10 100]
training time per iterations 17.105736[ms]
testing
testing done
network success rate top1 25.849979% 20.070915% 
network success rate top5 49.191971% 43.370956% 



epoch [1 23] from [10 100]
training time per iterations 16.874463[ms]
testing
testing done
network success rate top1 25.534359% 19.790251% 
network success rate top5 49.185978% 43.218140% 



epoch [1 24] from [10 100]
training time per iterations 16.898832[ms]
testing
testing done
network success rate top1 25.787056% 19.863165% 
network success rate top5 49.341789% 43.642628% 



epoch [1 25] from [10 100]
training time per iterations 16.874603[ms]
testing
testing done
network success rate top1 25.736116% 19.862165% 
network success rate top5 48.887337% 43.408909% 



epoch [1 26] from [10 100]
training time per iterations 16.865846[ms]
testing
testing done
network success rate top1 26.078705% 19.863165% 
network success rate top5 49.679386% 43.660606% 
saving best net in top 5
best net saved to networks/19_19_go/net_3/trained/, with success rate 49.679386%



epoch [1 27] from [10 100]
training time per iterations 17.045451[ms]
testing
testing done
network success rate top1 25.853975% 20.103876% 
network success rate top5 49.119057% 43.661606% 



epoch [1 28] from [10 100]
training time per iterations 16.832950[ms]
testing
testing done
network success rate top1 25.522373% 19.946064% 
network success rate top5 49.260887% 43.625648% 



epoch [1 29] from [10 100]
training time per iterations 16.815887[ms]
testing
testing done
network success rate top1 26.022772% 20.125849% 
network success rate top5 49.981022% 43.989212% 
saving best net in top 5
best net saved to networks/19_19_go/net_3/trained/, with success rate 49.981022%



epoch [1 30] from [10 100]
training time per iterations 16.813278[ms]
testing
testing done
network success rate top1 25.680183% 20.094887% 
network success rate top5 48.660606% 43.880344% 



epoch [1 31] from [10 100]
training time per iterations 17.039363[ms]
testing
testing done
network success rate top1 25.722134% 19.983021% 
network success rate top5 49.327808% 43.538754% 



epoch [1 32] from [10 100]
training time per iterations 16.813528[ms]
testing
testing done
network success rate top1 26.103676% 20.295645% 
network success rate top5 50.251698% 43.974232% 
saving best net in top 5
best net saved to networks/19_19_go/net_3/trained/, with success rate 50.251698%



epoch [1 33] from [10 100]
training time per iterations 16.813888[ms]
testing
testing done
network success rate top1 26.208549% 20.338594% 
network success rate top5 49.694366% 44.110069% 



epoch [1 34] from [10 100]
training time per iterations 16.815827[ms]
testing
testing done
network success rate top1 25.923891% 20.187775% 
network success rate top5 49.429684% 43.987217% 



epoch [1 35] from [10 100]
training time per iterations 16.812689[ms]
testing
testing done
network success rate top1 26.041750% 20.029964% 
network success rate top5 49.746304% 43.547741% 



epoch [1 36] from [10 100]
training time per iterations 17.041513[ms]
testing
testing done
network success rate top1 25.782061% 20.102877% 
network success rate top5 49.710346% 43.763485% 



epoch [1 37] from [10 100]
training time per iterations 16.811469[ms]
testing
testing done
network success rate top1 26.077707% 20.286655% 
network success rate top5 49.398720% 44.017178% 



epoch [1 38] from [10 100]
training time per iterations 16.809580[ms]
testing
testing done
network success rate top1 26.102676% 20.261686% 
network success rate top5 49.878147% 43.870354% 



epoch [1 39] from [10 100]
training time per iterations 16.811839[ms]
testing
testing done
network success rate top1 26.112665% 20.229725% 
network success rate top5 49.853176% 44.124050% 



epoch [1 40] from [10 100]
training time per iterations 16.808650[ms]
testing
testing done
network success rate top1 26.068718% 20.422493% 
network success rate top5 49.499599% 43.822414% 



epoch [1 41] from [10 100]
training time per iterations 17.043992[ms]
testing
testing done
network success rate top1 26.265482% 20.259687% 
network success rate top5 49.727325% 43.826408% 



epoch [1 42] from [10 100]
training time per iterations 16.814778[ms]
testing
testing done
network success rate top1 26.079704% 20.222733% 
network success rate top5 50.217739% 44.079105% 



epoch [1 43] from [10 100]
training time per iterations 16.810700[ms]
testing
testing done
network success rate top1 26.368359% 20.166800% 
network success rate top5 49.880142% 44.034161% 



epoch [1 44] from [10 100]
training time per iterations 16.809580[ms]
testing
testing done
network success rate top1 26.299440% 20.454454% 
network success rate top5 49.805233% 44.172993% 



epoch [1 45] from [10 100]
training time per iterations 17.036315[ms]
testing
testing done
network success rate top1 26.314423% 20.002996% 
network success rate top5 50.065922% 43.934280% 



epoch [1 46] from [10 100]
training time per iterations 16.811449[ms]
testing
testing done
network success rate top1 26.454254% 20.364563% 
network success rate top5 50.136837% 44.158009% 



epoch [1 47] from [10 100]
training time per iterations 16.810929[ms]
testing
testing done
network success rate top1 26.230524% 20.353577% 
network success rate top5 50.370556% 43.999203% 
saving best net in top 5
best net saved to networks/19_19_go/net_3/trained/, with success rate 50.370556%



epoch [1 48] from [10 100]
training time per iterations 16.811069[ms]
testing
testing done
network success rate top1 26.393328% 20.494408% 
network success rate top5 50.010986% 44.064121% 



epoch [1 49] from [10 100]
training time per iterations 16.806771[ms]
testing
testing done
network success rate top1 26.185577% 20.020975% 
network success rate top5 49.877148% 43.797443% 



epoch [1 50] from [10 100]
training time per iterations 17.037024[ms]
testing
testing done
network success rate top1 26.360367% 20.343588% 
network success rate top5 50.025970% 44.005196% 



epoch [1 51] from [10 100]
training time per iterations 16.811669[ms]
testing
testing done
network success rate top1 26.248503% 20.322613% 
network success rate top5 50.124851% 44.217937% 



epoch [1 52] from [10 100]
training time per iterations 16.809130[ms]
testing
testing done
network success rate top1 26.531162% 20.299641% 
network success rate top5 49.988014% 44.347782% 



epoch [1 53] from [10 100]
training time per iterations 16.808470[ms]
testing
testing done
network success rate top1 26.651018% 20.344587% 
network success rate top5 50.496403% 44.485619% 
saving best net in top 5
best net saved to networks/19_19_go/net_3/trained/, with success rate 50.496403%



epoch [1 54] from [10 100]
training time per iterations 16.811719[ms]
testing
testing done
network success rate top1 26.635038% 20.831003% 
network success rate top5 50.438473% 44.499599% 



epoch [1 55] from [10 100]
training time per iterations 17.036934[ms]
testing
testing done
network success rate top1 26.440271% 20.694166% 
network success rate top5 49.859169% 44.601479% 



epoch [1 56] from [10 100]
training time per iterations 16.809790[ms]
testing
testing done
network success rate top1 26.227528% 20.416500% 
network success rate top5 49.568520% 44.284859% 



epoch [1 57] from [10 100]
training time per iterations 16.814318[ms]
testing
testing done
network success rate top1 26.267479% 20.518377% 
network success rate top5 50.244705% 44.617458% 



epoch [1 58] from [10 100]
training time per iterations 16.812339[ms]
testing
testing done
network success rate top1 26.680983% 20.746105% 
network success rate top5 50.047943% 44.769276% 



epoch [1 59] from [10 100]
training time per iterations 17.040833[ms]
testing
testing done
network success rate top1 26.644028% 20.900919% 
network success rate top5 50.617260% 44.683380% 
saving best net in top 5
best net saved to networks/19_19_go/net_3/trained/, with success rate 50.617260%



epoch [1 60] from [10 100]
training time per iterations 16.814618[ms]
testing
testing done
network success rate top1 26.608070% 20.757092% 
network success rate top5 49.975029% 44.631443% 



epoch [1 61] from [10 100]
training time per iterations 16.807291[ms]
testing
testing done
network success rate top1 26.427288% 20.627247% 
network success rate top5 50.118858% 44.614464% 



epoch [1 62] from [10 100]
training time per iterations 16.811959[ms]
testing
testing done
network success rate top1 26.565123% 20.881941% 
network success rate top5 50.364563% 45.055931% 



epoch [1 63] from [10 100]
training time per iterations 16.813208[ms]
testing
testing done
network success rate top1 26.744905% 20.836996% 
network success rate top5 50.041950% 44.665401% 



epoch [1 64] from [10 100]
training time per iterations 17.030567[ms]
testing
testing done
network success rate top1 26.634039% 20.731123% 
network success rate top5 50.768078% 44.903118% 
saving best net in top 5
best net saved to networks/19_19_go/net_3/trained/, with success rate 50.768078%



epoch [1 65] from [10 100]
training time per iterations 16.816607[ms]
testing
testing done
network success rate top1 26.891729% 20.792049% 
network success rate top5 50.829006% 44.985020% 
saving best net in top 5
best net saved to networks/19_19_go/net_3/trained/, with success rate 50.829006%



epoch [1 66] from [10 100]
training time per iterations 16.815048[ms]
testing
testing done
network success rate top1 26.446264% 20.657211% 
network success rate top5 50.580303% 44.879147% 



epoch [1 67] from [10 100]
training time per iterations 16.817407[ms]
testing
testing done
network success rate top1 26.861767% 20.711147% 
network success rate top5 50.934879% 44.683380% 
saving best net in top 5
best net saved to networks/19_19_go/net_3/trained/, with success rate 50.934879%



epoch [1 68] from [10 100]
training time per iterations 16.812959[ms]
testing
testing done
network success rate top1 26.627048% 20.878944% 
network success rate top5 50.851978% 44.762287% 



epoch [1 69] from [10 100]
training time per iterations 17.032846[ms]
testing
testing done
network success rate top1 26.816820% 20.432482% 
network success rate top5 49.981022% 44.574512% 



epoch [1 70] from [10 100]
training time per iterations 16.807441[ms]
testing
testing done
network success rate top1 26.737915% 20.917898% 
network success rate top5 50.548344% 45.174789% 



epoch [1 71] from [10 100]
training time per iterations 16.809320[ms]
testing
testing done
network success rate top1 26.809828% 20.617260% 
network success rate top5 50.473431% 44.952057% 



epoch [1 72] from [10 100]
training time per iterations 16.811069[ms]
testing
testing done
network success rate top1 26.831802% 20.995806% 
network success rate top5 51.028767% 45.159809% 
saving best net in top 5
best net saved to networks/19_19_go/net_3/trained/, with success rate 51.028767%



epoch [1 73] from [10 100]
training time per iterations 16.809630[ms]
testing
testing done
network success rate top1 26.608070% 20.901918% 
network success rate top5 50.355572% 45.245705% 



epoch [1 74] from [10 100]
training time per iterations 17.041712[ms]
testing
testing done
network success rate top1 26.636036% 20.814024% 
network success rate top5 50.386536% 44.995007% 



epoch [1 75] from [10 100]
training time per iterations 16.811799[ms]
testing
testing done
network success rate top1 27.060528% 20.962845% 
network success rate top5 50.863964% 45.055931% 



epoch [1 76] from [10 100]
training time per iterations 16.812549[ms]
testing
testing done
network success rate top1 26.927687% 20.662205% 
network success rate top5 51.106670% 44.956051% 
saving best net in top 5
best net saved to networks/19_19_go/net_3/trained/, with success rate 51.106670%



epoch [1 77] from [10 100]
training time per iterations 16.819656[ms]
testing
testing done
network success rate top1 26.943668% 20.808031% 
network success rate top5 50.607273% 45.086895% 



epoch [1 78] from [10 100]
training time per iterations 17.036964[ms]
testing
testing done
network success rate top1 26.598082% 20.747103% 
network success rate top5 50.870956% 45.129845% 



epoch [1 79] from [10 100]
training time per iterations 16.811389[ms]
testing
testing done
network success rate top1 26.850779% 21.005793% 
network success rate top5 50.604275% 45.083900% 



epoch [1 80] from [10 100]
training time per iterations 16.811729[ms]
testing
testing done
network success rate top1 26.903715% 20.989813% 
network success rate top5 50.884937% 45.322613% 



epoch [1 81] from [10 100]
training time per iterations 16.809190[ms]
testing
testing done
network success rate top1 26.618059% 21.055733% 
network success rate top5 50.489414% 45.454456% 



epoch [1 82] from [10 100]
training time per iterations 16.823634[ms]
testing
testing done
network success rate top1 26.864761% 21.081701% 
network success rate top5 50.996803% 45.323612% 



epoch [1 83] from [10 100]
training time per iterations 17.098339[ms]
testing
testing done
network success rate top1 26.802837% 20.617260% 
network success rate top5 50.556332% 45.124851% 



epoch [1 84] from [10 100]
training time per iterations 16.905999[ms]
testing
testing done
network success rate top1 27.032560% 20.903915% 
network success rate top5 51.108669% 45.100880% 
saving best net in top 5
best net saved to networks/19_19_go/net_3/trained/, with success rate 51.108669%



epoch [1 85] from [10 100]
training time per iterations 16.898443[ms]
testing
testing done
network success rate top1 27.250299% 20.980824% 
network success rate top5 51.343388% 45.369556% 
saving best net in top 5
best net saved to networks/19_19_go/net_3/trained/, with success rate 51.343388%



epoch [1 86] from [10 100]
training time per iterations 16.827163[ms]
testing
testing done
network success rate top1 27.121454% 21.200560% 
network success rate top5 50.934879% 45.385536% 



epoch [1 87] from [10 100]
training time per iterations 16.837838[ms]
testing
testing done
network success rate top1 27.011585% 21.239513% 
network success rate top5 51.036755% 45.578304% 



epoch [1 88] from [10 100]
training time per iterations 17.103457[ms]
testing
testing done
network success rate top1 26.982620% 21.218538% 
network success rate top5 51.088692% 45.424492% 



epoch [1 89] from [10 100]
training time per iterations 16.809920[ms]
testing
testing done
network success rate top1 27.239313% 21.263483% 
network success rate top5 50.904915% 45.459450% 



epoch [1 90] from [10 100]
training time per iterations 16.822505[ms]
testing
testing done
network success rate top1 27.010588% 20.982821% 
network success rate top5 50.862965% 45.367558% 



epoch [1 91] from [10 100]
training time per iterations 16.809240[ms]
testing
testing done
network success rate top1 27.330204% 21.019775% 
network success rate top5 51.332401% 45.650219% 



epoch [1 92] from [10 100]
training time per iterations 17.038404[ms]
testing
testing done
network success rate top1 27.465042% 21.286457% 
network success rate top5 51.772873% 45.750099% 
saving best net in top 5
best net saved to networks/19_19_go/net_3/trained/, with success rate 51.772873%



epoch [1 93] from [10 100]
training time per iterations 16.811579[ms]
testing
testing done
network success rate top1 26.999601% 21.114662% 
network success rate top5 50.987816% 45.640232% 



epoch [1 94] from [10 100]
training time per iterations 16.813898[ms]
testing
testing done
network success rate top1 27.234320% 20.916901% 
network success rate top5 50.681183% 45.182781% 



epoch [1 95] from [10 100]
training time per iterations 16.808650[ms]
testing
testing done
network success rate top1 26.994606% 20.932880% 
network success rate top5 51.055733% 45.174789% 



epoch [1 96] from [10 100]
training time per iterations 16.818466[ms]
testing
testing done
network success rate top1 27.142429% 21.353376% 
network success rate top5 50.926888% 45.723133% 



epoch [1 97] from [10 100]
training time per iterations 17.038054[ms]
testing
testing done
network success rate top1 27.114462% 21.006792% 
network success rate top5 51.084698% 45.293648% 



epoch [1 98] from [10 100]
training time per iterations 16.815128[ms]
testing
testing done
network success rate top1 27.285257% 21.152617% 
network success rate top5 51.254494% 45.557331% 



epoch [1 99] from [10 100]
training time per iterations 16.815388[ms]
testing
testing done
network success rate top1 27.327208% 21.201559% 
network success rate top5 51.423290% 45.627247% 



epoch [2 0] from [10 100]
training time per iterations 16.819676[ms]
testing
testing done
network success rate top1 27.520975% 21.436277% 
network success rate top5 51.200558% 45.586296% 



epoch [2 1] from [10 100]
training time per iterations 16.819476[ms]
testing
testing done
network success rate top1 27.248302% 21.259489% 
network success rate top5 50.882942% 45.540352% 



epoch [2 2] from [10 100]
training time per iterations 17.037734[ms]
testing
testing done
network success rate top1 27.386137% 21.188574% 
network success rate top5 50.876949% 45.620255% 



epoch [2 3] from [10 100]
training time per iterations 16.807331[ms]
testing
testing done
network success rate top1 27.422094% 21.276468% 
network success rate top5 51.959648% 46.019775% 
saving best net in top 5
best net saved to networks/19_19_go/net_3/trained/, with success rate 51.959648%



epoch [2 4] from [10 100]
training time per iterations 16.807971[ms]
testing
testing done
network success rate top1 27.472034% 21.333401% 
network success rate top5 51.734917% 45.823013% 



epoch [2 5] from [10 100]
training time per iterations 16.813428[ms]
testing
testing done
network success rate top1 27.496004% 21.203556% 
network success rate top5 51.559128% 46.043747% 



epoch [2 6] from [10 100]
training time per iterations 16.810180[ms]
testing
testing done
network success rate top1 27.520975% 21.648022% 
network success rate top5 50.696163% 45.894928% 



epoch [2 7] from [10 100]
training time per iterations 17.038374[ms]
testing
testing done
network success rate top1 27.684778% 21.249500% 
network success rate top5 51.696964% 45.829006% 



epoch [2 8] from [10 100]
training time per iterations 16.811259[ms]
testing
testing done
network success rate top1 27.428087% 21.320415% 
network success rate top5 51.687973% 45.754097% 



epoch [2 9] from [10 100]
training time per iterations 16.814098[ms]
testing
testing done
network success rate top1 27.604874% 21.292450% 
network success rate top5 51.588093% 45.688175% 



epoch [2 10] from [10 100]
training time per iterations 16.822075[ms]
testing
testing done
network success rate top1 27.339193% 21.315422% 
network success rate top5 51.331402% 45.884937% 



epoch [2 11] from [10 100]
training time per iterations 17.041273[ms]
testing
testing done
network success rate top1 27.362165% 21.151619% 
network success rate top5 51.423290% 45.882942% 



epoch [2 12] from [10 100]
training time per iterations 16.816267[ms]
testing
testing done
network success rate top1 27.738714% 21.467239% 
network success rate top5 51.719936% 46.076710% 



epoch [2 13] from [10 100]
training time per iterations 16.809540[ms]
testing
testing done
network success rate top1 27.460049% 21.435278% 
network success rate top5 52.159409% 46.098682% 
saving best net in top 5
best net saved to networks/19_19_go/net_3/trained/, with success rate 52.159409%



epoch [2 14] from [10 100]
training time per iterations 16.813458[ms]
testing
testing done
network success rate top1 27.600880% 21.421295% 
network success rate top5 51.466240% 46.059727% 



epoch [2 15] from [10 100]
training time per iterations 16.810530[ms]
testing
testing done
network success rate top1 27.404116% 21.614063% 
network success rate top5 51.121655% 46.022774% 



epoch [2 16] from [10 100]
training time per iterations 17.035245[ms]
testing
testing done
network success rate top1 27.573912% 21.417299% 
network success rate top5 51.599083% 45.903915% 



epoch [2 17] from [10 100]
training time per iterations 16.818016[ms]
testing
testing done
network success rate top1 27.310228% 21.461246% 
network success rate top5 51.547142% 46.261486% 



epoch [2 18] from [10 100]
training time per iterations 16.814578[ms]
testing
testing done
network success rate top1 27.418098% 21.409309% 
network success rate top5 51.576107% 46.285458% 



epoch [2 19] from [10 100]
training time per iterations 16.814878[ms]
testing
testing done
network success rate top1 27.462046% 21.439272% 
network success rate top5 51.634041% 46.039753% 



epoch [2 20] from [10 100]
training time per iterations 16.818966[ms]
testing
testing done
network success rate top1 27.540951% 21.497204% 
network success rate top5 51.509190% 46.204556% 



epoch [2 21] from [10 100]
training time per iterations 17.037764[ms]
testing
testing done
network success rate top1 27.381144% 21.783859% 
network success rate top5 50.964844% 46.496204% 



epoch [2 22] from [10 100]
training time per iterations 16.823054[ms]
testing
testing done
network success rate top1 27.491011% 21.559130% 
network success rate top5 51.796844% 46.109669% 



epoch [2 23] from [10 100]
training time per iterations 16.809020[ms]
testing
testing done
network success rate top1 27.702757% 21.791849% 
network success rate top5 51.953655% 46.425289% 



epoch [2 24] from [10 100]
training time per iterations 16.812239[ms]
testing
testing done
network success rate top1 27.520975% 21.765881% 
network success rate top5 51.942669% 46.451260% 



epoch [2 25] from [10 100]
training time per iterations 17.035595[ms]
testing
testing done
network success rate top1 27.670795% 21.737915% 
network success rate top5 51.375351% 46.319416% 



epoch [2 26] from [10 100]
training time per iterations 16.816617[ms]
testing
testing done
network success rate top1 27.611866% 21.716940% 
network success rate top5 51.898720% 46.552139% 



epoch [2 27] from [10 100]
training time per iterations 16.813168[ms]
testing
testing done
network success rate top1 27.394127% 21.381342% 
network success rate top5 51.561127% 46.120655% 



epoch [2 28] from [10 100]
training time per iterations 16.816227[ms]
testing
testing done
network success rate top1 27.642828% 21.790852% 
network success rate top5 51.143627% 46.261486% 



epoch [2 29] from [10 100]
training time per iterations 16.811089[ms]
testing
testing done
network success rate top1 27.614862% 21.474232% 
network success rate top5 51.817818% 46.283459% 



epoch [2 30] from [10 100]
training time per iterations 17.043752[ms]
testing
testing done
network success rate top1 27.366161% 21.470236% 
network success rate top5 51.370354% 46.271473% 



epoch [2 31] from [10 100]
training time per iterations 16.813079[ms]
testing
testing done
network success rate top1 27.235317% 21.462246% 
network success rate top5 51.349380% 46.132641% 



epoch [2 32] from [10 100]
training time per iterations 16.814258[ms]
testing
testing done
network success rate top1 26.683979% 21.196564% 
network success rate top5 50.418499% 45.796043% 



epoch [2 33] from [10 100]
training time per iterations 16.818126[ms]
testing
testing done
network success rate top1 27.624849% 21.536156% 
network success rate top5 51.929684% 46.303436% 



epoch [2 34] from [10 100]
training time per iterations 16.807571[ms]
testing
testing done
network success rate top1 27.919497% 21.726927% 
network success rate top5 52.014584% 46.479225% 



epoch [2 35] from [10 100]
training time per iterations 17.030107[ms]
testing
testing done
network success rate top1 27.549940% 21.440271% 
network success rate top5 51.811825% 46.485218% 



epoch [2 36] from [10 100]
training time per iterations 16.813828[ms]
testing
testing done
network success rate top1 27.284260% 21.673992% 
network success rate top5 51.079704% 46.256493% 



epoch [2 37] from [10 100]
training time per iterations 16.816367[ms]
testing
testing done
network success rate top1 27.519976% 21.479225% 
network success rate top5 51.787853% 46.373352% 



epoch [2 38] from [10 100]
training time per iterations 16.810360[ms]
testing
testing done
network success rate top1 27.570915% 21.572113% 
network success rate top5 51.680984% 46.357372% 



epoch [2 39] from [10 100]
training time per iterations 17.039373[ms]
testing
testing done
network success rate top1 28.047342% 21.565123% 
network success rate top5 52.392128% 46.407310% 
saving best net in top 5
best net saved to networks/19_19_go/net_3/trained/, with success rate 52.392128%



epoch [2 40] from [10 100]
training time per iterations 16.818036[ms]
testing
testing done
network success rate top1 27.500000% 21.450260% 
network success rate top5 52.126450% 46.670994% 



epoch [2 41] from [10 100]
training time per iterations 16.802973[ms]
testing
testing done
network success rate top1 27.674789% 21.504194% 
network success rate top5 51.224529% 46.265480% 



epoch [2 42] from [10 100]
training time per iterations 16.820685[ms]
testing
testing done
network success rate top1 27.354176% 21.675989% 
network success rate top5 51.705952% 46.292450% 



epoch [2 43] from [10 100]
training time per iterations 16.822235[ms]
testing
testing done
network success rate top1 27.876549% 21.706951% 
network success rate top5 51.508190% 46.670994% 



epoch [2 44] from [10 100]
training time per iterations 17.037394[ms]
testing
testing done
network success rate top1 27.358170% 21.414303% 
network success rate top5 51.853775% 46.088692% 



epoch [2 45] from [10 100]
training time per iterations 16.825053[ms]
testing
testing done
network success rate top1 27.521975% 21.493208% 
network success rate top5 51.766880% 46.365360% 



epoch [2 46] from [10 100]
training time per iterations 16.819016[ms]
testing
testing done
network success rate top1 27.830603% 21.794846% 
network success rate top5 51.969635% 46.446266% 



epoch [2 47] from [10 100]
training time per iterations 16.811789[ms]
testing
testing done
network success rate top1 28.034359% 21.786856% 
network success rate top5 52.124451% 46.765881% 



epoch [2 48] from [10 100]
training time per iterations 16.818206[ms]
testing
testing done
network success rate top1 27.615862% 21.795845% 
network success rate top5 51.787853% 46.713943% 



epoch [2 49] from [10 100]
training time per iterations 17.041812[ms]
testing
testing done
network success rate top1 27.877546% 21.899721% 
network success rate top5 52.144428% 46.624050% 



epoch [2 50] from [10 100]
training time per iterations 16.814598[ms]
testing
testing done
network success rate top1 27.655813% 21.475229% 
network success rate top5 51.974632% 46.487217% 



epoch [2 51] from [10 100]
training time per iterations 16.823564[ms]
testing
testing done
network success rate top1 28.029366% 21.640032% 
network success rate top5 52.438076% 46.794846% 
saving best net in top 5
best net saved to networks/19_19_go/net_3/trained/, with success rate 52.438076%



epoch [2 52] from [10 100]
training time per iterations 16.820465[ms]
testing
testing done
network success rate top1 28.014383% 21.816820% 
network success rate top5 52.238316% 46.731922% 



epoch [2 53] from [10 100]
training time per iterations 16.813328[ms]
testing
testing done
network success rate top1 27.610867% 21.739912% 
network success rate top5 52.186375% 46.765881% 



epoch [2 54] from [10 100]
training time per iterations 17.041293[ms]
testing
testing done
network success rate top1 27.821613% 21.761887% 
network success rate top5 52.025570% 46.922691% 



epoch [2 55] from [10 100]
training time per iterations 16.810919[ms]
testing
testing done
network success rate top1 27.750700% 21.695965% 
network success rate top5 51.736916% 46.560127% 



epoch [2 56] from [10 100]
training time per iterations 16.814988[ms]
testing
testing done
network success rate top1 28.040352% 21.645025% 
network success rate top5 52.503994% 46.541149% 
saving best net in top 5
best net saved to networks/19_19_go/net_3/trained/, with success rate 52.503994%



epoch [2 57] from [10 100]
training time per iterations 16.814098[ms]
testing
testing done
network success rate top1 27.886536% 21.809828% 
network success rate top5 51.737915% 46.771873% 



epoch [2 58] from [10 100]
training time per iterations 17.042722[ms]
testing
testing done
network success rate top1 27.680782% 21.770874% 
network success rate top5 52.115463% 46.662006% 



epoch [2 59] from [10 100]
training time per iterations 16.815577[ms]
testing
testing done
network success rate top1 27.692768% 21.595085% 
network success rate top5 52.258289% 46.389332% 



epoch [2 60] from [10 100]
training time per iterations 16.819946[ms]
testing
testing done
network success rate top1 27.922493% 21.854774% 
network success rate top5 52.276268% 46.719936% 



epoch [2 61] from [10 100]
training time per iterations 16.812919[ms]
testing
testing done
network success rate top1 28.008390% 21.943668% 
network success rate top5 52.059528% 46.947662% 



epoch [2 62] from [10 100]
training time per iterations 16.814638[ms]
testing
testing done
network success rate top1 28.070316% 21.951658% 
network success rate top5 52.413105% 47.142429% 



epoch [2 63] from [10 100]
training time per iterations 17.034116[ms]
testing
testing done
network success rate top1 28.047342% 22.086496% 
network success rate top5 52.519978% 47.195366% 
saving best net in top 5
best net saved to networks/19_19_go/net_3/trained/, with success rate 52.519978%



epoch [2 64] from [10 100]
training time per iterations 16.814258[ms]
testing
testing done
network success rate top1 28.233120% 21.987616% 
network success rate top5 52.439072% 47.105473% 



epoch [2 65] from [10 100]
training time per iterations 16.813498[ms]
testing
testing done
network success rate top1 28.101278% 21.997602% 
network success rate top5 52.335197% 47.170395% 



epoch [2 66] from [10 100]
training time per iterations 16.810230[ms]
testing
testing done
network success rate top1 27.878546% 21.869757% 
network success rate top5 51.971634% 46.951656% 



epoch [2 67] from [10 100]
training time per iterations 16.818756[ms]
testing
testing done
network success rate top1 28.178186% 22.206352% 
network success rate top5 52.629845% 47.028564% 
saving best net in top 5
best net saved to networks/19_19_go/net_3/trained/, with success rate 52.629845%



epoch [2 68] from [10 100]
training time per iterations 17.032676[ms]
testing
testing done
network success rate top1 28.127247% 22.119457% 
network success rate top5 52.276268% 47.184380% 



epoch [2 69] from [10 100]
training time per iterations 16.812759[ms]
testing
testing done
network success rate top1 28.003395% 22.175390% 
network success rate top5 52.610867% 47.312225% 



epoch [2 70] from [10 100]
training time per iterations 16.812589[ms]
testing
testing done
network success rate top1 28.151218% 22.149420% 
network success rate top5 52.480022% 47.226330% 



epoch [2 71] from [10 100]
training time per iterations 16.810550[ms]
testing
testing done
network success rate top1 27.937475% 22.091490% 
network success rate top5 51.922691% 47.168400% 



epoch [2 72] from [10 100]
training time per iterations 17.033486[ms]
testing
testing done
network success rate top1 27.969437% 21.973631% 
network success rate top5 52.604874% 47.011585% 



epoch [2 73] from [10 100]
training time per iterations 16.814828[ms]
testing
testing done
network success rate top1 27.696764% 22.031563% 
network success rate top5 51.988613% 47.045544% 



epoch [2 74] from [10 100]
training time per iterations 16.812659[ms]
testing
testing done
network success rate top1 28.171194% 22.216341% 
network success rate top5 52.784657% 47.632839% 
saving best net in top 5
best net saved to networks/19_19_go/net_3/trained/, with success rate 52.784657%



epoch [2 75] from [10 100]
training time per iterations 16.811689[ms]
testing
testing done
network success rate top1 28.322014% 22.128447% 
network success rate top5 52.571915% 47.016579% 



epoch [2 76] from [10 100]
training time per iterations 16.812129[ms]
testing
testing done
network success rate top1 27.909508% 21.855774% 
network success rate top5 52.247303% 47.116459% 



epoch [2 77] from [10 100]
training time per iterations 17.041063[ms]
testing
testing done
network success rate top1 28.403915% 22.248302% 
network success rate top5 52.900520% 47.184380% 
saving best net in top 5
best net saved to networks/19_19_go/net_3/trained/, with success rate 52.900520%



epoch [2 78] from [10 100]
training time per iterations 16.809370[ms]
testing
testing done
network success rate top1 28.417898% 22.171394% 
network success rate top5 52.483021% 47.255295% 



epoch [2 79] from [10 100]
training time per iterations 16.808830[ms]
testing
testing done
network success rate top1 28.101278% 22.032560% 
network success rate top5 52.340191% 47.300240% 



epoch [2 80] from [10 100]
training time per iterations 16.813069[ms]
testing
testing done
network success rate top1 28.172194% 21.841789% 
network success rate top5 52.376148% 46.797844% 



epoch [2 81] from [10 100]
training time per iterations 16.814378[ms]
testing
testing done
network success rate top1 27.808630% 22.176388% 
network success rate top5 52.339191% 47.393127% 



epoch [2 82] from [10 100]
training time per iterations 17.036395[ms]
testing
testing done
network success rate top1 28.301039% 22.209349% 
network success rate top5 52.430084% 47.450062% 



epoch [2 83] from [10 100]
training time per iterations 16.808980[ms]
testing
testing done
network success rate top1 28.033360% 22.187376% 
network success rate top5 52.388134% 47.148422% 



epoch [2 84] from [10 100]
training time per iterations 16.814048[ms]
testing
testing done
network success rate top1 28.575708% 21.980623% 
network success rate top5 52.719738% 47.260288% 



epoch [2 85] from [10 100]
training time per iterations 16.815767[ms]
testing
testing done
network success rate top1 28.334997% 22.181383% 
network success rate top5 52.369156% 47.439072% 



epoch [2 86] from [10 100]
training time per iterations 16.811149[ms]
testing
testing done
network success rate top1 28.579704% 21.918697% 
network success rate top5 52.608868% 47.283260% 



epoch [2 87] from [10 100]
training time per iterations 17.033196[ms]
testing
testing done
network success rate top1 28.302038% 22.035557% 
network success rate top5 52.408112% 47.379147% 



epoch [2 88] from [10 100]
training time per iterations 16.808790[ms]
testing
testing done
network success rate top1 28.501799% 21.979624% 
network success rate top5 52.733719% 47.440071% 



epoch [2 89] from [10 100]
training time per iterations 16.810959[ms]
testing
testing done
network success rate top1 28.190172% 22.372154% 
network success rate top5 52.116459% 47.512985% 



epoch [2 90] from [10 100]
training time per iterations 16.807291[ms]
testing
testing done
network success rate top1 28.303036% 22.045546% 
network success rate top5 52.767677% 47.189373% 



epoch [2 91] from [10 100]
training time per iterations 17.033816[ms]
testing
testing done
network success rate top1 27.897524% 22.162405% 
network success rate top5 52.129444% 47.099480% 



epoch [2 92] from [10 100]
training time per iterations 16.804882[ms]
testing
testing done
network success rate top1 27.973433% 22.158409% 
network success rate top5 52.427086% 47.382141% 



epoch [2 93] from [10 100]
training time per iterations 16.812219[ms]
testing
testing done
network success rate top1 28.354975% 22.085497% 
network success rate top5 52.580902% 47.274269% 



epoch [2 94] from [10 100]
training time per iterations 16.808081[ms]
testing
testing done
network success rate top1 28.354975% 22.517979% 
network success rate top5 52.840591% 47.937473% 



epoch [2 95] from [10 100]
training time per iterations 16.806671[ms]
testing
testing done
network success rate top1 28.537754% 22.203356% 
network success rate top5 53.301041% 47.387135% 
saving best net in top 5
best net saved to networks/19_19_go/net_3/trained/, with success rate 53.301041%



epoch [2 96] from [10 100]
training time per iterations 17.029498[ms]
testing
testing done
network success rate top1 28.258091% 22.199360% 
network success rate top5 52.683781% 47.460049% 



epoch [2 97] from [10 100]
training time per iterations 16.813468[ms]
testing
testing done
network success rate top1 28.231123% 22.280264% 
network success rate top5 52.460049% 47.712746% 



epoch [2 98] from [10 100]
training time per iterations 16.807571[ms]
testing
testing done
network success rate top1 28.305035% 22.168398% 
network success rate top5 52.615860% 47.260288% 



epoch [2 99] from [10 100]
training time per iterations 16.807811[ms]
testing
testing done
network success rate top1 28.394926% 22.390131% 
network success rate top5 52.678787% 47.850578% 



epoch [3 0] from [10 100]
training time per iterations 16.809660[ms]
testing
testing done
network success rate top1 28.287056% 22.320215% 
network success rate top5 52.974430% 47.648823% 



epoch [3 1] from [10 100]
training time per iterations 17.026049[ms]
testing
testing done
network success rate top1 28.160208% 22.615862% 
network success rate top5 52.573910% 47.851578% 



epoch [3 2] from [10 100]
training time per iterations 16.816117[ms]
testing
testing done
network success rate top1 28.378944% 22.194366% 
network success rate top5 52.659809% 47.365162% 



epoch [3 3] from [10 100]
training time per iterations 16.813988[ms]
testing
testing done
network success rate top1 28.492809% 22.026567% 
network success rate top5 52.697762% 47.324211% 



epoch [3 4] from [10 100]
training time per iterations 16.820126[ms]
testing
testing done
network success rate top1 28.492809% 22.338194% 
network success rate top5 52.296246% 47.547943% 



epoch [3 5] from [10 100]
training time per iterations 17.034506[ms]
testing
testing done
network success rate top1 28.126249% 22.225330% 
network success rate top5 52.304234% 47.434078% 



epoch [3 6] from [10 100]
training time per iterations 16.809410[ms]
testing
testing done
network success rate top1 28.476828% 22.411106% 
network success rate top5 52.458050% 48.013386% 



epoch [3 7] from [10 100]
training time per iterations 16.809730[ms]
testing
testing done
network success rate top1 28.419895% 22.436077% 
network success rate top5 52.960449% 47.639832% 



epoch [3 8] from [10 100]
training time per iterations 16.815378[ms]
testing
testing done
network success rate top1 28.344986% 22.385138% 
network success rate top5 52.656811% 47.686775% 



epoch [3 9] from [10 100]
training time per iterations 16.808081[ms]
testing
testing done
network success rate top1 28.471834% 22.555933% 
network success rate top5 53.125248% 47.859570% 



epoch [3 10] from [10 100]
training time per iterations 17.035605[ms]
testing
testing done
network success rate top1 28.062325% 22.220335% 
network success rate top5 51.902718% 47.190372% 



epoch [3 11] from [10 100]
training time per iterations 16.807221[ms]
testing
testing done
network success rate top1 28.811426% 22.518978% 
network success rate top5 53.131241% 48.242111% 



epoch [3 12] from [10 100]
training time per iterations 16.803932[ms]
testing
testing done
network success rate top1 28.716539% 22.276268% 
network success rate top5 53.112267% 47.653816% 



epoch [3 13] from [10 100]
training time per iterations 16.816367[ms]
testing
testing done
network success rate top1 28.151218% 22.106472% 
network success rate top5 52.664803% 47.206352% 



epoch [3 14] from [10 100]
training time per iterations 16.811769[ms]
testing
testing done
network success rate top1 28.514782% 22.447063% 
network success rate top5 52.571915% 47.712746% 



epoch [3 15] from [10 100]
training time per iterations 17.045741[ms]
testing
testing done
network success rate top1 28.589693% 22.550940% 
network success rate top5 52.776669% 48.241112% 



epoch [3 16] from [10 100]
