0.000000 0 0 0.572313 0.866960  4.008190 4.369756 
0.010000 0 1 0.879944 1.679984  5.007990 6.549141 
0.020000 0 2 5.450459 4.936077  19.505592 16.769876 
0.030000 0 3 6.881742 5.853975  23.524771 19.091091 
0.040000 0 4 7.983420 6.633040  26.251497 20.897923 
0.050000 0 5 8.662605 7.039553  27.536955 21.782860 
0.060000 0 6 9.124051 7.448062  29.249901 23.172194 
0.070000 0 7 9.504595 7.589892  29.351778 23.319017 
0.080000 0 8 10.086896 8.228127  31.316420 24.534559 
0.090000 0 9 10.348581 8.212146  31.420296 24.397722 
0.100000 0 10 11.009789 8.689572  32.532959 25.239712 
0.110000 0 11 11.543148 8.640632  33.091290 25.508390 
0.120000 0 12 12.613863 9.577507  34.097084 26.850779 
0.130000 0 13 13.947264 10.271674  36.334400 28.101278 
0.140000 0 14 15.012984 11.090692  37.917500 29.347782 
0.150000 0 15 15.946864 11.261486  38.365959 29.891130 
0.160000 0 16 16.912704 12.102477  39.310825 31.190571 
0.170000 0 17 17.407112 12.186377  39.814224 31.681982 
0.180000 0 18 17.744707 12.435078  40.060928 32.307232 
0.190000 0 19 17.244307 12.180384  38.826408 31.600080 
0.200000 0 20 18.102278 12.832601  39.769276 32.299240 
0.210000 0 21 18.727528 13.185178  40.955853 33.387936 
0.220000 0 22 19.298841 13.534759  41.733921 34.060127 
0.230000 0 23 19.035158 13.199161  41.700958 33.809429 
0.240000 0 24 19.529564 13.539752  41.668999 34.296844 
0.250000 0 25 19.861166 13.959249  42.235317 34.326809 
0.260000 0 26 19.859169 13.816421  42.617859 34.468639 
0.270000 0 27 20.076908 13.721534  42.913506 34.693367 
0.280000 0 28 20.295645 14.511586  42.912506 35.544346 
0.290000 0 29 20.456451 14.467639  43.369957 35.310627 
0.300000 0 30 20.537355 14.237914  43.356972 35.299641 
0.310000 0 31 20.506392 14.240911  43.243107 35.638233 
0.320000 0 32 20.724131 14.482621  43.436874 35.570316 
0.330000 0 33 21.011786 14.528565  43.828407 35.822014 
0.340000 0 34 21.257490 14.884139  43.664604 36.225529 
0.350000 0 35 20.737116 14.617459  43.532761 35.835999 
0.360000 0 36 21.151619 15.074910  43.993210 36.464241 
0.370000 0 37 21.546144 15.087894  44.535557 36.641029 
0.380000 0 38 21.853775 15.151818  44.814224 36.744907 
0.390000 0 39 21.510187 15.165801  44.548542 36.666000 
0.400000 0 40 21.678986 15.418498  44.445663 37.221333 
0.410000 0 41 21.658010 15.387535  44.578506 37.164402 
0.420000 0 42 21.856771 15.134838  44.773273 37.074512 
0.430000 0 43 22.445066 15.501398  44.969036 37.493008 
0.440000 0 44 22.060528 15.563324  45.189774 37.414104 
0.450000 0 45 21.731922 15.570315  44.961048 37.545944 
0.460000 0 46 22.407112 15.766081  45.565323 37.737713 
0.470000 0 47 22.338194 15.464442  45.300640 37.792648 
0.480000 0 48 22.490011 15.924891  45.380543 37.886536 
0.490000 0 49 22.537954 16.296444  45.658211 38.509789 
0.500000 0 50 22.771673 16.034758  45.160809 38.213142 
0.510000 0 51 22.692768 16.176588  45.463444 38.759487 
0.520000 0 52 22.828606 16.428286  46.211548 38.706551 
0.530000 0 53 22.851578 16.396324  45.339592 38.489811 
0.540000 0 54 22.712744 16.284458  45.734119 38.941269 
0.550000 0 55 22.667799 16.202557  45.870956 38.584698 
0.560000 0 56 23.071314 16.454254  46.150620 39.141029 
0.570000 0 57 22.745705 16.562126  45.764084 39.465641 
0.580000 0 58 23.258091 16.787855  46.357372 39.205952 
0.590000 0 59 22.922493 16.844786  45.587296 39.410706 
0.600000 0 60 23.565722 16.894726  46.101677 39.379745 
0.610000 0 61 22.760687 16.708950  45.858971 39.105072 
0.620000 0 62 23.232121 16.981623  46.410309 39.521576 
0.630000 0 63 23.021374 16.919697  46.432281 39.633438 
0.640000 0 64 23.232121 16.691969  46.517178 39.645424 
0.650000 0 65 23.477827 16.912704  47.383141 39.925091 
0.660000 0 66 23.574711 17.499001  46.671993 40.018978 
0.670000 0 67 23.507792 17.173391  46.659008 39.989014 
0.680000 0 68 23.278067 17.129444  46.424290 39.826210 
0.690000 0 69 23.983221 17.685778  47.155415 40.379543 
0.700000 0 70 23.800440 17.878546  47.319218 40.667198 
0.710000 0 71 23.855373 17.882542  47.723732 40.508389 
0.720000 0 72 24.137035 18.017380  47.265282 41.068718 
0.730000 0 73 23.936277 17.624849  47.138435 40.433479 
0.740000 0 74 24.349781 17.910507  47.389133 40.578304 
0.750000 0 75 24.020176 18.027367  47.375149 40.680183 
0.760000 0 76 23.946264 18.193169  47.770676 41.099682 
0.770000 0 77 24.221933 18.306032  47.647823 41.191570 
0.780000 0 78 24.021175 18.376947  47.416100 41.078705 
0.790000 0 79 23.912306 18.360968  47.541950 41.099682 
0.800000 0 80 24.249901 18.355972  48.151218 41.041748 
0.810000 0 81 24.143028 18.201159  47.774670 41.296444 
0.820000 0 82 24.409708 18.586697  48.481823 41.626049 
0.830000 0 83 24.249901 18.557732  47.584900 41.309429 
0.840000 0 84 24.156013 18.323013  47.740711 41.454254 
0.850000 0 85 24.215940 18.390930  47.468037 41.503197 
0.860000 0 86 24.288853 18.407911  47.412106 41.421295 
0.870000 0 87 24.587496 18.776468  48.123253 41.880745 
0.880000 0 88 24.460648 18.815422  48.048344 41.553135 
0.890000 0 89 24.492609 18.806433  47.471035 41.868759 
0.900000 0 90 24.525570 18.959249  47.767677 41.924690 
0.910000 0 91 24.505592 18.750500  48.041351 41.934677 
0.920000 0 92 24.830204 19.021175  48.384937 42.093487 
0.930000 0 93 24.397722 19.054134  47.640831 42.065521 
0.940000 0 94 24.934078 19.010187  48.685577 42.229324 
0.950000 0 95 24.789253 19.056133  48.702557 41.861767 
0.960000 0 96 24.466640 19.157011  47.551937 41.916698 
0.970000 0 97 24.913105 18.981222  47.909508 42.207352 
0.980000 0 98 25.213743 19.232920  48.833401 42.606873 
0.990000 0 99 25.189772 19.131042  48.686577 42.100479 
1.000000 1 0 25.180782 19.260887  49.018177 42.531963 
1.010000 1 1 25.215740 19.313824  48.180183 42.392128 
1.020000 1 2 24.804235 19.151018  48.164204 42.058529 
1.030000 1 3 25.403515 19.547543  47.821613 42.432083 
1.040000 1 4 25.335598 19.377747  48.810429 42.721733 
1.050000 1 5 25.193768 19.436676  48.527767 42.980423 
1.060000 1 6 25.049940 19.304834  48.662605 42.629845 
1.070000 1 7 25.215740 19.359768  48.993210 42.856571 
1.080000 1 8 24.934078 19.448662  47.487015 42.308231 
1.090000 1 9 25.325609 19.475630  48.664604 42.638832 
1.100000 1 10 25.691170 19.573511  49.421696 42.857571 
1.110000 1 11 25.135838 19.704355  48.715542 43.013386 
1.120000 1 12 25.398521 19.690372  49.364761 42.880543 
1.130000 1 13 24.951059 19.627447  48.650620 42.585896 
1.140000 1 14 25.423492 19.957052  49.438675 43.394928 
1.150000 1 15 25.603275 19.880144  49.496605 43.223133 
1.160000 1 16 25.755095 19.871155  49.027168 43.292049 
1.170000 1 17 25.210747 19.677387  47.918499 42.770676 
1.180000 1 18 25.376549 19.616461  49.018177 43.328007 
1.190000 1 19 25.579306 19.992010  49.001198 43.219135 
1.200000 1 20 25.447464 19.776268  48.142231 43.101280 
1.210000 1 21 25.736116 19.936077  49.195965 43.292049 
1.220000 1 22 25.849979 20.070915  49.191971 43.370956 
1.230000 1 23 25.534359 19.790251  49.185978 43.218140 
1.240000 1 24 25.787056 19.863165  49.341789 43.642628 
1.250000 1 25 25.736116 19.862165  48.887337 43.408909 
1.260000 1 26 26.078705 19.863165  49.679386 43.660606 
1.270000 1 27 25.853975 20.103876  49.119057 43.661606 
1.280000 1 28 25.522373 19.946064  49.260887 43.625648 
1.290000 1 29 26.022772 20.125849  49.981022 43.989212 
1.300000 1 30 25.680183 20.094887  48.660606 43.880344 
1.310000 1 31 25.722134 19.983021  49.327808 43.538754 
1.320000 1 32 26.103676 20.295645  50.251698 43.974232 
1.330000 1 33 26.208549 20.338594  49.694366 44.110069 
1.340000 1 34 25.923891 20.187775  49.429684 43.987217 
1.350000 1 35 26.041750 20.029964  49.746304 43.547741 
1.360000 1 36 25.782061 20.102877  49.710346 43.763485 
1.370000 1 37 26.077707 20.286655  49.398720 44.017178 
1.380000 1 38 26.102676 20.261686  49.878147 43.870354 
1.390000 1 39 26.112665 20.229725  49.853176 44.124050 
1.400000 1 40 26.068718 20.422493  49.499599 43.822414 
1.410000 1 41 26.265482 20.259687  49.727325 43.826408 
1.420000 1 42 26.079704 20.222733  50.217739 44.079105 
1.430000 1 43 26.368359 20.166800  49.880142 44.034161 
1.440000 1 44 26.299440 20.454454  49.805233 44.172993 
1.450000 1 45 26.314423 20.002996  50.065922 43.934280 
1.460000 1 46 26.454254 20.364563  50.136837 44.158009 
1.470000 1 47 26.230524 20.353577  50.370556 43.999203 
1.480000 1 48 26.393328 20.494408  50.010986 44.064121 
1.490000 1 49 26.185577 20.020975  49.877148 43.797443 
1.500000 1 50 26.360367 20.343588  50.025970 44.005196 
1.510000 1 51 26.248503 20.322613  50.124851 44.217937 
1.520000 1 52 26.531162 20.299641  49.988014 44.347782 
1.530000 1 53 26.651018 20.344587  50.496403 44.485619 
1.540000 1 54 26.635038 20.831003  50.438473 44.499599 
1.550000 1 55 26.440271 20.694166  49.859169 44.601479 
1.560000 1 56 26.227528 20.416500  49.568520 44.284859 
1.570000 1 57 26.267479 20.518377  50.244705 44.617458 
1.580000 1 58 26.680983 20.746105  50.047943 44.769276 
1.590000 1 59 26.644028 20.900919  50.617260 44.683380 
1.600000 1 60 26.608070 20.757092  49.975029 44.631443 
1.610000 1 61 26.427288 20.627247  50.118858 44.614464 
1.620000 1 62 26.565123 20.881941  50.364563 45.055931 
1.630000 1 63 26.744905 20.836996  50.041950 44.665401 
1.640000 1 64 26.634039 20.731123  50.768078 44.903118 
1.650000 1 65 26.891729 20.792049  50.829006 44.985020 
1.660000 1 66 26.446264 20.657211  50.580303 44.879147 
1.670000 1 67 26.861767 20.711147  50.934879 44.683380 
1.680000 1 68 26.627048 20.878944  50.851978 44.762287 
1.690000 1 69 26.816820 20.432482  49.981022 44.574512 
1.700000 1 70 26.737915 20.917898  50.548344 45.174789 
1.710000 1 71 26.809828 20.617260  50.473431 44.952057 
1.720000 1 72 26.831802 20.995806  51.028767 45.159809 
1.730000 1 73 26.608070 20.901918  50.355572 45.245705 
1.740000 1 74 26.636036 20.814024  50.386536 44.995007 
1.750000 1 75 27.060528 20.962845  50.863964 45.055931 
1.760000 1 76 26.927687 20.662205  51.106670 44.956051 
1.770000 1 77 26.943668 20.808031  50.607273 45.086895 
1.780000 1 78 26.598082 20.747103  50.870956 45.129845 
1.790000 1 79 26.850779 21.005793  50.604275 45.083900 
1.800000 1 80 26.903715 20.989813  50.884937 45.322613 
1.810000 1 81 26.618059 21.055733  50.489414 45.454456 
1.820000 1 82 26.864761 21.081701  50.996803 45.323612 
1.830000 1 83 26.802837 20.617260  50.556332 45.124851 
1.840000 1 84 27.032560 20.903915  51.108669 45.100880 
1.850000 1 85 27.250299 20.980824  51.343388 45.369556 
1.860000 1 86 27.121454 21.200560  50.934879 45.385536 
1.870000 1 87 27.011585 21.239513  51.036755 45.578304 
1.880000 1 88 26.982620 21.218538  51.088692 45.424492 
1.890000 1 89 27.239313 21.263483  50.904915 45.459450 
1.900000 1 90 27.010588 20.982821  50.862965 45.367558 
1.910000 1 91 27.330204 21.019775  51.332401 45.650219 
1.920000 1 92 27.465042 21.286457  51.772873 45.750099 
1.930000 1 93 26.999601 21.114662  50.987816 45.640232 
1.940000 1 94 27.234320 20.916901  50.681183 45.182781 
1.950000 1 95 26.994606 20.932880  51.055733 45.174789 
1.960000 1 96 27.142429 21.353376  50.926888 45.723133 
1.970000 1 97 27.114462 21.006792  51.084698 45.293648 
1.980000 1 98 27.285257 21.152617  51.254494 45.557331 
1.990000 1 99 27.327208 21.201559  51.423290 45.627247 
2.000000 2 0 27.520975 21.436277  51.200558 45.586296 
2.010000 2 1 27.248302 21.259489  50.882942 45.540352 
2.020000 2 2 27.386137 21.188574  50.876949 45.620255 
2.030000 2 3 27.422094 21.276468  51.959648 46.019775 
2.040000 2 4 27.472034 21.333401  51.734917 45.823013 
2.050000 2 5 27.496004 21.203556  51.559128 46.043747 
2.060000 2 6 27.520975 21.648022  50.696163 45.894928 
2.070000 2 7 27.684778 21.249500  51.696964 45.829006 
2.080000 2 8 27.428087 21.320415  51.687973 45.754097 
2.090000 2 9 27.604874 21.292450  51.588093 45.688175 
2.100000 2 10 27.339193 21.315422  51.331402 45.884937 
2.110000 2 11 27.362165 21.151619  51.423290 45.882942 
2.120000 2 12 27.738714 21.467239  51.719936 46.076710 
2.130000 2 13 27.460049 21.435278  52.159409 46.098682 
2.140000 2 14 27.600880 21.421295  51.466240 46.059727 
2.150000 2 15 27.404116 21.614063  51.121655 46.022774 
2.160000 2 16 27.573912 21.417299  51.599083 45.903915 
2.170000 2 17 27.310228 21.461246  51.547142 46.261486 
2.180000 2 18 27.418098 21.409309  51.576107 46.285458 
2.190000 2 19 27.462046 21.439272  51.634041 46.039753 
2.200000 2 20 27.540951 21.497204  51.509190 46.204556 
2.210000 2 21 27.381144 21.783859  50.964844 46.496204 
2.220000 2 22 27.491011 21.559130  51.796844 46.109669 
2.230000 2 23 27.702757 21.791849  51.953655 46.425289 
2.240000 2 24 27.520975 21.765881  51.942669 46.451260 
2.250000 2 25 27.670795 21.737915  51.375351 46.319416 
2.260000 2 26 27.611866 21.716940  51.898720 46.552139 
2.270000 2 27 27.394127 21.381342  51.561127 46.120655 
2.280000 2 28 27.642828 21.790852  51.143627 46.261486 
2.290000 2 29 27.614862 21.474232  51.817818 46.283459 
2.300000 2 30 27.366161 21.470236  51.370354 46.271473 
2.310000 2 31 27.235317 21.462246  51.349380 46.132641 
2.320000 2 32 26.683979 21.196564  50.418499 45.796043 
2.330000 2 33 27.624849 21.536156  51.929684 46.303436 
2.340000 2 34 27.919497 21.726927  52.014584 46.479225 
2.350000 2 35 27.549940 21.440271  51.811825 46.485218 
2.360000 2 36 27.284260 21.673992  51.079704 46.256493 
2.370000 2 37 27.519976 21.479225  51.787853 46.373352 
2.380000 2 38 27.570915 21.572113  51.680984 46.357372 
2.390000 2 39 28.047342 21.565123  52.392128 46.407310 
2.400000 2 40 27.500000 21.450260  52.126450 46.670994 
2.410000 2 41 27.674789 21.504194  51.224529 46.265480 
2.420000 2 42 27.354176 21.675989  51.705952 46.292450 
2.430000 2 43 27.876549 21.706951  51.508190 46.670994 
2.440000 2 44 27.358170 21.414303  51.853775 46.088692 
2.450000 2 45 27.521975 21.493208  51.766880 46.365360 
2.460000 2 46 27.830603 21.794846  51.969635 46.446266 
2.470000 2 47 28.034359 21.786856  52.124451 46.765881 
2.480000 2 48 27.615862 21.795845  51.787853 46.713943 
2.490000 2 49 27.877546 21.899721  52.144428 46.624050 
2.500000 2 50 27.655813 21.475229  51.974632 46.487217 
2.510000 2 51 28.029366 21.640032  52.438076 46.794846 
2.520000 2 52 28.014383 21.816820  52.238316 46.731922 
2.530000 2 53 27.610867 21.739912  52.186375 46.765881 
2.540000 2 54 27.821613 21.761887  52.025570 46.922691 
2.550000 2 55 27.750700 21.695965  51.736916 46.560127 
2.560000 2 56 28.040352 21.645025  52.503994 46.541149 
2.570000 2 57 27.886536 21.809828  51.737915 46.771873 
2.580000 2 58 27.680782 21.770874  52.115463 46.662006 
2.590000 2 59 27.692768 21.595085  52.258289 46.389332 
2.600000 2 60 27.922493 21.854774  52.276268 46.719936 
2.610000 2 61 28.008390 21.943668  52.059528 46.947662 
2.620000 2 62 28.070316 21.951658  52.413105 47.142429 
2.630000 2 63 28.047342 22.086496  52.519978 47.195366 
2.640000 2 64 28.233120 21.987616  52.439072 47.105473 
2.650000 2 65 28.101278 21.997602  52.335197 47.170395 
2.660000 2 66 27.878546 21.869757  51.971634 46.951656 
2.670000 2 67 28.178186 22.206352  52.629845 47.028564 
2.680000 2 68 28.127247 22.119457  52.276268 47.184380 
2.690000 2 69 28.003395 22.175390  52.610867 47.312225 
2.700000 2 70 28.151218 22.149420  52.480022 47.226330 
2.710000 2 71 27.937475 22.091490  51.922691 47.168400 
2.720000 2 72 27.969437 21.973631  52.604874 47.011585 
2.730000 2 73 27.696764 22.031563  51.988613 47.045544 
2.740000 2 74 28.171194 22.216341  52.784657 47.632839 
2.750000 2 75 28.322014 22.128447  52.571915 47.016579 
2.760000 2 76 27.909508 21.855774  52.247303 47.116459 
2.770000 2 77 28.403915 22.248302  52.900520 47.184380 
2.780000 2 78 28.417898 22.171394  52.483021 47.255295 
2.790000 2 79 28.101278 22.032560  52.340191 47.300240 
2.800000 2 80 28.172194 21.841789  52.376148 46.797844 
2.810000 2 81 27.808630 22.176388  52.339191 47.393127 
2.820000 2 82 28.301039 22.209349  52.430084 47.450062 
2.830000 2 83 28.033360 22.187376  52.388134 47.148422 
2.840000 2 84 28.575708 21.980623  52.719738 47.260288 
2.850000 2 85 28.334997 22.181383  52.369156 47.439072 
2.860000 2 86 28.579704 21.918697  52.608868 47.283260 
2.870000 2 87 28.302038 22.035557  52.408112 47.379147 
2.880000 2 88 28.501799 21.979624  52.733719 47.440071 
2.890000 2 89 28.190172 22.372154  52.116459 47.512985 
2.900000 2 90 28.303036 22.045546  52.767677 47.189373 
2.910000 2 91 27.897524 22.162405  52.129444 47.099480 
2.920000 2 92 27.973433 22.158409  52.427086 47.382141 
2.930000 2 93 28.354975 22.085497  52.580902 47.274269 
2.940000 2 94 28.354975 22.517979  52.840591 47.937473 
2.950000 2 95 28.537754 22.203356  53.301041 47.387135 
2.960000 2 96 28.258091 22.199360  52.683781 47.460049 
2.970000 2 97 28.231123 22.280264  52.460049 47.712746 
2.980000 2 98 28.305035 22.168398  52.615860 47.260288 
2.990000 2 99 28.394926 22.390131  52.678787 47.850578 
3.000000 3 0 28.287056 22.320215  52.974430 47.648823 
3.010000 3 1 28.160208 22.615862  52.573910 47.851578 
3.020000 3 2 28.378944 22.194366  52.659809 47.365162 
3.030000 3 3 28.492809 22.026567  52.697762 47.324211 
3.040000 3 4 28.492809 22.338194  52.296246 47.547943 
3.050000 3 5 28.126249 22.225330  52.304234 47.434078 
3.060000 3 6 28.476828 22.411106  52.458050 48.013386 
3.070000 3 7 28.419895 22.436077  52.960449 47.639832 
3.080000 3 8 28.344986 22.385138  52.656811 47.686775 
3.090000 3 9 28.471834 22.555933  53.125248 47.859570 
3.100000 3 10 28.062325 22.220335  51.902718 47.190372 
3.110000 3 11 28.811426 22.518978  53.131241 48.242111 
3.120000 3 12 28.716539 22.276268  53.112267 47.653816 
3.130000 3 13 28.151218 22.106472  52.664803 47.206352 
3.140000 3 14 28.514782 22.447063  52.571915 47.712746 
3.150000 3 15 28.589693 22.550940  52.776669 48.241112 
