network init start

hyperparameters
init_weight_range 0.000000 ,xavier
learning_rate 0.000200
lambda1 0.000000
lambda2 0.000000
dropout 0.400000
minibatch size 128

   DENSE CONVOLUTION  [   19    19     4] [    3     3    16] [   19    19    20] [       576         16][    213712]
                RELU  [   19    19    20] [    1     1     1] [   19    19    20] [         0          0][     14440]
   DENSE CONVOLUTION  [   19    19    20] [    3     3    16] [   19    19    36] [      2880         16][   1045456]
                RELU  [   19    19    36] [    1     1     1] [   19    19    36] [         0          0][     25992]
   DENSE CONVOLUTION  [   19    19    36] [    3     3    16] [   19    19    52] [      5184         16][   1877200]
                RELU  [   19    19    52] [    1     1     1] [   19    19    52] [         0          0][     37544]
   DENSE CONVOLUTION  [   19    19    52] [    3     3    16] [   19    19    68] [      7488         16][   2708944]
                RELU  [   19    19    68] [    1     1     1] [   19    19    68] [         0          0][     49096]
   DENSE CONVOLUTION  [   19    19    68] [    3     3    16] [   19    19    84] [      9792         16][   3540688]
                RELU  [   19    19    84] [    1     1     1] [   19    19    84] [         0          0][     60648]
   DENSE CONVOLUTION  [   19    19    84] [    3     3    16] [   19    19   100] [     12096         16][   4372432]
                RELU  [   19    19   100] [    1     1     1] [   19    19   100] [         0          0][     72200]
   DENSE CONVOLUTION  [   19    19   100] [    3     3    16] [   19    19   116] [     14400         16][   5204176]
                RELU  [   19    19   116] [    1     1     1] [   19    19   116] [         0          0][     83752]
   DENSE CONVOLUTION  [   19    19   116] [    3     3    16] [   19    19   132] [     16704         16][   6035920]
                RELU  [   19    19   132] [    1     1     1] [   19    19   132] [         0          0][     95304]
   DENSE CONVOLUTION  [   19    19   132] [    3     3    16] [   19    19   148] [     19008         16][   6867664]
                RELU  [   19    19   148] [    1     1     1] [   19    19   148] [         0          0][    106856]
   DENSE CONVOLUTION  [   19    19   148] [    3     3    16] [   19    19   164] [     21312         16][   7699408]
                RELU  [   19    19   164] [    1     1     1] [   19    19   164] [         0          0][    118408]
   DENSE CONVOLUTION  [   19    19   164] [    3     3    16] [   19    19   180] [     23616         16][   8531152]
                RELU  [   19    19   180] [    1     1     1] [   19    19   180] [         0          0][    129960]
   DENSE CONVOLUTION  [   19    19   180] [    3     3    16] [   19    19   196] [     25920         16][   9362896]
                RELU  [   19    19   196] [    1     1     1] [   19    19   196] [         0          0][    141512]
   DENSE CONVOLUTION  [   19    19   196] [    3     3    16] [   19    19   212] [     28224         16][  10194640]
                RELU  [   19    19   212] [    1     1     1] [   19    19   212] [         0          0][    153064]
   DENSE CONVOLUTION  [   19    19   212] [    3     3    16] [   19    19   228] [     30528         16][  11026384]
                RELU  [   19    19   228] [    1     1     1] [   19    19   228] [         0          0][    164616]
   DENSE CONVOLUTION  [   19    19   228] [    3     3    16] [   19    19   244] [     32832         16][  11858128]
                RELU  [   19    19   244] [    1     1     1] [   19    19   244] [         0          0][    176168]
   DENSE CONVOLUTION  [   19    19   244] [    3     3    16] [   19    19   260] [     35136         16][  12689872]
                RELU  [   19    19   260] [    1     1     1] [   19    19   260] [         0          0][    187720]
         CONVOLUTION  [   19    19   260] [    1     1    64] [   19    19    64] [     16640         64][   6030144]
                RELU  [   19    19    64] [    1     1     1] [   19    19    64] [         0          0][     46208]
   DENSE CONVOLUTION  [   19    19    64] [    3     3    16] [   19    19    80] [      9216         16][   3332752]
                RELU  [   19    19    80] [    1     1     1] [   19    19    80] [         0          0][     57760]
   DENSE CONVOLUTION  [   19    19    80] [    3     3    16] [   19    19    96] [     11520         16][   4164496]
                RELU  [   19    19    96] [    1     1     1] [   19    19    96] [         0          0][     69312]
   DENSE CONVOLUTION  [   19    19    96] [    3     3    16] [   19    19   112] [     13824         16][   4996240]
                RELU  [   19    19   112] [    1     1     1] [   19    19   112] [         0          0][     80864]
   DENSE CONVOLUTION  [   19    19   112] [    3     3    16] [   19    19   128] [     16128         16][   5827984]
                RELU  [   19    19   128] [    1     1     1] [   19    19   128] [         0          0][     92416]
   DENSE CONVOLUTION  [   19    19   128] [    3     3    16] [   19    19   144] [     18432         16][   6659728]
                RELU  [   19    19   144] [    1     1     1] [   19    19   144] [         0          0][    103968]
   DENSE CONVOLUTION  [   19    19   144] [    3     3    16] [   19    19   160] [     20736         16][   7491472]
                RELU  [   19    19   160] [    1     1     1] [   19    19   160] [         0          0][    115520]
   DENSE CONVOLUTION  [   19    19   160] [    3     3    16] [   19    19   176] [     23040         16][   8323216]
                RELU  [   19    19   176] [    1     1     1] [   19    19   176] [         0          0][    127072]
   DENSE CONVOLUTION  [   19    19   176] [    3     3    16] [   19    19   192] [     25344         16][   9154960]
                RELU  [   19    19   192] [    1     1     1] [   19    19   192] [         0          0][    138624]
   DENSE CONVOLUTION  [   19    19   192] [    3     3    16] [   19    19   208] [     27648         16][   9986704]
                RELU  [   19    19   208] [    1     1     1] [   19    19   208] [         0          0][    150176]
   DENSE CONVOLUTION  [   19    19   208] [    3     3    16] [   19    19   224] [     29952         16][  10818448]
                RELU  [   19    19   224] [    1     1     1] [   19    19   224] [         0          0][    161728]
   DENSE CONVOLUTION  [   19    19   224] [    3     3    16] [   19    19   240] [     32256         16][  11650192]
                RELU  [   19    19   240] [    1     1     1] [   19    19   240] [         0          0][    173280]
   DENSE CONVOLUTION  [   19    19   240] [    3     3    16] [   19    19   256] [     34560         16][  12481936]
                RELU  [   19    19   256] [    1     1     1] [   19    19   256] [         0          0][    184832]
   DENSE CONVOLUTION  [   19    19   256] [    3     3    16] [   19    19   272] [     36864         16][  13313680]
                RELU  [   19    19   272] [    1     1     1] [   19    19   272] [         0          0][    196384]
   DENSE CONVOLUTION  [   19    19   272] [    3     3    16] [   19    19   288] [     39168         16][  14145424]
                RELU  [   19    19   288] [    1     1     1] [   19    19   288] [         0          0][    207936]
   DENSE CONVOLUTION  [   19    19   288] [    3     3    16] [   19    19   304] [     41472         16][  14977168]
                RELU  [   19    19   304] [    1     1     1] [   19    19   304] [         0          0][    219488]
   DENSE CONVOLUTION  [   19    19   304] [    3     3    16] [   19    19   320] [     43776         16][  15808912]
                RELU  [   19    19   320] [    1     1     1] [   19    19   320] [         0          0][    231040]
         CONVOLUTION  [   19    19   320] [    1     1   128] [   19    19   128] [     40960        128][  14832768]
                RELU  [   19    19   128] [    1     1     1] [   19    19   128] [         0          0][     92416]
             DROPOUT  [   19    19   128] [    1     1     1] [   19    19   128] [         0          0][     92416]
                  FC  [   19    19   128] [    1     1   362] [    1     1   362] [  16727296        362][  33455316]

input_geometry  [19 19 4]
output_geometry [1 1 362]
network flops operations 314838944 FLOPS, 0.314839 GFLOPS
init DONE

