0.000000 0 0 0.788054 1.129644  3.851378 4.316820 
0.010000 0 1 1.472233 1.715941  6.389333 6.920695 
0.020000 0 2 5.693168 4.845186  19.516581 16.483221 
0.030000 0 3 7.981422 6.384339  25.842989 20.507391 
0.040000 0 4 8.546744 6.821814  27.767679 21.698961 
0.050000 0 5 9.622453 7.561926  30.272673 23.602676 
0.060000 0 6 10.536356 7.939473  32.236317 24.765282 
0.070000 0 7 11.466241 8.397923  33.713543 25.749102 
0.080000 0 8 12.713743 9.188973  35.306633 27.184380 
0.090000 0 9 14.061127 10.129844  37.039551 28.778465 
0.100000 0 10 15.303636 10.863963  38.519775 29.679384 
0.110000 0 11 17.008589 11.821814  39.657410 31.258490 
0.120000 0 12 17.357172 12.180384  39.236916 31.715940 
0.130000 0 13 18.110268 12.376148  40.067917 32.134438 
0.140000 0 14 18.457851 12.571914  40.836994 32.405113 
0.150000 0 15 19.106073 12.988414  41.634041 32.961445 
0.160000 0 16 19.446665 13.298042  41.829803 33.441872 
0.170000 0 17 19.810228 13.584699  41.979626 34.003197 
0.180000 0 18 20.070915 13.580703  42.464043 34.222931 
0.190000 0 19 20.021975 13.824410  42.162407 34.296844 
0.200000 0 20 20.277666 13.918298  42.830605 34.397724 
0.210000 0 21 20.126848 13.820415  42.621853 34.659409 
0.220000 0 22 20.355574 14.026169  43.049339 34.632442 
0.230000 0 23 20.283659 13.883340  42.565922 34.582500 
0.240000 0 24 20.679186 14.267879  43.311028 34.972034 
0.250000 0 25 20.793049 14.314822  43.190170 35.037956 
0.260000 0 26 21.164602 14.300839  43.450859 35.020973 
0.270000 0 27 21.212545 14.703356  44.227928 35.725128 
0.280000 0 28 21.213543 14.668398  43.548740 35.452457 
0.290000 0 29 21.505194 14.658410  43.959248 35.920895 
0.300000 0 30 21.795845 14.906113  44.692368 36.210548 
0.310000 0 31 21.657011 14.745306  44.429684 36.178585 
0.320000 0 32 21.701958 15.060926  44.370754 36.296444 
0.330000 0 33 21.662006 15.021974  44.301838 36.351379 
0.340000 0 34 21.584099 14.891130  44.714344 36.228527 
0.350000 0 35 21.775869 15.121854  44.507591 36.451260 
0.360000 0 36 21.966640 15.076908  44.756294 36.522175 
0.370000 0 37 21.806831 15.302637  44.119057 36.518177 
0.380000 0 38 22.144426 15.243708  45.078907 36.543148 
0.390000 0 39 22.168398 15.353576  45.560329 36.747902 
0.400000 0 40 22.038553 15.298641  44.363762 36.573112 
0.410000 0 41 22.440071 15.484419  45.052937 37.298241 
0.420000 0 42 22.538954 15.474431  45.392529 37.415100 
0.430000 0 43 22.545944 15.799041  45.716141 37.676788 
0.440000 0 44 22.678785 15.672194  45.816021 37.536957 
0.450000 0 45 22.407112 15.456452  45.315620 37.321213 
0.460000 0 46 22.780663 15.835997  45.963844 37.524971 
0.470000 0 47 22.840591 16.093687  45.688175 37.869556 
0.480000 0 48 23.210148 15.903915  46.172592 38.053337 
0.490000 0 49 23.165201 16.285458  45.722134 38.319016 
0.500000 0 50 23.282061 16.331402  45.532360 38.391930 
0.510000 0 51 22.894527 16.146624  45.954853 38.204155 
0.520000 0 52 23.137236 16.395325  46.383339 38.472832 
0.530000 0 53 23.350979 16.536156  46.680984 38.974232 
0.540000 0 54 23.320017 16.602077  46.100677 39.048141 
0.550000 0 55 23.274071 16.478226  46.323410 38.995205 
0.560000 0 56 23.241110 16.579105  46.433281 39.152016 
0.570000 0 57 23.526768 16.692968  46.103676 39.180984 
0.580000 0 58 23.621655 16.479225  47.124451 39.594486 
0.590000 0 59 23.426888 16.737915  46.677986 39.472633 
0.600000 0 60 23.567719 16.944666  46.622055 39.544548 
0.610000 0 61 23.499800 16.724930  46.583099 39.676388 
0.620000 0 62 23.734518 16.814823  47.577908 39.923092 
0.630000 0 63 23.615662 17.121454  47.033558 40.187775 
0.640000 0 64 23.948261 17.272274  47.126450 40.652218 
0.650000 0 65 23.923292 17.186377  47.334198 40.355572 
0.660000 0 66 23.916300 17.268278  47.876549 40.776070 
0.670000 0 67 23.598682 17.363165  46.892727 40.232719 
0.680000 0 68 23.879345 17.319218  47.773670 40.370556 
0.690000 0 69 23.628645 17.511986  46.849781 40.449459 
0.700000 0 70 24.220936 17.661806  47.754696 40.984818 
0.710000 0 71 23.825409 17.577906  47.800640 40.789055 
0.720000 0 72 24.116060 17.549940  47.668797 40.871952 
0.730000 0 73 23.785458 17.603876  47.374149 40.621254 
0.740000 0 74 23.869356 17.615862  47.489014 40.848980 
0.750000 0 75 24.481623 18.068317  48.838394 41.677986 
0.760000 0 76 24.297842 17.967440  47.804634 41.423290 
0.770000 0 77 24.448662 18.063324  48.160210 41.518177 
0.780000 0 78 24.402718 18.160208  47.819618 41.510189 
0.790000 0 79 24.600479 18.332001  48.451859 41.816818 
0.800000 0 80 24.454655 18.392929  48.035358 41.653015 
0.810000 0 81 24.276867 18.380943  48.000401 41.881741 
0.820000 0 82 24.162006 18.483820  47.677788 41.340393 
0.830000 0 83 24.810228 18.703556  48.612663 42.396126 
0.840000 0 84 24.649420 18.594687  48.846386 41.859768 
0.850000 0 85 24.630444 18.619656  48.483818 42.223331 
0.860000 0 86 24.782261 18.961246  48.532761 42.461048 
0.870000 0 87 25.205753 19.036156  49.268879 42.396126 
0.880000 0 88 24.906113 18.947264  49.177986 42.732719 
0.890000 0 89 24.852177 19.229923  48.636635 42.805634 
0.900000 0 90 24.877148 19.530563  48.692570 42.927486 
0.910000 0 91 24.956053 19.305834  48.970234 42.840591 
0.920000 0 92 25.097883 19.332800  49.420696 43.042351 
0.930000 0 93 25.111866 19.362764  48.554733 43.113262 
0.940000 0 94 25.173792 19.471634  48.929283 42.957451 
0.950000 0 95 25.425489 19.243908  49.377747 43.064323 
0.960000 0 96 24.711346 19.239912  48.431881 42.968437 
0.970000 0 97 25.234718 19.413704  48.966240 43.044346 
0.980000 0 98 25.312624 19.569517  48.976227 43.216141 
0.990000 0 99 25.358570 19.563524  49.341789 43.378944 
1.000000 1 0 25.469437 19.591490  49.582500 43.274071 
1.010000 1 1 24.617458 19.240911  48.234119 42.748703 
1.020000 1 2 25.286655 19.807232  49.687374 43.282063 
1.030000 1 3 25.585299 19.735317  49.698360 43.616661 
1.040000 1 4 25.735117 19.834200  49.638435 43.494804 
1.050000 1 5 25.000999 19.407711  49.495605 43.109268 
1.060000 1 6 24.919098 19.528566  48.478825 43.294048 
1.070000 1 7 25.553335 20.018978  49.706352 43.763485 
1.080000 1 8 25.460447 19.863165  49.856174 43.739513 
1.090000 1 9 25.970835 20.060926  49.924091 43.904316 
1.100000 1 10 25.861965 19.912106  50.227726 43.972233 
1.110000 1 11 25.596285 19.847183  49.516579 43.844387 
1.120000 1 12 25.435478 20.050940  49.561527 43.869358 
1.130000 1 13 25.685177 20.173792  49.735317 43.877346 
1.140000 1 14 25.966841 20.176788  50.038952 43.969238 
1.150000 1 15 25.498402 19.950060  49.709351 43.899323 
1.160000 1 16 25.842989 20.252697  49.732323 44.047142 
1.170000 1 17 25.948862 19.973032  50.241711 44.113064 
1.180000 1 18 25.802038 20.200760  49.880142 43.975231 
1.190000 1 19 26.054735 20.088894  50.541351 44.442669 
1.200000 1 20 25.896923 20.565321  50.297642 44.324810 
1.210000 1 21 25.383539 19.890131  48.826408 43.903316 
1.220000 1 22 26.238514 20.531363  50.695168 44.505592 
1.230000 1 23 26.290451 20.403515  50.234718 44.181980 
1.240000 1 24 26.048742 20.462444  50.146824 44.844189 
1.250000 1 25 26.299440 20.492409  50.115860 44.498600 
1.260000 1 26 26.048742 20.516380  50.546345 44.485619 
1.270000 1 27 26.293447 20.287655  50.363564 44.732323 
1.280000 1 28 26.256493 20.811028  50.623253 44.668400 
1.290000 1 29 26.316420 20.435478  50.507393 44.500599 
1.300000 1 30 25.944866 20.241711  50.090893 44.502598 
1.310000 1 31 26.117659 20.314623  50.666199 44.563522 
1.320000 1 32 26.511187 20.519377  50.462444 44.702358 
1.330000 1 33 25.931881 20.418497  49.648422 44.527569 
1.340000 1 34 26.574112 20.599281  51.205555 44.983021 
1.350000 1 35 26.363363 20.754095  50.975830 45.059929 
1.360000 1 36 26.544147 20.708151  50.993809 45.150818 
1.370000 1 37 26.565123 20.602278  51.368359 44.906113 
1.380000 1 38 26.627048 20.786057  50.969837 45.139832 
1.390000 1 39 26.510187 20.624250  51.000797 44.960049 
1.400000 1 40 26.948662 20.580303  51.497204 45.251698 
1.410000 1 41 26.425289 20.444468  50.495407 44.567520 
1.420000 1 42 26.374352 20.801039  50.495407 44.981022 
1.430000 1 43 26.563124 21.062725  50.550339 45.431480 
1.440000 1 44 26.558130 20.813025  50.880943 45.161804 
1.450000 1 45 26.409309 20.495405  50.853973 45.034958 
1.460000 1 46 26.957651 20.815022  51.280464 45.191769 
1.470000 1 47 27.117458 20.850979  51.428288 45.254696 
1.480000 1 48 26.981623 20.959848  51.254494 45.301640 
1.490000 1 49 26.706951 20.982821  51.138634 45.435478 
1.500000 1 50 27.024570 20.833000  51.299442 45.256691 
1.510000 1 51 26.764883 21.007792  51.584099 45.606274 
1.520000 1 52 26.949661 20.793049  51.140633 44.840191 
1.530000 1 53 26.819817 20.786057  51.177586 45.203754 
1.540000 1 54 26.916700 21.396324  51.325409 45.623253 
1.550000 1 55 26.832800 20.871954  51.051739 45.367558 
1.560000 1 56 26.989613 21.077707  50.903915 45.416500 
1.570000 1 57 26.745905 21.052736  50.838993 45.690170 
1.580000 1 58 26.929684 20.824011  51.251499 45.425488 
1.590000 1 59 26.775869 21.142630  51.226528 45.583302 
1.600000 1 60 26.999601 21.021774  51.249500 45.584297 
1.610000 1 61 27.216341 21.327408  51.758888 45.976830 
1.620000 1 62 27.159409 21.122652  51.710945 45.516380 
1.630000 1 63 26.989613 21.022772  51.704952 45.359570 
1.640000 1 64 26.963644 21.054735  51.394325 45.789055 
1.650000 1 65 26.949661 21.034758  51.112663 45.543346 
1.660000 1 66 27.252296 21.207550  51.550140 45.670197 
1.670000 1 67 26.929684 21.348381  50.855972 46.030762 
1.680000 1 68 27.027567 20.956852  51.729923 45.939873 
1.690000 1 69 27.196363 21.323412  51.918697 45.758091 
1.700000 1 70 27.090492 21.176588  51.341389 45.707153 
1.710000 1 71 27.215342 21.439272  51.665001 46.122654 
1.720000 1 72 27.304235 21.582102  51.675987 46.303436 
1.730000 1 73 27.451059 21.568119  51.971634 46.414303 
1.740000 1 74 27.134439 21.283461  51.468239 45.723133 
1.750000 1 75 27.171394 21.241510  51.847782 45.860966 
1.760000 1 76 27.105473 21.504194  51.409309 46.373352 
1.770000 1 77 27.092489 21.365362  51.677986 46.026768 
1.780000 1 78 27.543947 21.433281  51.906712 46.266479 
1.790000 1 79 27.159409 21.472233  51.237514 46.055733 
1.800000 1 80 27.729725 21.493208  52.149422 46.055733 
1.810000 1 81 27.232321 21.206553  51.382339 45.894928 
1.820000 1 82 27.442070 21.690971  52.138435 46.524170 
1.830000 1 83 27.347183 21.590092  51.658009 46.359367 
1.840000 1 84 27.358170 21.398321  52.107471 45.852978 
1.850000 1 85 27.366161 21.507191  52.300240 46.243507 
1.860000 1 86 27.200359 21.411306  51.596085 46.122654 
1.870000 1 87 27.282261 21.413303  51.986614 46.181583 
1.880000 1 88 27.418098 21.597084  51.953655 46.770874 
1.890000 1 89 27.219337 21.462246  51.308430 46.323410 
1.900000 1 90 27.484018 21.573112  52.315220 46.459248 
1.910000 1 91 27.366161 21.413303  51.648022 45.927887 
1.920000 1 92 27.488014 21.367359  51.902718 45.980824 
1.930000 1 93 27.532961 21.309429  51.940670 46.364365 
1.940000 1 94 27.624849 21.433281  52.307232 46.462246 
1.950000 1 95 27.426088 21.669996  52.028564 46.495205 
1.960000 1 96 27.725729 21.692968  52.468037 46.477226 
1.970000 1 97 27.592888 21.780863  52.312225 46.593090 
1.980000 1 98 27.424091 21.648022  52.152416 46.637035 
1.990000 1 99 27.529964 21.692968  51.820816 46.759888 
2.000000 2 0 27.746704 21.739912  52.423092 46.628048 
2.010000 2 1 27.600880 21.667000  51.584099 46.323410 
2.020000 2 2 27.533958 21.530165  52.174389 46.333401 
2.030000 2 3 27.818617 21.591091  52.741711 46.458252 
2.040000 2 4 27.860567 21.804834  52.055534 46.820816 
2.050000 2 5 27.402117 21.724930  51.368359 46.597084 
2.060000 2 6 27.522972 21.659010  51.861767 46.726929 
2.070000 2 7 27.729725 21.608070  52.221333 46.882740 
2.080000 2 8 27.549940 21.414303  52.362164 46.460247 
2.090000 2 9 27.711746 21.860767  52.725731 46.892727 
2.100000 2 10 27.574909 21.857771  51.925690 46.759888 
2.110000 2 11 27.837595 21.819817  52.274269 46.634041 
2.120000 2 12 27.655813 21.868757  52.046543 46.782860 
2.130000 2 13 27.464043 21.760887  51.854774 46.824810 
2.140000 2 14 27.884539 21.661007  52.906513 46.681980 
2.150000 2 15 27.934479 21.823811  52.572914 47.033558 
2.160000 2 16 28.045345 21.865761  52.756691 47.004593 
2.170000 2 17 27.630842 21.927687  52.050541 46.778866 
2.180000 2 18 27.383141 21.869757  52.233318 46.821815 
2.190000 2 19 28.055334 21.837795  53.041351 46.966640 
2.200000 2 20 27.712744 22.063524  52.255295 47.286255 
2.210000 2 21 27.935478 21.996605  52.676788 47.093487 
2.220000 2 22 27.889532 22.021574  52.690769 47.217339 
2.230000 2 23 28.084299 22.256292  52.616859 47.392128 
2.240000 2 24 28.077307 21.592089  52.849579 46.830803 
2.250000 2 25 27.904514 21.618059  52.549938 46.689972 
2.260000 2 26 28.198162 21.687975  52.656811 46.936676 
2.270000 2 27 28.197163 22.207352  52.417099 47.598881 
2.280000 2 28 28.027367 21.905714  52.430084 47.286255 
2.290000 2 29 28.017380 22.104475  52.280262 47.367161 
2.300000 2 30 27.849581 22.023571  51.936676 47.051537 
2.310000 2 31 28.073313 22.224331  53.059330 47.407112 
2.320000 2 32 28.273073 22.072514  52.644825 47.057529 
2.330000 2 33 28.127247 21.988613  52.690769 47.218338 
2.340000 2 34 28.304035 22.021574  53.015381 47.379147 
2.350000 2 35 28.006392 22.095486  52.580902 47.222332 
2.360000 2 36 28.061327 22.113464  52.679783 47.382141 
2.370000 2 37 28.161207 22.304235  52.751698 47.549938 
2.380000 2 38 28.038355 22.185377  52.837593 47.545944 
2.390000 2 39 28.160208 22.044546  52.953457 47.245304 
2.400000 2 40 28.205154 21.998602  53.025368 47.047543 
2.410000 2 41 28.182182 21.947662  52.761684 47.331203 
2.420000 2 42 28.368958 22.218338  53.212147 47.719738 
2.430000 2 43 28.397923 22.270275  53.264084 47.425091 
2.440000 2 44 28.208151 22.291250  52.189373 47.521973 
2.450000 2 45 28.501799 22.195366  53.511787 47.296246 
2.460000 2 46 28.498802 22.234320  53.099281 47.536957 
2.470000 2 47 28.406912 22.207352  53.367958 47.706753 
2.480000 2 48 28.067320 22.511986  53.015381 47.769676 
2.490000 2 49 28.012384 22.282261  52.741711 47.467041 
2.500000 2 50 28.269077 22.278267  52.797642 47.508987 
2.510000 2 51 28.315022 22.387135  52.974430 47.681782 
2.520000 2 52 28.573711 22.333200  53.575710 47.806633 
2.530000 2 53 28.014383 21.934679  52.785656 47.215343 
2.540000 2 54 28.537754 22.402117  53.081303 47.866562 
2.550000 2 55 28.065321 22.271275  52.654816 47.445065 
2.560000 2 56 28.708549 22.628845  53.436874 48.152218 
2.570000 2 57 28.537754 22.423092  53.393929 47.799641 
2.580000 2 58 28.415901 22.500000  53.036358 47.914501 
2.590000 2 59 28.187176 22.174391  52.710747 47.541950 
2.600000 2 60 28.493807 22.434078  52.821613 47.463043 
2.610000 2 61 28.390930 22.544947  52.908508 48.018379 
2.620000 2 62 28.310028 22.211346  52.714741 47.552937 
2.630000 2 63 28.345985 22.375151  53.074310 47.655811 
2.640000 2 64 28.465841 22.201359  52.848583 47.678787 
2.650000 2 65 28.744507 22.289253  53.851379 47.627846 
2.660000 2 66 28.263084 22.210348  52.463043 47.693768 
2.670000 2 67 28.314024 22.388134  53.328007 47.943466 
2.680000 2 68 27.908510 22.342190  52.811626 47.696762 
2.690000 2 69 28.374950 22.344187  53.118259 48.070316 
2.700000 2 70 28.553736 22.549940  53.402916 47.761684 
2.710000 2 71 28.575708 22.511986  53.726528 47.907513 
2.720000 2 72 28.625648 22.493008  53.242111 47.926487 
2.730000 2 73 28.634638 22.604874  53.065323 47.840591 
2.740000 2 74 28.521774 22.354176  53.124252 47.711746 
2.750000 2 75 28.674591 22.317219  53.539753 47.991409 
2.760000 2 76 28.832401 22.530962  53.875351 48.128246 
2.770000 2 77 28.806433 22.560926  53.524769 48.155212 
2.780000 2 78 28.893328 22.585897  53.864365 48.091290 
2.790000 2 79 28.912306 22.724730  53.748501 48.413902 
2.800000 2 80 28.515781 22.760687  52.965443 48.135239 
2.810000 2 81 28.586697 22.454056  53.736515 48.022373 
2.820000 2 82 28.789454 22.724730  53.729523 48.197163 
2.830000 2 83 28.874352 22.719736  53.979225 48.299042 
2.840000 2 84 28.706553 22.491011  53.448860 48.217140 
2.850000 2 85 28.756493 22.416101  53.718536 47.612865 
