initializing
training size    : 10004213
testing size     : 100120
epoch count      : 10
sub epoch size   : 100

epoch_learning_rate_decay   : 8
learning_rate_decay         : 0.250000

training



epoch [0 0] from [10 100]
training time per iterations 24.378311[ms]
testing
testing done
network success rate top1 0.480423% 0.658210% 
network success rate top5 2.232321% 2.977427% 
saving best net in top 5
best net saved to networks/19_19_go/net_0/trained/, with success rate 2.232321%



epoch [0 1] from [10 100]
training time per iterations 24.418964[ms]
testing
testing done
network success rate top1 0.402517% 0.816021% 
network success rate top5 2.901518% 3.716540% 
saving best net in top 5
best net saved to networks/19_19_go/net_0/trained/, with success rate 2.901518%



epoch [0 2] from [10 100]
training time per iterations 24.417445[ms]
testing
testing done
network success rate top1 0.997803% 1.414303% 
network success rate top5 4.130044% 4.950060% 
saving best net in top 5
best net saved to networks/19_19_go/net_0/trained/, with success rate 4.130044%



epoch [0 3] from [10 100]
training time per iterations 24.410767[ms]
testing
testing done
network success rate top1 1.337395% 1.822813% 
network success rate top5 5.624251% 6.611067% 
saving best net in top 5
best net saved to networks/19_19_go/net_0/trained/, with success rate 5.624251%



epoch [0 4] from [10 100]
training time per iterations 24.410198[ms]
testing
testing done
network success rate top1 2.012585% 2.596884% 
network success rate top5 8.098282% 9.067120% 
saving best net in top 5
best net saved to networks/19_19_go/net_0/trained/, with success rate 8.098282%



epoch [0 5] from [10 100]
training time per iterations 24.415426[ms]
testing
testing done
network success rate top1 5.877946% 5.126848% 
network success rate top5 20.880943% 17.399120% 
saving best net in top 5
best net saved to networks/19_19_go/net_0/trained/, with success rate 20.880943%



epoch [0 6] from [10 100]
training time per iterations 24.417055[ms]
testing
testing done
network success rate top1 7.589892% 6.250499% 
network success rate top5 25.815022% 20.137835% 
saving best net in top 5
best net saved to networks/19_19_go/net_0/trained/, with success rate 25.815022%



epoch [0 7] from [10 100]
training time per iterations 24.410098[ms]
testing
testing done
network success rate top1 8.447863% 6.698961% 
network success rate top5 28.320017% 21.709948% 
saving best net in top 5
best net saved to networks/19_19_go/net_0/trained/, with success rate 28.320017%



epoch [0 8] from [10 100]
training time per iterations 24.413766[ms]
testing
testing done
network success rate top1 8.738514% 6.785857% 
network success rate top5 28.778465% 22.334200% 
saving best net in top 5
best net saved to networks/19_19_go/net_0/trained/, with success rate 28.778465%



epoch [0 9] from [10 100]
training time per iterations 24.409628[ms]
testing
testing done
network success rate top1 9.544546% 7.032561% 
network success rate top5 30.257690% 23.012384% 
saving best net in top 5
best net saved to networks/19_19_go/net_0/trained/, with success rate 30.257690%



epoch [0 10] from [10 100]
training time per iterations 24.409188[ms]
testing
testing done
network success rate top1 9.819217% 7.420096% 
network success rate top5 30.714144% 23.886337% 
saving best net in top 5
best net saved to networks/19_19_go/net_0/trained/, with success rate 30.714144%



epoch [0 11] from [10 100]
training time per iterations 24.412797[ms]
testing
testing done
network success rate top1 10.560328% 7.870555% 
network success rate top5 32.199360% 24.852177% 
saving best net in top 5
best net saved to networks/19_19_go/net_0/trained/, with success rate 32.199360%



epoch [0 12] from [10 100]
training time per iterations 24.414416[ms]
testing
testing done
network success rate top1 11.449261% 8.377947% 
network success rate top5 33.579704% 25.512384% 
saving best net in top 5
best net saved to networks/19_19_go/net_0/trained/, with success rate 33.579704%



epoch [0 13] from [10 100]
training time per iterations 24.414356[ms]
testing
testing done
network success rate top1 12.503995% 8.966241% 
network success rate top5 34.846184% 26.614063% 
saving best net in top 5
best net saved to networks/19_19_go/net_0/trained/, with success rate 34.846184%



epoch [0 14] from [10 100]
training time per iterations 24.416865[ms]
testing
testing done
network success rate top1 13.523771% 9.869157% 
network success rate top5 36.202557% 27.989412% 
saving best net in top 5
best net saved to networks/19_19_go/net_0/trained/, with success rate 36.202557%



epoch [0 15] from [10 100]
training time per iterations 24.416475[ms]
testing
testing done
network success rate top1 15.283660% 10.715142% 
network success rate top5 38.195168% 29.131042% 
saving best net in top 5
best net saved to networks/19_19_go/net_0/trained/, with success rate 38.195168%



epoch [0 16] from [10 100]
training time per iterations 24.411727[ms]
testing
testing done
network success rate top1 16.045746% 11.070715% 
network success rate top5 38.196163% 29.805233% 
saving best net in top 5
best net saved to networks/19_19_go/net_0/trained/, with success rate 38.196163%



epoch [0 17] from [10 100]
training time per iterations 24.413346[ms]
testing
testing done
network success rate top1 17.171394% 11.553136% 
network success rate top5 39.480625% 30.545345% 
saving best net in top 5
best net saved to networks/19_19_go/net_0/trained/, with success rate 39.480625%



epoch [0 18] from [10 100]
training time per iterations 24.416415[ms]
testing
testing done
network success rate top1 17.391130% 11.758889% 
network success rate top5 39.603477% 31.135637% 
saving best net in top 5
best net saved to networks/19_19_go/net_0/trained/, with success rate 39.603477%



epoch [0 19] from [10 100]
training time per iterations 24.420673[ms]
testing
testing done
network success rate top1 17.624849% 12.368158% 
network success rate top5 39.576508% 31.594088% 



epoch [0 20] from [10 100]
training time per iterations 24.417595[ms]
testing
testing done
network success rate top1 17.965441% 12.270276% 
network success rate top5 40.173790% 31.550140% 
saving best net in top 5
best net saved to networks/19_19_go/net_0/trained/, with success rate 40.173790%



epoch [0 21] from [10 100]
training time per iterations 24.419334[ms]
testing
testing done
network success rate top1 18.325010% 12.697762% 
network success rate top5 39.754295% 31.962645% 



epoch [0 22] from [10 100]
training time per iterations 24.415585[ms]
testing
testing done
network success rate top1 18.862366% 12.865561% 
network success rate top5 41.051739% 32.522972% 
saving best net in top 5
best net saved to networks/19_19_go/net_0/trained/, with success rate 41.051739%



epoch [0 23] from [10 100]
training time per iterations 24.417135[ms]
testing
testing done
network success rate top1 18.893328% 12.968438% 
network success rate top5 40.935879% 32.684780% 



epoch [0 24] from [10 100]
training time per iterations 24.419294[ms]
testing
testing done
network success rate top1 19.118059% 12.969437% 
network success rate top5 40.971832% 32.776669% 



epoch [0 25] from [10 100]
training time per iterations 24.418044[ms]
testing
testing done
network success rate top1 19.349781% 13.048342% 
network success rate top5 41.507191% 32.919498% 
saving best net in top 5
best net saved to networks/19_19_go/net_0/trained/, with success rate 41.507191%



epoch [0 26] from [10 100]
training time per iterations 24.421823[ms]
testing
testing done
network success rate top1 19.274870% 13.130243% 
network success rate top5 41.381344% 32.934479% 



epoch [0 27] from [10 100]
training time per iterations 24.419134[ms]
testing
testing done
network success rate top1 19.274870% 13.296044% 
network success rate top5 41.111668% 33.384937% 



epoch [0 28] from [10 100]
training time per iterations 24.418034[ms]
testing
testing done
network success rate top1 19.803236% 13.425889% 
network success rate top5 41.716938% 33.557732% 
saving best net in top 5
best net saved to networks/19_19_go/net_0/trained/, with success rate 41.716938%



epoch [0 29] from [10 100]
training time per iterations 24.417864[ms]
testing
testing done
network success rate top1 19.854176% 13.396924% 
network success rate top5 42.252296% 33.331001% 
saving best net in top 5
best net saved to networks/19_19_go/net_0/trained/, with success rate 42.252296%



epoch [0 30] from [10 100]
training time per iterations 24.417825[ms]
testing
testing done
network success rate top1 19.864162% 13.581702% 
network success rate top5 42.117458% 33.620655% 



epoch [0 31] from [10 100]
training time per iterations 24.416825[ms]
testing
testing done
network success rate top1 19.961046% 13.421894% 
network success rate top5 42.524971% 33.509789% 
saving best net in top 5
best net saved to networks/19_19_go/net_0/trained/, with success rate 42.524971%



epoch [0 32] from [10 100]
training time per iterations 24.419214[ms]
testing
testing done
network success rate top1 20.078905% 13.881342% 
network success rate top5 41.869755% 33.973232% 



epoch [0 33] from [10 100]
training time per iterations 24.421103[ms]
testing
testing done
network success rate top1 20.238714% 13.900320% 
network success rate top5 42.610867% 34.272873% 
saving best net in top 5
best net saved to networks/19_19_go/net_0/trained/, with success rate 42.610867%



epoch [0 34] from [10 100]
training time per iterations 24.422233[ms]
testing
testing done
network success rate top1 20.328606% 13.729525% 
network success rate top5 42.577908% 33.991211% 



epoch [0 35] from [10 100]
training time per iterations 24.412257[ms]
testing
testing done
network success rate top1 20.288654% 13.667599% 
network success rate top5 42.522972% 34.078106% 



epoch [0 36] from [10 100]
training time per iterations 24.419194[ms]
testing
testing done
network success rate top1 20.369556% 14.118058% 
network success rate top5 42.965443% 34.516579% 
saving best net in top 5
best net saved to networks/19_19_go/net_0/trained/, with success rate 42.965443%



epoch [0 37] from [10 100]
training time per iterations 24.420283[ms]
testing
testing done
network success rate top1 20.658211% 14.144027% 
network success rate top5 42.916500% 34.695366% 



epoch [0 38] from [10 100]
training time per iterations 24.413116[ms]
testing
testing done
network success rate top1 20.494408% 14.202956% 
network success rate top5 42.434078% 34.542549% 



epoch [0 39] from [10 100]
training time per iterations 24.418064[ms]
testing
testing done
network success rate top1 20.641230% 13.857371% 
network success rate top5 42.884537% 34.384739% 



epoch [0 40] from [10 100]
training time per iterations 24.409358[ms]
testing
testing done
network success rate top1 20.951859% 14.227926% 
network success rate top5 43.506790% 34.548542% 
saving best net in top 5
best net saved to networks/19_19_go/net_0/trained/, with success rate 43.506790%



epoch [0 41] from [10 100]
training time per iterations 24.411747[ms]
testing
testing done
network success rate top1 20.401518% 14.091091% 
network success rate top5 42.476028% 34.478626% 



epoch [0 42] from [10 100]
training time per iterations 24.409528[ms]
testing
testing done
network success rate top1 20.897923% 14.303836% 
network success rate top5 43.506790% 35.124851% 



epoch [0 43] from [10 100]
training time per iterations 24.420263[ms]
testing
testing done
network success rate top1 21.266479% 14.474630% 
network success rate top5 43.505795% 35.222733% 



epoch [0 44] from [10 100]
training time per iterations 24.412817[ms]
testing
testing done
network success rate top1 20.986816% 14.404715% 
network success rate top5 43.487816% 35.176788% 



epoch [0 45] from [10 100]
training time per iterations 24.413296[ms]
testing
testing done
network success rate top1 21.145626% 14.573512% 
network success rate top5 43.746506% 35.364563% 
saving best net in top 5
best net saved to networks/19_19_go/net_0/trained/, with success rate 43.746506%



epoch [0 46] from [10 100]
training time per iterations 24.407969[ms]
testing
testing done
network success rate top1 21.053736% 14.432681% 
network success rate top5 43.589691% 35.231724% 



epoch [0 47] from [10 100]
training time per iterations 24.414076[ms]
testing
testing done
network success rate top1 21.062725% 14.561526% 
network success rate top5 43.687576% 35.508389% 



epoch [0 48] from [10 100]
training time per iterations 24.410987[ms]
testing
testing done
network success rate top1 20.967838% 14.402717% 
network success rate top5 43.325008% 35.144825% 



epoch [0 49] from [10 100]
training time per iterations 24.413826[ms]
testing
testing done
network success rate top1 21.376348% 14.816220% 
network success rate top5 43.876347% 35.630245% 
saving best net in top 5
best net saved to networks/19_19_go/net_0/trained/, with success rate 43.876347%



epoch [0 50] from [10 100]
training time per iterations 24.412557[ms]
testing
testing done
network success rate top1 21.409309% 14.718338% 
network success rate top5 44.344788% 35.399521% 
saving best net in top 5
best net saved to networks/19_19_go/net_0/trained/, with success rate 44.344788%



epoch [0 51] from [10 100]
training time per iterations 24.417095[ms]
testing
testing done
network success rate top1 21.504194% 14.826208% 
network success rate top5 44.154015% 35.620255% 



epoch [0 52] from [10 100]
training time per iterations 24.417745[ms]
testing
testing done
network success rate top1 21.215542% 14.494606% 
network success rate top5 43.806431% 35.501400% 



epoch [0 53] from [10 100]
training time per iterations 24.420773[ms]
testing
testing done
network success rate top1 21.371355% 14.587495% 
network success rate top5 43.825409% 35.640232% 



epoch [0 54] from [10 100]
training time per iterations 24.413346[ms]
testing
testing done
network success rate top1 21.638035% 15.067919% 
network success rate top5 43.990211% 36.061726% 



epoch [0 55] from [10 100]
training time per iterations 24.412017[ms]
testing
testing done
network success rate top1 21.658010% 15.210747% 
network success rate top5 44.038155% 36.200558% 



epoch [0 56] from [10 100]
training time per iterations 24.414716[ms]
testing
testing done
network success rate top1 21.617060% 15.119856% 
network success rate top5 44.211945% 35.890930% 



epoch [0 57] from [10 100]
training time per iterations 24.411707[ms]
testing
testing done
network success rate top1 21.246504% 14.960048% 
network success rate top5 43.771473% 35.684177% 



epoch [0 58] from [10 100]
training time per iterations 24.406289[ms]
testing
testing done
network success rate top1 21.929684% 15.154814% 
network success rate top5 44.746304% 36.286457% 
saving best net in top 5
best net saved to networks/19_19_go/net_0/trained/, with success rate 44.746304%



epoch [0 59] from [10 100]
training time per iterations 24.414426[ms]
testing
testing done
network success rate top1 21.915701% 15.095885% 
network success rate top5 44.649422% 36.317421% 



epoch [0 60] from [10 100]
training time per iterations 24.297505[ms]
testing
testing done
network success rate top1 21.770874% 15.014982% 
network success rate top5 43.395924% 35.766079% 



epoch [0 61] from [10 100]
training time per iterations 24.374103[ms]
testing
testing done
network success rate top1 21.659010% 15.126848% 
network success rate top5 44.479626% 36.234520% 



epoch [0 62] from [10 100]
training time per iterations 24.413626[ms]
testing
testing done
network success rate top1 21.928686% 15.125849% 
network success rate top5 44.466640% 36.381344% 



epoch [0 63] from [10 100]
training time per iterations 24.408059[ms]
testing
testing done
network success rate top1 21.750898% 14.929085% 
network success rate top5 44.822212% 36.127647% 
saving best net in top 5
best net saved to networks/19_19_go/net_0/trained/, with success rate 44.822212%



epoch [0 64] from [10 100]
training time per iterations 24.407159[ms]
testing
testing done
network success rate top1 21.946665% 15.269676% 
network success rate top5 44.630444% 36.611065% 



epoch [0 65] from [10 100]
training time per iterations 24.406329[ms]
testing
testing done
network success rate top1 21.929684% 15.045945% 
network success rate top5 44.715343% 36.379345% 



epoch [0 66] from [10 100]
training time per iterations 24.408788[ms]
testing
testing done
network success rate top1 22.110468% 15.419497% 
network success rate top5 45.369556% 36.564121% 
saving best net in top 5
best net saved to networks/19_19_go/net_0/trained/, with success rate 45.369556%



epoch [0 67] from [10 100]
training time per iterations 24.404990[ms]
testing
testing done
network success rate top1 22.175390% 15.454454% 
network success rate top5 45.353577% 36.695965% 



epoch [0 68] from [10 100]
training time per iterations 24.411987[ms]
testing
testing done
network success rate top1 22.075510% 15.621255% 
network success rate top5 44.918098% 36.945663% 



epoch [0 69] from [10 100]
training time per iterations 24.417495[ms]
testing
testing done
network success rate top1 22.214342% 15.786057% 
network success rate top5 44.612465% 36.935677% 



epoch [0 70] from [10 100]
training time per iterations 24.414076[ms]
testing
testing done
network success rate top1 22.487015% 15.592289% 
network success rate top5 45.561325% 36.601078% 
saving best net in top 5
best net saved to networks/19_19_go/net_0/trained/, with success rate 45.561325%



epoch [0 71] from [10 100]
training time per iterations 24.414586[ms]
testing
testing done
network success rate top1 22.048542% 15.679185% 
network success rate top5 45.055931% 37.435078% 



epoch [0 72] from [10 100]
training time per iterations 24.415975[ms]
testing
testing done
network success rate top1 22.261286% 15.782062% 
network success rate top5 45.015980% 37.196365% 



epoch [0 73] from [10 100]
training time per iterations 24.419604[ms]
testing
testing done
network success rate top1 22.632841% 15.605273% 
network success rate top5 45.906910% 37.361168% 
saving best net in top 5
best net saved to networks/19_19_go/net_0/trained/, with success rate 45.906910%



epoch [0 74] from [10 100]
training time per iterations 24.414396[ms]
testing
testing done
network success rate top1 22.536955% 15.912905% 
network success rate top5 45.147823% 37.394127% 



epoch [0 75] from [10 100]
training time per iterations 24.418914[ms]
testing
testing done
network success rate top1 22.584898% 15.590292% 
network success rate top5 45.708149% 37.354176% 



epoch [0 76] from [10 100]
training time per iterations 24.416805[ms]
testing
testing done
network success rate top1 22.556932% 15.856972% 
network success rate top5 45.155811% 37.277267% 



epoch [0 77] from [10 100]
training time per iterations 24.417195[ms]
testing
testing done
network success rate top1 22.312225% 15.890931% 
network success rate top5 44.809231% 36.967640% 



epoch [0 78] from [10 100]
training time per iterations 24.414956[ms]
testing
testing done
network success rate top1 22.500000% 15.836996% 
network success rate top5 45.521374% 37.480022% 



epoch [0 79] from [10 100]
training time per iterations 24.415406[ms]
testing
testing done
network success rate top1 22.677786% 15.844986% 
network success rate top5 45.444466% 37.551937% 



epoch [0 80] from [10 100]
training time per iterations 24.417265[ms]
testing
testing done
network success rate top1 22.360168% 15.826009% 
network success rate top5 44.975029% 37.126450% 



epoch [0 81] from [10 100]
training time per iterations 24.416445[ms]
testing
testing done
network success rate top1 22.693768% 16.135637% 
network success rate top5 45.141830% 37.741711% 



epoch [0 82] from [10 100]
training time per iterations 24.413077[ms]
testing
testing done
network success rate top1 22.224331% 15.833000% 
network success rate top5 44.952057% 37.427086% 



epoch [0 83] from [10 100]
training time per iterations 24.417645[ms]
testing
testing done
network success rate top1 22.744707% 15.895925% 
network success rate top5 46.091690% 37.427086% 
saving best net in top 5
best net saved to networks/19_19_go/net_0/trained/, with success rate 46.091690%



epoch [0 84] from [10 100]
training time per iterations 24.420693[ms]
testing
testing done
network success rate top1 22.838594% 16.020775% 
network success rate top5 45.790051% 37.735718% 



epoch [0 85] from [10 100]
training time per iterations 24.421303[ms]
testing
testing done
network success rate top1 22.875549% 16.046743% 
network success rate top5 46.075710% 37.951458% 



epoch [0 86] from [10 100]
training time per iterations 24.416275[ms]
testing
testing done
network success rate top1 22.822613% 15.993808% 
network success rate top5 45.676189% 37.809628% 



epoch [0 87] from [10 100]
training time per iterations 24.419624[ms]
testing
testing done
network success rate top1 22.952457% 16.116659% 
network success rate top5 45.986816% 38.034359% 



epoch [0 88] from [10 100]
training time per iterations 24.415845[ms]
testing
testing done
network success rate top1 23.072313% 16.239513% 
network success rate top5 46.487217% 38.301041% 
saving best net in top 5
best net saved to networks/19_19_go/net_0/trained/, with success rate 46.487217%



epoch [0 89] from [10 100]
training time per iterations 24.416215[ms]
testing
testing done
network success rate top1 22.932482% 16.263483% 
network success rate top5 46.343388% 38.185177% 



epoch [0 90] from [10 100]
training time per iterations 24.416575[ms]
testing
testing done
network success rate top1 22.997402% 16.431282% 
network success rate top5 46.302437% 38.898323% 



epoch [0 91] from [10 100]
training time per iterations 24.416035[ms]
testing
testing done
network success rate top1 22.865561% 16.190571% 
network success rate top5 46.334400% 38.432880% 



epoch [0 92] from [10 100]
training time per iterations 24.411367[ms]
testing
testing done
network success rate top1 23.250099% 16.375349% 
network success rate top5 46.910706% 38.498802% 
saving best net in top 5
best net saved to networks/19_19_go/net_0/trained/, with success rate 46.910706%



epoch [0 93] from [10 100]
training time per iterations 24.415655[ms]
testing
testing done
network success rate top1 23.013384% 16.354374% 
network success rate top5 46.530163% 38.798443% 



epoch [0 94] from [10 100]
training time per iterations 24.412107[ms]
testing
testing done
network success rate top1 23.396923% 16.408310% 
network success rate top5 46.845783% 38.766479% 



epoch [0 95] from [10 100]
training time per iterations 24.410987[ms]
testing
testing done
network success rate top1 22.997402% 16.548141% 
network success rate top5 46.464241% 38.723534% 



epoch [0 96] from [10 100]
training time per iterations 24.411387[ms]
testing
testing done
network success rate top1 23.051338% 16.264482% 
network success rate top5 46.158611% 38.736515% 



epoch [0 97] from [10 100]
training time per iterations 24.413037[ms]
testing
testing done
network success rate top1 23.107271% 16.305433% 
network success rate top5 46.434280% 38.611668% 



epoch [0 98] from [10 100]
training time per iterations 24.414196[ms]
testing
testing done
network success rate top1 23.247103% 16.489212% 
network success rate top5 47.001598% 39.009190% 
saving best net in top 5
best net saved to networks/19_19_go/net_0/trained/, with success rate 47.001598%



epoch [0 99] from [10 100]
training time per iterations 24.418194[ms]
testing
testing done
network success rate top1 23.503796% 16.482222% 
network success rate top5 47.126450% 39.133041% 
saving best net in top 5
best net saved to networks/19_19_go/net_0/trained/, with success rate 47.126450%



epoch [1 0] from [10 100]
training time per iterations 24.415046[ms]
testing
testing done
network success rate top1 23.528765% 16.661007% 
network success rate top5 46.574112% 39.195965% 



epoch [1 1] from [10 100]
training time per iterations 24.410628[ms]
testing
testing done
network success rate top1 23.392929% 16.575109% 
network success rate top5 46.272472% 39.175987% 



epoch [1 2] from [10 100]
training time per iterations 24.415386[ms]
testing
testing done
network success rate top1 23.116261% 16.761887% 
network success rate top5 46.802837% 39.187973% 



epoch [1 3] from [10 100]
training time per iterations 24.415436[ms]
testing
testing done
network success rate top1 23.326008% 16.535158% 
network success rate top5 46.763882% 39.049141% 



epoch [1 4] from [10 100]
training time per iterations 24.413416[ms]
testing
testing done
network success rate top1 23.258091% 17.082500% 
network success rate top5 46.689972% 39.849182% 



epoch [1 5] from [10 100]
training time per iterations 24.412757[ms]
testing
testing done
network success rate top1 23.573711% 16.908710% 
network success rate top5 47.344189% 39.549541% 
saving best net in top 5
best net saved to networks/19_19_go/net_0/trained/, with success rate 47.344189%



epoch [1 6] from [10 100]
training time per iterations 24.410388[ms]
testing
testing done
network success rate top1 23.498802% 16.958649% 
network success rate top5 47.303238% 39.642429% 



epoch [1 7] from [10 100]
training time per iterations 24.410108[ms]
testing
testing done
network success rate top1 23.664602% 17.039553% 
network success rate top5 47.640831% 40.070915% 
saving best net in top 5
best net saved to networks/19_19_go/net_0/trained/, with success rate 47.640831%



epoch [1 8] from [10 100]
training time per iterations 24.419434[ms]
testing
testing done
network success rate top1 23.659609% 17.010588% 
network success rate top5 47.220337% 39.673393% 



epoch [1 9] from [10 100]
training time per iterations 24.415695[ms]
testing
testing done
network success rate top1 23.639633% 17.218338% 
network success rate top5 46.698959% 39.691372% 



epoch [1 10] from [10 100]
training time per iterations 24.417405[ms]
testing
testing done
network success rate top1 23.566719% 17.526968% 
network success rate top5 47.103477% 40.497402% 



epoch [1 11] from [10 100]
training time per iterations 24.413256[ms]
testing
testing done
network success rate top1 24.043148% 17.314222% 
network success rate top5 47.025570% 39.878147% 



epoch [1 12] from [10 100]
training time per iterations 24.417755[ms]
testing
testing done
network success rate top1 23.878345% 17.431082% 
network success rate top5 47.288254% 40.361565% 



epoch [1 13] from [10 100]
training time per iterations 24.414606[ms]
testing
testing done
network success rate top1 23.680584% 17.344187% 
network success rate top5 47.552937% 40.192768% 



epoch [1 14] from [10 100]
training time per iterations 24.413826[ms]
testing
testing done
network success rate top1 23.616659% 17.588894% 
network success rate top5 47.037556% 40.195766% 



epoch [1 15] from [10 100]
training time per iterations 24.415026[ms]
testing
testing done
network success rate top1 23.657610% 17.423092% 
network success rate top5 47.606873% 40.538353% 



epoch [1 16] from [10 100]
training time per iterations 24.417894[ms]
testing
testing done
network success rate top1 23.902317% 17.451059% 
network success rate top5 47.308231% 40.244705% 



epoch [1 17] from [10 100]
training time per iterations 24.415226[ms]
testing
testing done
network success rate top1 24.115063% 17.720736% 
network success rate top5 48.091290% 40.317619% 
saving best net in top 5
best net saved to networks/19_19_go/net_0/trained/, with success rate 48.091290%



epoch [1 18] from [10 100]
training time per iterations 24.409798[ms]
testing
testing done
network success rate top1 24.076109% 17.598881% 
network success rate top5 47.450062% 40.586296% 



epoch [1 19] from [10 100]
training time per iterations 24.149127[ms]
testing
testing done
network success rate top1 23.936277% 17.790651% 
network success rate top5 47.288254% 40.221733% 



epoch [1 20] from [10 100]
training time per iterations 24.403161[ms]
testing
testing done
network success rate top1 23.589693% 17.425091% 
network success rate top5 47.064522% 40.082901% 



epoch [1 21] from [10 100]
training time per iterations 24.412197[ms]
testing
testing done
network success rate top1 24.320814% 18.045345% 
network success rate top5 47.540951% 40.895924% 



epoch [1 22] from [10 100]
training time per iterations 24.415406[ms]
testing
testing done
network success rate top1 24.227926% 17.955454% 
network success rate top5 48.245106% 40.990810% 
saving best net in top 5
best net saved to networks/19_19_go/net_0/trained/, with success rate 48.245106%



epoch [1 23] from [10 100]
training time per iterations 24.414236[ms]
testing
testing done
network success rate top1 24.152018% 17.809628% 
network success rate top5 47.449062% 40.904915% 



epoch [1 24] from [10 100]
training time per iterations 24.411517[ms]
testing
testing done
network success rate top1 24.399721% 17.925489% 
network success rate top5 48.479824% 41.020775% 
saving best net in top 5
best net saved to networks/19_19_go/net_0/trained/, with success rate 48.479824%



epoch [1 25] from [10 100]
training time per iterations 24.416335[ms]
testing
testing done
network success rate top1 24.156013% 18.034359% 
network success rate top5 47.570915% 41.033760% 



epoch [1 26] from [10 100]
training time per iterations 24.409218[ms]
testing
testing done
network success rate top1 24.517578% 18.125250% 
network success rate top5 48.227127% 41.138634% 



epoch [1 27] from [10 100]
training time per iterations 24.414226[ms]
testing
testing done
network success rate top1 24.446665% 18.263084% 
network success rate top5 48.100281% 41.426289% 



epoch [1 28] from [10 100]
training time per iterations 24.416145[ms]
testing
testing done
network success rate top1 24.173992% 18.259089% 
network success rate top5 47.589893% 41.140633% 



epoch [1 29] from [10 100]
training time per iterations 24.414976[ms]
testing
testing done
network success rate top1 24.423691% 18.369957% 
network success rate top5 48.027367% 41.431282% 



epoch [1 30] from [10 100]
training time per iterations 24.414836[ms]
testing
testing done
network success rate top1 24.367758% 18.260088% 
network success rate top5 47.975430% 41.108669% 



epoch [1 31] from [10 100]
training time per iterations 24.417825[ms]
testing
testing done
network success rate top1 24.693369% 18.450859% 
network success rate top5 48.679585% 41.669994% 
saving best net in top 5
best net saved to networks/19_19_go/net_0/trained/, with success rate 48.679585%



epoch [1 32] from [10 100]
training time per iterations 24.420443[ms]
testing
testing done
network success rate top1 24.506592% 18.121254% 
network success rate top5 48.875351% 41.054733% 
saving best net in top 5
best net saved to networks/19_19_go/net_0/trained/, with success rate 48.875351%



epoch [1 33] from [10 100]
training time per iterations 24.417375[ms]
testing
testing done
network success rate top1 24.429684% 18.236116% 
network success rate top5 48.505795% 41.374352% 



epoch [1 34] from [10 100]
training time per iterations 24.417015[ms]
testing
testing done
network success rate top1 24.533560% 18.336996% 
network success rate top5 48.412903% 41.205555% 



epoch [1 35] from [10 100]
training time per iterations 24.417725[ms]
testing
testing done
network success rate top1 24.799240% 18.715542% 
network success rate top5 48.565720% 41.830803% 



epoch [1 36] from [10 100]
training time per iterations 24.414826[ms]
testing
testing done
network success rate top1 24.818218% 18.613663% 
network success rate top5 48.579704% 41.873753% 



epoch [1 37] from [10 100]
training time per iterations 24.417255[ms]
testing
testing done
network success rate top1 24.650419% 18.651619% 
network success rate top5 48.487816% 41.213543% 



epoch [1 38] from [10 100]
training time per iterations 24.417715[ms]
testing
testing done
network success rate top1 24.738314% 18.552736% 
network success rate top5 48.510788% 41.704952% 



epoch [1 39] from [10 100]
training time per iterations 24.421893[ms]
testing
testing done
network success rate top1 24.860168% 18.709549% 
network success rate top5 49.106071% 42.179386% 
saving best net in top 5
best net saved to networks/19_19_go/net_0/trained/, with success rate 49.106071%



epoch [1 40] from [10 100]
training time per iterations 24.414826[ms]
testing
testing done
network success rate top1 24.820215% 18.601679% 
network success rate top5 48.456852% 41.571114% 



epoch [1 41] from [10 100]
training time per iterations 24.415505[ms]
testing
testing done
network success rate top1 24.925091% 18.671595% 
network success rate top5 48.181183% 41.908710% 



epoch [1 42] from [10 100]
training time per iterations 24.416215[ms]
testing
testing done
network success rate top1 24.181982% 18.322014% 
network success rate top5 47.806633% 41.234520% 



epoch [1 43] from [10 100]
training time per iterations 24.416045[ms]
testing
testing done
network success rate top1 25.027966% 18.816420% 
network success rate top5 49.006191% 42.205353% 



epoch [1 44] from [10 100]
training time per iterations 24.414026[ms]
testing
testing done
network success rate top1 24.913105% 18.661606% 
network success rate top5 49.089092% 41.938675% 



epoch [1 45] from [10 100]
training time per iterations 24.415476[ms]
testing
testing done
network success rate top1 24.974031% 18.955254% 
network success rate top5 48.656612% 42.303238% 



epoch [1 46] from [10 100]
training time per iterations 24.413756[ms]
testing
testing done
network success rate top1 24.776268% 18.805433% 
network success rate top5 48.556732% 41.962646% 



epoch [1 47] from [10 100]
training time per iterations 24.418424[ms]
testing
testing done
network success rate top1 25.063923% 18.949261% 
network success rate top5 48.493809% 42.373154% 



epoch [1 48] from [10 100]
training time per iterations 24.414136[ms]
testing
testing done
network success rate top1 25.179785% 19.070116% 
network success rate top5 49.147022% 42.456051% 
saving best net in top 5
best net saved to networks/19_19_go/net_0/trained/, with success rate 49.147022%



epoch [1 49] from [10 100]
training time per iterations 24.412717[ms]
testing
testing done
network success rate top1 25.378546% 18.649620% 
network success rate top5 49.508591% 42.111465% 
saving best net in top 5
best net saved to networks/19_19_go/net_0/trained/, with success rate 49.508591%



epoch [1 50] from [10 100]
training time per iterations 24.416385[ms]
testing
testing done
network success rate top1 25.364563% 19.149021% 
network success rate top5 48.942268% 42.409107% 



epoch [1 51] from [10 100]
training time per iterations 24.416685[ms]
testing
testing done
network success rate top1 25.308630% 18.732521% 
network success rate top5 49.025169% 42.195366% 



epoch [1 52] from [10 100]
training time per iterations 24.418454[ms]
testing
testing done
network success rate top1 25.492409% 19.177986% 
network success rate top5 49.390732% 42.575909% 



epoch [1 53] from [10 100]
training time per iterations 24.416645[ms]
testing
testing done
network success rate top1 25.295645% 19.014183% 
network success rate top5 48.859367% 42.553936% 



epoch [1 54] from [10 100]
training time per iterations 24.418494[ms]
testing
testing done
network success rate top1 25.475430% 18.960247% 
network success rate top5 48.710548% 42.062527% 



epoch [1 55] from [10 100]
training time per iterations 24.418144[ms]
testing
testing done
network success rate top1 25.606272% 19.326807% 
network success rate top5 49.205952% 42.436077% 



epoch [1 56] from [10 100]
training time per iterations 24.413596[ms]
testing
testing done
network success rate top1 25.360567% 19.167999% 
network success rate top5 49.126049% 42.528965% 



epoch [1 57] from [10 100]
training time per iterations 24.417345[ms]
testing
testing done
network success rate top1 25.439472% 19.175989% 
network success rate top5 49.350780% 42.475029% 



epoch [1 58] from [10 100]
training time per iterations 24.420603[ms]
testing
testing done
network success rate top1 25.410507% 19.087095% 
network success rate top5 49.400719% 42.763683% 



epoch [1 59] from [10 100]
training time per iterations 24.414206[ms]
testing
testing done
network success rate top1 25.376549% 19.327806% 
network success rate top5 48.941269% 42.642830% 



epoch [1 60] from [10 100]
training time per iterations 24.417085[ms]
testing
testing done
network success rate top1 25.286655% 19.344786% 
network success rate top5 48.837395% 42.770676% 



epoch [1 61] from [10 100]
training time per iterations 24.415685[ms]
testing
testing done
network success rate top1 25.551338% 19.313824% 
network success rate top5 49.422691% 42.648823% 



epoch [1 62] from [10 100]
training time per iterations 24.422722[ms]
testing
testing done
network success rate top1 25.401518% 19.064123% 
network success rate top5 49.647423% 42.818619% 
saving best net in top 5
best net saved to networks/19_19_go/net_0/trained/, with success rate 49.647423%



epoch [1 63] from [10 100]
training time per iterations 24.415895[ms]
testing
testing done
network success rate top1 25.843987% 19.384739% 
network success rate top5 49.887135% 43.099281% 
saving best net in top 5
best net saved to networks/19_19_go/net_0/trained/, with success rate 49.887135%



epoch [1 64] from [10 100]
training time per iterations 24.418614[ms]
testing
testing done
network success rate top1 25.889933% 19.240911% 
network success rate top5 49.157013% 42.902515% 



epoch [1 65] from [10 100]
training time per iterations 24.420433[ms]
testing
testing done
network success rate top1 25.789053% 19.365761% 
network success rate top5 49.786255% 42.798641% 



epoch [1 66] from [10 100]
training time per iterations 24.418064[ms]
testing
testing done
network success rate top1 25.734119% 19.448662% 
network success rate top5 49.556534% 43.289055% 



epoch [1 67] from [10 100]
training time per iterations 24.415875[ms]
testing
testing done
network success rate top1 25.545345% 19.427687% 
network success rate top5 49.418697% 42.780663% 



epoch [1 68] from [10 100]
training time per iterations 24.419824[ms]
testing
testing done
network success rate top1 25.745106% 19.415701% 
network success rate top5 49.587494% 43.026367% 



epoch [1 69] from [10 100]
training time per iterations 24.419994[ms]
testing
testing done
network success rate top1 25.665201% 19.455654% 
network success rate top5 49.646423% 43.083302% 



epoch [1 70] from [10 100]
training time per iterations 24.421253[ms]
testing
testing done
network success rate top1 25.687176% 19.693369% 
network success rate top5 49.897125% 43.286057% 
saving best net in top 5
best net saved to networks/19_19_go/net_0/trained/, with success rate 49.897125%



epoch [1 71] from [10 100]
training time per iterations 24.422722[ms]
testing
testing done
network success rate top1 25.710148% 19.432680% 
network success rate top5 49.870155% 43.186176% 



epoch [1 72] from [10 100]
training time per iterations 24.419704[ms]
testing
testing done
network success rate top1 26.019775% 19.515581% 
network success rate top5 49.815220% 43.219135% 



epoch [1 73] from [10 100]
training time per iterations 24.418564[ms]
testing
testing done
network success rate top1 25.874950% 19.544546% 
network success rate top5 49.744308% 43.004395% 



epoch [1 74] from [10 100]
training time per iterations 24.418604[ms]
testing
testing done
network success rate top1 25.683180% 19.404715% 
network success rate top5 49.618458% 42.744705% 



epoch [1 75] from [10 100]
training time per iterations 24.417485[ms]
testing
testing done
network success rate top1 26.164602% 19.516581% 
network success rate top5 49.749302% 43.282063% 



epoch [1 76] from [10 100]
training time per iterations 24.418114[ms]
testing
testing done
network success rate top1 25.722134% 19.405714% 
network success rate top5 49.001198% 43.159210% 



epoch [1 77] from [10 100]
training time per iterations 24.419514[ms]
testing
testing done
network success rate top1 25.860968% 19.767279% 
network success rate top5 49.603477% 43.514782% 



epoch [1 78] from [10 100]
training time per iterations 24.421913[ms]
testing
testing done
network success rate top1 26.167599% 19.797243% 
network success rate top5 50.607273% 43.825409% 
saving best net in top 5
best net saved to networks/19_19_go/net_0/trained/, with success rate 50.607273%



epoch [1 79] from [10 100]
training time per iterations 24.417425[ms]
testing
testing done
network success rate top1 25.904915% 19.543549% 
network success rate top5 49.975029% 43.454853% 



epoch [1 80] from [10 100]
training time per iterations 24.414906[ms]
testing
testing done
network success rate top1 25.957851% 19.570515% 
network success rate top5 50.048943% 43.155212% 



epoch [1 81] from [10 100]
training time per iterations 24.414996[ms]
testing
testing done
network success rate top1 26.215542% 19.558529% 
network success rate top5 50.899921% 43.778465% 
saving best net in top 5
best net saved to networks/19_19_go/net_0/trained/, with success rate 50.899921%



epoch [1 82] from [10 100]
training time per iterations 24.423402[ms]
testing
testing done
network success rate top1 25.672194% 19.415701% 
network success rate top5 49.675388% 43.339993% 



epoch [1 83] from [10 100]
training time per iterations 24.411557[ms]
testing
testing done
network success rate top1 25.608271% 19.381742% 
network success rate top5 49.193966% 43.131241% 



epoch [1 84] from [10 100]
training time per iterations 24.414596[ms]
testing
testing done
network success rate top1 26.018778% 19.832201% 
network success rate top5 50.488415% 43.896324% 



epoch [1 85] from [10 100]
training time per iterations 24.415066[ms]
testing
testing done
network success rate top1 25.983820% 19.825211% 
network success rate top5 50.326607% 43.619656% 



epoch [1 86] from [10 100]
training time per iterations 24.412237[ms]
testing
testing done
network success rate top1 26.218538% 19.653416% 
network success rate top5 50.519375% 43.515781% 



epoch [1 87] from [10 100]
training time per iterations 24.414486[ms]
testing
testing done
network success rate top1 26.245506% 19.907112% 
network success rate top5 50.234718% 43.492809% 



epoch [1 88] from [10 100]
training time per iterations 24.416015[ms]
testing
testing done
network success rate top1 26.130644% 19.885138% 
network success rate top5 50.170795% 43.784458% 



epoch [1 89] from [10 100]
training time per iterations 24.417435[ms]
testing
testing done
network success rate top1 25.895926% 19.721334% 
network success rate top5 49.748302% 43.487816% 



epoch [1 90] from [10 100]
training time per iterations 24.416555[ms]
testing
testing done
network success rate top1 26.296444% 19.740313% 
network success rate top5 50.649220% 43.861366% 



epoch [1 91] from [10 100]
training time per iterations 24.413676[ms]
testing
testing done
network success rate top1 26.440271% 19.928087% 
network success rate top5 50.497402% 43.955254% 



epoch [1 92] from [10 100]
training time per iterations 24.415915[ms]
testing
testing done
network success rate top1 26.527168% 20.075909% 
network success rate top5 50.769077% 44.274872% 



epoch [1 93] from [10 100]
training time per iterations 24.414396[ms]
testing
testing done
network success rate top1 25.944866% 19.910109% 
network success rate top5 49.887135% 43.645626% 



epoch [1 94] from [10 100]
training time per iterations 24.416565[ms]
testing
testing done
network success rate top1 26.818817% 19.924091% 
network success rate top5 50.780064% 44.026169% 



epoch [1 95] from [10 100]
training time per iterations 24.415136[ms]
testing
testing done
network success rate top1 26.439272% 19.947063% 
network success rate top5 50.599281% 43.980225% 



epoch [1 96] from [10 100]
training time per iterations 24.416275[ms]
testing
testing done
network success rate top1 26.384338% 20.066919% 
network success rate top5 50.326607% 44.226929% 



epoch [1 97] from [10 100]
training time per iterations 24.418594[ms]
testing
testing done
network success rate top1 26.370356% 20.283659% 
network success rate top5 50.710148% 44.501598% 



epoch [1 98] from [10 100]
training time per iterations 24.421833[ms]
testing
testing done
network success rate top1 26.504194% 19.886137% 
network success rate top5 50.674191% 44.003197% 



epoch [1 99] from [10 100]
training time per iterations 24.415446[ms]
testing
testing done
network success rate top1 26.605074% 20.405514% 
network success rate top5 50.798042% 44.598480% 



epoch [2 0] from [10 100]
training time per iterations 24.416185[ms]
testing
testing done
network success rate top1 26.490211% 20.139832% 
network success rate top5 50.726128% 44.286858% 



epoch [2 1] from [10 100]
training time per iterations 24.417765[ms]
testing
testing done
network success rate top1 26.310427% 20.062925% 
network success rate top5 50.345585% 44.073112% 



epoch [2 2] from [10 100]
training time per iterations 24.418514[ms]
testing
testing done
network success rate top1 26.351377% 20.232721% 
network success rate top5 50.412506% 44.162006% 



epoch [2 3] from [10 100]
training time per iterations 24.415675[ms]
testing
testing done
network success rate top1 26.584099% 20.254694% 
network success rate top5 50.686176% 44.296844% 



epoch [2 4] from [10 100]
training time per iterations 24.418674[ms]
testing
testing done
network success rate top1 26.760887% 20.063923% 
network success rate top5 50.840992% 44.103077% 



epoch [2 5] from [10 100]
training time per iterations 24.420963[ms]
testing
testing done
network success rate top1 26.654015% 20.092888% 
network success rate top5 50.566319% 44.451656% 



epoch [2 6] from [10 100]
training time per iterations 24.419774[ms]
testing
testing done
network success rate top1 26.667999% 20.305634% 
network success rate top5 50.749100% 44.494606% 



epoch [2 7] from [10 100]
training time per iterations 24.417555[ms]
testing
testing done
network success rate top1 26.544147% 20.467440% 
network success rate top5 50.542351% 44.675388% 



epoch [2 8] from [10 100]
training time per iterations 24.420353[ms]
testing
