0.000000 0 0 0.480423 0.658210  2.232321 2.977427 
0.010000 0 1 0.402517 0.816021  2.901518 3.716540 
0.020000 0 2 0.997803 1.414303  4.130044 4.950060 
0.030000 0 3 1.337395 1.822813  5.624251 6.611067 
0.040000 0 4 2.012585 2.596884  8.098282 9.067120 
0.050000 0 5 5.877946 5.126848  20.880943 17.399120 
0.060000 0 6 7.589892 6.250499  25.815022 20.137835 
0.070000 0 7 8.447863 6.698961  28.320017 21.709948 
0.080000 0 8 8.738514 6.785857  28.778465 22.334200 
0.090000 0 9 9.544546 7.032561  30.257690 23.012384 
0.100000 0 10 9.819217 7.420096  30.714144 23.886337 
0.110000 0 11 10.560328 7.870555  32.199360 24.852177 
0.120000 0 12 11.449261 8.377947  33.579704 25.512384 
0.130000 0 13 12.503995 8.966241  34.846184 26.614063 
0.140000 0 14 13.523771 9.869157  36.202557 27.989412 
0.150000 0 15 15.283660 10.715142  38.195168 29.131042 
0.160000 0 16 16.045746 11.070715  38.196163 29.805233 
0.170000 0 17 17.171394 11.553136  39.480625 30.545345 
0.180000 0 18 17.391130 11.758889  39.603477 31.135637 
0.190000 0 19 17.624849 12.368158  39.576508 31.594088 
0.200000 0 20 17.965441 12.270276  40.173790 31.550140 
0.210000 0 21 18.325010 12.697762  39.754295 31.962645 
0.220000 0 22 18.862366 12.865561  41.051739 32.522972 
0.230000 0 23 18.893328 12.968438  40.935879 32.684780 
0.240000 0 24 19.118059 12.969437  40.971832 32.776669 
0.250000 0 25 19.349781 13.048342  41.507191 32.919498 
0.260000 0 26 19.274870 13.130243  41.381344 32.934479 
0.270000 0 27 19.274870 13.296044  41.111668 33.384937 
0.280000 0 28 19.803236 13.425889  41.716938 33.557732 
0.290000 0 29 19.854176 13.396924  42.252296 33.331001 
0.300000 0 30 19.864162 13.581702  42.117458 33.620655 
0.310000 0 31 19.961046 13.421894  42.524971 33.509789 
0.320000 0 32 20.078905 13.881342  41.869755 33.973232 
0.330000 0 33 20.238714 13.900320  42.610867 34.272873 
0.340000 0 34 20.328606 13.729525  42.577908 33.991211 
0.350000 0 35 20.288654 13.667599  42.522972 34.078106 
0.360000 0 36 20.369556 14.118058  42.965443 34.516579 
0.370000 0 37 20.658211 14.144027  42.916500 34.695366 
0.380000 0 38 20.494408 14.202956  42.434078 34.542549 
0.390000 0 39 20.641230 13.857371  42.884537 34.384739 
0.400000 0 40 20.951859 14.227926  43.506790 34.548542 
0.410000 0 41 20.401518 14.091091  42.476028 34.478626 
0.420000 0 42 20.897923 14.303836  43.506790 35.124851 
0.430000 0 43 21.266479 14.474630  43.505795 35.222733 
0.440000 0 44 20.986816 14.404715  43.487816 35.176788 
0.450000 0 45 21.145626 14.573512  43.746506 35.364563 
0.460000 0 46 21.053736 14.432681  43.589691 35.231724 
0.470000 0 47 21.062725 14.561526  43.687576 35.508389 
0.480000 0 48 20.967838 14.402717  43.325008 35.144825 
0.490000 0 49 21.376348 14.816220  43.876347 35.630245 
0.500000 0 50 21.409309 14.718338  44.344788 35.399521 
0.510000 0 51 21.504194 14.826208  44.154015 35.620255 
0.520000 0 52 21.215542 14.494606  43.806431 35.501400 
0.530000 0 53 21.371355 14.587495  43.825409 35.640232 
0.540000 0 54 21.638035 15.067919  43.990211 36.061726 
0.550000 0 55 21.658010 15.210747  44.038155 36.200558 
0.560000 0 56 21.617060 15.119856  44.211945 35.890930 
0.570000 0 57 21.246504 14.960048  43.771473 35.684177 
0.580000 0 58 21.929684 15.154814  44.746304 36.286457 
0.590000 0 59 21.915701 15.095885  44.649422 36.317421 
0.600000 0 60 21.770874 15.014982  43.395924 35.766079 
0.610000 0 61 21.659010 15.126848  44.479626 36.234520 
0.620000 0 62 21.928686 15.125849  44.466640 36.381344 
0.630000 0 63 21.750898 14.929085  44.822212 36.127647 
0.640000 0 64 21.946665 15.269676  44.630444 36.611065 
0.650000 0 65 21.929684 15.045945  44.715343 36.379345 
0.660000 0 66 22.110468 15.419497  45.369556 36.564121 
0.670000 0 67 22.175390 15.454454  45.353577 36.695965 
0.680000 0 68 22.075510 15.621255  44.918098 36.945663 
0.690000 0 69 22.214342 15.786057  44.612465 36.935677 
0.700000 0 70 22.487015 15.592289  45.561325 36.601078 
0.710000 0 71 22.048542 15.679185  45.055931 37.435078 
0.720000 0 72 22.261286 15.782062  45.015980 37.196365 
0.730000 0 73 22.632841 15.605273  45.906910 37.361168 
0.740000 0 74 22.536955 15.912905  45.147823 37.394127 
0.750000 0 75 22.584898 15.590292  45.708149 37.354176 
0.760000 0 76 22.556932 15.856972  45.155811 37.277267 
0.770000 0 77 22.312225 15.890931  44.809231 36.967640 
0.780000 0 78 22.500000 15.836996  45.521374 37.480022 
0.790000 0 79 22.677786 15.844986  45.444466 37.551937 
0.800000 0 80 22.360168 15.826009  44.975029 37.126450 
0.810000 0 81 22.693768 16.135637  45.141830 37.741711 
0.820000 0 82 22.224331 15.833000  44.952057 37.427086 
0.830000 0 83 22.744707 15.895925  46.091690 37.427086 
0.840000 0 84 22.838594 16.020775  45.790051 37.735718 
0.850000 0 85 22.875549 16.046743  46.075710 37.951458 
0.860000 0 86 22.822613 15.993808  45.676189 37.809628 
0.870000 0 87 22.952457 16.116659  45.986816 38.034359 
0.880000 0 88 23.072313 16.239513  46.487217 38.301041 
0.890000 0 89 22.932482 16.263483  46.343388 38.185177 
0.900000 0 90 22.997402 16.431282  46.302437 38.898323 
0.910000 0 91 22.865561 16.190571  46.334400 38.432880 
0.920000 0 92 23.250099 16.375349  46.910706 38.498802 
0.930000 0 93 23.013384 16.354374  46.530163 38.798443 
0.940000 0 94 23.396923 16.408310  46.845783 38.766479 
0.950000 0 95 22.997402 16.548141  46.464241 38.723534 
0.960000 0 96 23.051338 16.264482  46.158611 38.736515 
0.970000 0 97 23.107271 16.305433  46.434280 38.611668 
0.980000 0 98 23.247103 16.489212  47.001598 39.009190 
0.990000 0 99 23.503796 16.482222  47.126450 39.133041 
1.000000 1 0 23.528765 16.661007  46.574112 39.195965 
1.010000 1 1 23.392929 16.575109  46.272472 39.175987 
1.020000 1 2 23.116261 16.761887  46.802837 39.187973 
1.030000 1 3 23.326008 16.535158  46.763882 39.049141 
1.040000 1 4 23.258091 17.082500  46.689972 39.849182 
1.050000 1 5 23.573711 16.908710  47.344189 39.549541 
1.060000 1 6 23.498802 16.958649  47.303238 39.642429 
1.070000 1 7 23.664602 17.039553  47.640831 40.070915 
1.080000 1 8 23.659609 17.010588  47.220337 39.673393 
1.090000 1 9 23.639633 17.218338  46.698959 39.691372 
1.100000 1 10 23.566719 17.526968  47.103477 40.497402 
1.110000 1 11 24.043148 17.314222  47.025570 39.878147 
1.120000 1 12 23.878345 17.431082  47.288254 40.361565 
1.130000 1 13 23.680584 17.344187  47.552937 40.192768 
1.140000 1 14 23.616659 17.588894  47.037556 40.195766 
1.150000 1 15 23.657610 17.423092  47.606873 40.538353 
1.160000 1 16 23.902317 17.451059  47.308231 40.244705 
1.170000 1 17 24.115063 17.720736  48.091290 40.317619 
1.180000 1 18 24.076109 17.598881  47.450062 40.586296 
1.190000 1 19 23.936277 17.790651  47.288254 40.221733 
1.200000 1 20 23.589693 17.425091  47.064522 40.082901 
1.210000 1 21 24.320814 18.045345  47.540951 40.895924 
1.220000 1 22 24.227926 17.955454  48.245106 40.990810 
1.230000 1 23 24.152018 17.809628  47.449062 40.904915 
1.240000 1 24 24.399721 17.925489  48.479824 41.020775 
1.250000 1 25 24.156013 18.034359  47.570915 41.033760 
1.260000 1 26 24.517578 18.125250  48.227127 41.138634 
1.270000 1 27 24.446665 18.263084  48.100281 41.426289 
1.280000 1 28 24.173992 18.259089  47.589893 41.140633 
1.290000 1 29 24.423691 18.369957  48.027367 41.431282 
1.300000 1 30 24.367758 18.260088  47.975430 41.108669 
1.310000 1 31 24.693369 18.450859  48.679585 41.669994 
1.320000 1 32 24.506592 18.121254  48.875351 41.054733 
1.330000 1 33 24.429684 18.236116  48.505795 41.374352 
1.340000 1 34 24.533560 18.336996  48.412903 41.205555 
1.350000 1 35 24.799240 18.715542  48.565720 41.830803 
1.360000 1 36 24.818218 18.613663  48.579704 41.873753 
1.370000 1 37 24.650419 18.651619  48.487816 41.213543 
1.380000 1 38 24.738314 18.552736  48.510788 41.704952 
1.390000 1 39 24.860168 18.709549  49.106071 42.179386 
1.400000 1 40 24.820215 18.601679  48.456852 41.571114 
1.410000 1 41 24.925091 18.671595  48.181183 41.908710 
1.420000 1 42 24.181982 18.322014  47.806633 41.234520 
1.430000 1 43 25.027966 18.816420  49.006191 42.205353 
1.440000 1 44 24.913105 18.661606  49.089092 41.938675 
1.450000 1 45 24.974031 18.955254  48.656612 42.303238 
1.460000 1 46 24.776268 18.805433  48.556732 41.962646 
1.470000 1 47 25.063923 18.949261  48.493809 42.373154 
1.480000 1 48 25.179785 19.070116  49.147022 42.456051 
1.490000 1 49 25.378546 18.649620  49.508591 42.111465 
1.500000 1 50 25.364563 19.149021  48.942268 42.409107 
1.510000 1 51 25.308630 18.732521  49.025169 42.195366 
1.520000 1 52 25.492409 19.177986  49.390732 42.575909 
1.530000 1 53 25.295645 19.014183  48.859367 42.553936 
1.540000 1 54 25.475430 18.960247  48.710548 42.062527 
1.550000 1 55 25.606272 19.326807  49.205952 42.436077 
1.560000 1 56 25.360567 19.167999  49.126049 42.528965 
1.570000 1 57 25.439472 19.175989  49.350780 42.475029 
1.580000 1 58 25.410507 19.087095  49.400719 42.763683 
1.590000 1 59 25.376549 19.327806  48.941269 42.642830 
1.600000 1 60 25.286655 19.344786  48.837395 42.770676 
1.610000 1 61 25.551338 19.313824  49.422691 42.648823 
1.620000 1 62 25.401518 19.064123  49.647423 42.818619 
1.630000 1 63 25.843987 19.384739  49.887135 43.099281 
1.640000 1 64 25.889933 19.240911  49.157013 42.902515 
1.650000 1 65 25.789053 19.365761  49.786255 42.798641 
1.660000 1 66 25.734119 19.448662  49.556534 43.289055 
1.670000 1 67 25.545345 19.427687  49.418697 42.780663 
1.680000 1 68 25.745106 19.415701  49.587494 43.026367 
1.690000 1 69 25.665201 19.455654  49.646423 43.083302 
1.700000 1 70 25.687176 19.693369  49.897125 43.286057 
1.710000 1 71 25.710148 19.432680  49.870155 43.186176 
1.720000 1 72 26.019775 19.515581  49.815220 43.219135 
1.730000 1 73 25.874950 19.544546  49.744308 43.004395 
1.740000 1 74 25.683180 19.404715  49.618458 42.744705 
1.750000 1 75 26.164602 19.516581  49.749302 43.282063 
1.760000 1 76 25.722134 19.405714  49.001198 43.159210 
1.770000 1 77 25.860968 19.767279  49.603477 43.514782 
1.780000 1 78 26.167599 19.797243  50.607273 43.825409 
1.790000 1 79 25.904915 19.543549  49.975029 43.454853 
1.800000 1 80 25.957851 19.570515  50.048943 43.155212 
1.810000 1 81 26.215542 19.558529  50.899921 43.778465 
1.820000 1 82 25.672194 19.415701  49.675388 43.339993 
1.830000 1 83 25.608271 19.381742  49.193966 43.131241 
1.840000 1 84 26.018778 19.832201  50.488415 43.896324 
1.850000 1 85 25.983820 19.825211  50.326607 43.619656 
1.860000 1 86 26.218538 19.653416  50.519375 43.515781 
1.870000 1 87 26.245506 19.907112  50.234718 43.492809 
1.880000 1 88 26.130644 19.885138  50.170795 43.784458 
1.890000 1 89 25.895926 19.721334  49.748302 43.487816 
1.900000 1 90 26.296444 19.740313  50.649220 43.861366 
1.910000 1 91 26.440271 19.928087  50.497402 43.955254 
1.920000 1 92 26.527168 20.075909  50.769077 44.274872 
1.930000 1 93 25.944866 19.910109  49.887135 43.645626 
1.940000 1 94 26.818817 19.924091  50.780064 44.026169 
1.950000 1 95 26.439272 19.947063  50.599281 43.980225 
1.960000 1 96 26.384338 20.066919  50.326607 44.226929 
1.970000 1 97 26.370356 20.283659  50.710148 44.501598 
1.980000 1 98 26.504194 19.886137  50.674191 44.003197 
1.990000 1 99 26.605074 20.405514  50.798042 44.598480 
2.000000 2 0 26.490211 20.139832  50.726128 44.286858 
2.010000 2 1 26.310427 20.062925  50.345585 44.073112 
2.020000 2 2 26.351377 20.232721  50.412506 44.162006 
2.030000 2 3 26.584099 20.254694  50.686176 44.296844 
2.040000 2 4 26.760887 20.063923  50.840992 44.103077 
2.050000 2 5 26.654015 20.092888  50.566319 44.451656 
2.060000 2 6 26.667999 20.305634  50.749100 44.494606 
2.070000 2 7 26.544147 20.467440  50.542351 44.675388 
