network init start

hyperparameters
init_weight_range 0.000000 ,xavier
learning_rate 0.000200
lambda1 0.000000
lambda2 0.000000
dropout 0.400000
minibatch size 128

   DENSE CONVOLUTION  [   19    19     4] [    3     3    64] [   19    19    68] [      2304         64][    854848]
                RELU  [   19    19    68] [    1     1     1] [   19    19    68] [         0          0][     49096]
   DENSE CONVOLUTION  [   19    19    68] [    3     3    64] [   19    19   132] [     39168         64][  14162752]
                RELU  [   19    19   132] [    1     1     1] [   19    19   132] [         0          0][     95304]
   DENSE CONVOLUTION  [   19    19   132] [    3     3    64] [   19    19   196] [     76032         64][  27470656]
                RELU  [   19    19   196] [    1     1     1] [   19    19   196] [         0          0][    141512]
   DENSE CONVOLUTION  [   19    19   196] [    3     3    64] [   19    19   260] [    112896         64][  40778560]
                RELU  [   19    19   260] [    1     1     1] [   19    19   260] [         0          0][    187720]
         CONVOLUTION  [   19    19   260] [    1     1    64] [   19    19    64] [     16640         64][   6030144]
                RELU  [   19    19    64] [    1     1     1] [   19    19    64] [         0          0][     46208]
   DENSE CONVOLUTION  [   19    19    64] [    3     3    64] [   19    19   128] [     36864         64][  13331008]
                RELU  [   19    19   128] [    1     1     1] [   19    19   128] [         0          0][     92416]
   DENSE CONVOLUTION  [   19    19   128] [    3     3    64] [   19    19   192] [     73728         64][  26638912]
                RELU  [   19    19   192] [    1     1     1] [   19    19   192] [         0          0][    138624]
   DENSE CONVOLUTION  [   19    19   192] [    3     3    64] [   19    19   256] [    110592         64][  39946816]
                RELU  [   19    19   256] [    1     1     1] [   19    19   256] [         0          0][    184832]
   DENSE CONVOLUTION  [   19    19   256] [    3     3    64] [   19    19   320] [    147456         64][  53254720]
                RELU  [   19    19   320] [    1     1     1] [   19    19   320] [         0          0][    231040]
         CONVOLUTION  [   19    19   320] [    1     1    64] [   19    19    64] [     20480         64][   7416384]
                RELU  [   19    19    64] [    1     1     1] [   19    19    64] [         0          0][     46208]
   DENSE CONVOLUTION  [   19    19    64] [    3     3    64] [   19    19   128] [     36864         64][  13331008]
                RELU  [   19    19   128] [    1     1     1] [   19    19   128] [         0          0][     92416]
   DENSE CONVOLUTION  [   19    19   128] [    3     3    64] [   19    19   192] [     73728         64][  26638912]
                RELU  [   19    19   192] [    1     1     1] [   19    19   192] [         0          0][    138624]
   DENSE CONVOLUTION  [   19    19   192] [    3     3    64] [   19    19   256] [    110592         64][  39946816]
                RELU  [   19    19   256] [    1     1     1] [   19    19   256] [         0          0][    184832]
   DENSE CONVOLUTION  [   19    19   256] [    3     3    64] [   19    19   320] [    147456         64][  53254720]
                RELU  [   19    19   320] [    1     1     1] [   19    19   320] [         0          0][    231040]
         CONVOLUTION  [   19    19   320] [    1     1    64] [   19    19    64] [     20480         64][   7416384]
                RELU  [   19    19    64] [    1     1     1] [   19    19    64] [         0          0][     46208]
             DROPOUT  [   19    19    64] [    1     1     1] [   19    19    64] [         0          0][     46208]
                  FC  [   19    19    64] [    1     1   362] [    1     1   362] [   8363648        362][  16728020]

input_geometry  [19 19 4]
output_geometry [1 1 362]
network flops operations 389152960 FLOPS, 0.389153 GFLOPS
init DONE

