0.000000 0 0 0.314622 0.266680  1.101678 1.353376 
0.010000 0 1 0.479425 0.605274  2.366161 2.987415 
0.020000 0 2 0.576308 0.842988  3.231123 3.985218 
0.030000 0 3 0.902916 1.271474  4.188973 5.283659 
0.040000 0 4 0.998801 1.408310  4.800240 6.174591 
0.050000 0 5 1.371354 2.165401  6.974630 8.775470 
0.060000 0 6 3.780463 3.926288  13.749500 13.520775 
0.070000 0 7 5.246704 5.036956  19.006193 17.086496 
0.080000 0 8 6.738914 5.807032  23.326008 19.350779 
0.090000 0 9 7.028566 6.042749  24.639433 20.076908 
0.100000 0 10 7.762685 6.514183  26.158609 21.146624 
0.110000 0 11 8.187176 6.627048  26.527168 21.500200 
0.120000 0 12 8.375949 6.996604  27.655813 22.327208 
0.130000 0 13 8.560727 7.201358  27.896524 22.822613 
0.140000 0 14 8.537755 7.083500  27.986416 22.760687 
0.150000 0 15 8.967239 7.564922  29.255894 23.424891 
0.160000 0 16 9.300839 7.896524  29.958050 24.050140 
0.170000 0 17 9.317819 7.963444  30.027966 24.383739 
0.180000 0 18 9.650419 8.116261  30.633240 24.726328 
0.190000 0 19 10.165801 8.644627  31.609070 25.579306 
0.200000 0 20 10.196764 8.429884  31.558130 25.081902 
0.210000 0 21 10.051938 8.446864  30.834000 24.985018 
0.220000 0 22 10.776069 9.015182  32.732719 26.140631 
0.230000 0 23 10.742109 9.179984  32.740711 26.246504 
0.240000 0 24 11.083699 9.167000  33.068317 26.582102 
0.250000 0 25 11.199560 9.359768  32.942471 26.205553 
0.260000 0 26 11.462245 9.256892  33.533760 26.591091 
0.270000 0 27 11.868757 9.715342  34.278866 27.288254 
0.280000 0 28 11.912704 9.982021  34.115063 27.552937 
0.290000 0 29 12.147423 10.060926  34.077106 27.696764 
0.300000 0 30 12.555933 10.249701  34.955055 27.959448 
0.310000 0 31 12.421095 10.379544  34.207951 27.613863 
0.320000 0 32 13.309030 10.728127  35.246704 28.239113 
0.330000 0 33 13.470835 11.034759  35.545345 28.445866 
0.340000 0 34 14.509588 11.345386  36.322414 28.926289 
0.350000 0 35 15.694167 11.863764  38.135239 30.108870 
0.360000 0 36 16.138634 12.455054  38.287056 30.890930 
0.370000 0 37 16.940672 12.917499  38.667599 31.520176 
0.380000 0 38 17.189373 13.116261  39.293846 32.341190 
0.390000 0 39 17.495007 13.102277  39.859169 32.381142 
0.400000 0 40 18.008390 13.351977  39.832203 32.721733 
0.410000 0 41 18.285057 13.518778  40.379543 32.877548 
0.420000 0 42 18.520775 13.684579  40.076908 33.191170 
0.430000 0 43 18.578705 13.953256  40.504395 33.673592 
0.440000 0 44 18.645626 14.069117  40.913902 33.655613 
0.450000 0 45 19.093088 14.277866  41.163605 34.144028 
0.460000 0 46 18.723532 14.139033  41.170597 34.190971 
0.470000 0 47 19.167000 14.009189  41.879745 34.175987 
0.480000 0 48 19.149021 14.390731  41.212543 34.405712 
0.490000 0 49 19.352777 14.590491  41.606071 34.449661 
0.500000 0 50 19.427687 14.593488  41.824810 34.809231 
0.510000 0 51 19.693369 14.509588  41.844788 35.041950 
0.520000 0 52 19.695366 14.620456  42.112465 35.148823 
0.530000 0 53 20.024969 14.794247  42.354176 35.148823 
0.540000 0 54 20.026968 15.031961  42.037556 35.339592 
0.550000 0 55 20.042948 14.816220  42.377148 35.301640 
0.560000 0 56 20.170795 14.920095  42.534958 35.328606 
0.570000 0 57 20.390532 15.123852  42.882542 35.907909 
0.580000 0 58 20.222733 14.911107  42.464043 35.222733 
0.590000 0 59 20.228725 15.273671  42.868557 36.081703 
0.600000 0 60 20.309628 15.327607  42.768677 36.187576 
0.610000 0 61 20.631243 15.472433  43.012386 35.906910 
0.620000 0 62 20.607271 15.386537  43.753494 36.262486 
0.630000 0 63 20.481422 15.365561  43.338993 36.164604 
0.640000 0 64 20.714144 15.617259  42.946465 36.078705 
0.650000 0 65 20.369556 15.373551  42.142429 35.960846 
0.660000 0 66 21.030764 15.858970  43.819416 37.082500 
0.670000 0 67 20.992809 15.536356  43.575710 36.646027 
0.680000 0 68 21.075708 15.816021  43.497803 37.016579 
0.690000 0 69 21.123652 15.623252  44.094086 36.817818 
0.700000 0 70 20.922892 15.509389  43.589691 36.706951 
0.710000 0 71 21.287455 15.971834  43.895325 36.977627 
0.720000 0 72 21.436277 16.290451  43.924290 37.315220 
0.730000 0 73 21.487215 16.065722  44.145027 37.277267 
0.740000 0 74 21.063723 15.828007  43.243107 36.838795 
0.750000 0 75 21.514183 15.950859  44.017178 37.429085 
0.760000 0 76 21.278465 16.300440  43.697563 37.711746 
0.770000 0 77 21.705954 16.220535  44.651417 37.914501 
0.780000 0 78 21.607071 16.206553  44.200958 37.333199 
0.790000 0 79 21.750898 16.551138  44.104076 37.638832 
0.800000 0 80 21.712944 16.251497  44.040154 37.581902 
0.810000 0 81 21.801838 16.562126  44.488613 37.890530 
0.820000 0 82 21.984619 16.590092  44.651417 38.251099 
0.830000 0 83 22.100479 16.477228  45.002995 38.211147 
0.840000 0 84 21.800838 16.371355  44.035156 37.893528 
0.850000 0 85 21.711946 16.541151  44.518578 37.890530 
0.860000 0 86 22.077507 16.272472  44.916100 37.877548 
0.870000 0 87 22.289253 16.364363  45.803036 38.378944 
0.880000 0 88 22.255293 16.578106  45.418499 38.257092 
0.890000 0 89 22.250299 16.487215  45.206753 38.345985 
0.900000 0 90 22.325211 16.837795  45.170795 38.711548 
0.910000 0 91 21.800838 16.579105  43.667599 37.844585 
0.920000 0 92 22.166401 16.848782  45.199760 38.859367 
0.930000 0 93 22.275270 16.869757  45.009987 38.577705 
0.940000 0 94 22.487015 16.950659  45.964844 38.952259 
0.950000 0 95 22.533958 16.814823  45.837994 38.874352 
0.960000 0 96 22.305233 16.846785  45.312626 38.627647 
0.970000 0 97 22.628845 17.004595  46.097683 39.083099 
0.980000 0 98 22.824610 17.136436  45.921894 39.179985 
0.990000 0 99 22.374151 17.031563  45.588295 38.665600 
1.000000 1 0 22.468039 16.898722  45.611267 38.968239 
1.010000 1 1 23.006392 17.240313  46.355373 39.346783 
1.020000 1 2 22.720736 17.244307  45.780064 39.595486 
1.030000 1 3 22.701757 17.324211  46.001797 39.375748 
1.040000 1 4 22.893528 17.295246  46.167599 39.310825 
1.050000 1 5 22.874550 17.304235  46.359367 39.651417 
1.060000 1 6 22.995405 17.303236  45.804035 39.359768 
1.070000 1 7 22.806631 17.353176  46.027767 39.448662 
1.080000 1 8 23.111267 17.476028  46.495205 39.521576 
1.090000 1 9 22.917500 17.463045  45.945866 39.643429 
1.100000 1 10 22.871553 17.446064  46.113663 39.483620 
1.110000 1 11 23.164204 17.665800  46.464241 39.783260 
1.120000 1 12 23.535757 17.451059  46.843788 39.789253 
1.130000 1 13 22.943468 17.589891  45.549339 39.875149 
1.140000 1 14 23.284060 17.496004  46.914703 39.819218 
1.150000 1 15 22.799641 17.338194  45.834000 39.438675 
1.160000 1 16 22.839592 17.384138  46.200558 39.531563 
1.170000 1 17 23.081303 17.605873  46.070717 39.813225 
1.180000 1 18 23.233120 17.591890  46.411308 39.612465 
1.190000 1 19 23.201159 17.848581  46.456253 40.180782 
1.200000 1 20 23.014383 17.578905  46.367359 39.630444 
1.210000 1 21 23.487814 17.615862  47.122452 40.176788 
1.220000 1 22 23.805433 17.941471  47.165401 40.180782 
1.230000 1 23 23.579704 18.040352  46.992607 40.230724 
1.240000 1 24 23.565722 17.970436  46.883739 40.345585 
1.250000 1 25 23.657610 18.077307  47.044548 40.464443 
1.260000 1 26 23.546743 18.265081  46.900719 40.631241 
1.270000 1 27 23.676588 18.041351  46.928684 40.204754 
1.280000 1 28 23.704554 18.108271  47.273273 40.533360 
1.290000 1 29 23.904314 18.322014  47.440071 40.770077 
1.300000 1 30 23.639633 18.356972  46.882740 40.591290 
1.310000 1 31 23.578705 18.094286  47.057529 40.375549 
1.320000 1 32 23.991211 18.223133  47.347183 40.584297 
1.330000 1 33 23.728525 18.390930  47.195366 40.928886 
1.340000 1 34 23.847383 18.482821  46.743908 40.803036 
1.350000 1 35 23.799440 18.616659  47.461048 41.082703 
1.360000 1 36 24.126049 18.659609  47.211346 40.884937 
1.370000 1 37 23.934278 18.405912  47.081501 40.965839 
1.380000 1 38 24.254894 18.676588  47.123451 41.133640 
1.390000 1 39 24.273870 18.592690  47.580902 41.309429 
1.400000 1 40 24.167999 18.734518  47.376148 41.085697 
1.410000 1 41 24.265881 18.711546  47.761684 41.205555 
1.420000 1 42 24.161007 18.692570  47.870556 41.303436 
1.430000 1 43 24.475630 18.591690  47.843586 41.463245 
1.440000 1 44 24.451658 18.700560  47.814621 41.315422 
1.450000 1 45 24.336796 18.723532  47.490013 41.544147 
1.460000 1 46 24.711346 18.863363  47.967438 41.662006 
1.470000 1 47 23.980225 18.876348  47.242310 41.417297 
1.480000 1 48 23.897324 18.871355  47.502995 41.156612 
1.490000 1 49 24.417698 18.647623  48.012386 41.584099 
1.500000 1 50 24.496605 18.915302  47.963444 41.618057 
1.510000 1 51 23.975229 18.765482  47.520973 41.307430 
1.520000 1 52 24.578506 18.871355  47.929485 41.735916 
1.530000 1 53 24.323811 18.882341  48.129246 41.745903 
1.540000 1 54 24.523571 19.066120  47.901520 41.933681 
1.550000 1 55 24.743307 19.458649  48.082302 42.235317 
1.560000 1 56 24.519577 19.208950  48.092289 42.437077 
1.570000 1 57 24.621454 18.958250  48.270077 41.875748 
1.580000 1 58 23.928286 18.861366  47.593887 41.709949 
1.590000 1 59 24.815222 19.010187  48.486816 41.594086 
1.600000 1 60 24.736317 18.872353  48.174191 42.091492 
1.610000 1 61 24.620455 19.323811  48.141232 42.120457 
1.620000 1 62 24.744307 19.243908  48.124252 42.218338 
1.630000 1 63 24.607471 19.067120  48.165203 42.125450 
1.640000 1 64 24.502598 19.183979  48.120255 41.932682 
1.650000 1 65 24.930084 19.287855  48.152218 42.403118 
1.660000 1 66 24.691370 19.069117  48.031361 42.154415 
1.670000 1 67 24.733320 19.196964  48.543747 42.384140 
1.680000 1 68 24.503595 19.332800  48.190170 42.292248 
1.690000 1 69 24.985018 19.398722  48.624649 42.582901 
1.700000 1 70 24.792250 19.195965  48.650620 42.058529 
1.710000 1 71 25.256693 19.420694  48.665600 42.446064 
1.720000 1 72 24.903116 19.377747  48.253098 42.442070 
1.730000 1 73 25.147823 19.644426  48.949261 42.841591 
1.740000 1 74 25.249701 19.500599  48.786457 42.642830 
1.750000 1 75 24.819218 19.404715  48.312027 42.574909 
1.760000 1 76 24.863165 19.235916  48.736515 42.559929 
1.770000 1 77 25.179785 19.438673  48.830402 42.776669 
1.780000 1 78 25.074909 19.391729  48.687576 42.725731 
1.790000 1 79 24.854176 19.500599  48.352978 42.788654 
1.800000 1 80 25.187775 19.847183  48.951260 42.953457 
1.810000 1 81 25.044947 19.427687  48.996204 42.898521 
1.820000 1 82 25.000000 19.476627  48.848381 42.448063 
1.830000 1 83 25.296644 19.655413  48.950260 42.639832 
1.840000 1 84 25.363564 19.721334  49.597485 42.812626 
1.850000 1 85 25.072912 19.520575  48.758492 42.670795 
1.860000 1 86 25.254694 19.709349  49.407711 43.179184 
1.870000 1 87 24.940071 19.482620  49.042149 42.657810 
1.880000 1 88 25.357571 19.610468  49.168999 42.942471 
1.890000 1 89 25.374550 19.791250  48.868359 43.276070 
1.900000 1 90 24.840191 19.439672  48.526768 42.660809 
1.910000 1 91 25.447464 19.501598  49.095085 43.072311 
1.920000 1 92 25.242708 19.750299  49.210945 43.128246 
1.930000 1 93 25.213743 19.731323  48.519775 42.820614 
1.940000 1 94 25.149820 19.830204  48.839394 43.078304 
1.950000 1 95 25.493408 20.208750  49.016182 43.739513 
1.960000 1 96 25.233719 19.893127  48.555733 43.250099 
1.970000 1 97 25.196764 19.557531  49.155014 43.022373 
1.980000 1 98 25.463444 19.877148  49.280865 43.333000 
1.990000 1 99 25.470436 19.789253  49.345783 43.239113 
2.000000 2 0 25.522373 19.740313  49.059128 42.970436 
2.010000 2 1 25.574310 19.831203  48.919296 43.025368 
2.020000 2 2 25.695166 19.919098  49.077106 43.414902 
2.030000 2 3 25.686176 19.632441  49.383739 43.524769 
2.040000 2 4 25.121853 19.804235  48.550739 42.880543 
2.050000 2 5 25.627247 19.930084  49.362766 43.509789 
2.060000 2 6 25.280663 19.831203  48.760487 43.375950 
2.070000 2 7 25.669197 19.989014  49.474632 43.548740 
2.080000 2 8 25.587296 20.010986  49.651417 43.315022 
2.090000 2 9 25.489412 19.945066  49.382740 43.270077 
2.100000 2 10 25.443468 20.205753  49.478626 43.571712 
2.110000 2 11 25.555334 19.887135  49.056133 43.421894 
2.120000 2 12 25.580303 20.203756  49.389732 43.580704 
2.130000 2 13 25.787056 20.011986  49.906113 43.523773 
2.140000 2 14 25.489412 20.107870  49.776268 43.966240 
2.150000 2 15 25.741110 19.989014  49.698360 43.466839 
2.160000 2 16 25.452457 19.981022  49.504593 43.675591 
2.170000 2 17 25.121853 19.705353  48.584698 43.272072 
2.180000 2 18 25.701159 20.129845  49.576508 43.678585 
2.190000 2 19 25.905912 20.066919  49.853176 43.617661 
2.200000 2 20 25.820017 20.099880  49.855175 43.751499 
2.210000 2 21 26.075708 20.007990  49.964043 43.956253 
2.220000 2 22 25.815022 20.319616  49.855175 44.069118 
2.230000 2 23 25.957851 20.387535  49.960049 44.192970 
2.240000 2 24 25.659208 20.361567  49.291851 44.015182 
2.250000 2 25 25.803036 20.400520  49.876148 44.164001 
2.260000 2 26 25.657211 20.194767  49.745304 43.842388 
2.270000 2 27 25.891930 20.193768  49.870155 43.921295 
2.280000 2 28 25.848982 20.239712  49.664402 43.819416 
2.290000 2 29 25.782061 20.082901  49.708351 43.796444 
2.300000 2 30 25.793049 20.513384  49.535557 44.170994 
2.310000 2 31 25.625250 20.286655  49.665401 44.381741 
2.320000 2 32 25.946863 20.634239  49.667400 44.548542 
2.330000 2 33 26.121655 20.336596  49.679386 44.287853 
2.340000 2 34 26.306433 20.557331  50.138832 44.296844 
2.350000 2 35 25.795046 20.081902  49.712345 43.600677 
2.360000 2 36 26.074711 20.693169  49.424690 44.189972 
2.370000 2 37 26.231522 20.422493  49.390732 44.073112 
2.380000 2 38 26.317419 20.569317  50.120853 44.524570 
2.390000 2 39 26.488214 20.630243  50.491409 44.318817 
2.400000 2 40 25.963844 20.371553  49.508591 44.282860 
2.410000 2 41 26.110666 20.238714  49.140034 43.841389 
2.420000 2 42 25.896923 20.378546  49.569515 44.385738 
2.430000 2 43 26.044746 20.608271  49.776268 44.694366 
2.440000 2 44 26.007792 20.350580  49.734318 44.431683 
2.450000 2 45 26.309429 20.420496  49.945065 44.524570 
2.460000 2 46 26.574112 20.543348  50.376549 44.279865 
2.470000 2 47 26.254494 20.379545  50.486416 44.256893 
2.480000 2 48 26.505194 20.470436  50.222733 44.474632 
2.490000 2 49 25.639233 20.420496  49.300838 44.202957 
2.500000 2 50 26.394327 20.573313  50.018978 44.520576 
2.510000 2 51 26.497204 20.515381  50.503395 44.668400 
2.520000 2 52 26.690971 20.781063  50.417500 44.576508 
2.530000 2 53 26.551138 20.432482  50.029964 44.713345 
2.540000 2 54 26.251497 20.259687  50.280663 44.102077 
2.550000 2 55 26.577108 20.798042  50.108868 44.891132 
2.560000 2 56 26.225529 20.726130  49.874149 44.686375 
2.570000 2 57 26.681982 20.570316  49.776268 44.718338 
2.580000 2 58 26.516180 20.651218  50.263683 44.533558 
2.590000 2 59 26.163603 20.681183  49.710346 44.640430 
2.600000 2 60 26.218538 20.596285  50.192768 44.533558 
2.610000 2 61 26.275469 20.772074  49.822212 44.483620 
2.620000 2 62 26.386337 20.616261  50.245705 44.773273 
2.630000 2 63 26.210546 20.517380  50.337593 44.156013 
2.640000 2 64 25.956852 20.598282  49.742310 44.588493 
2.650000 2 65 26.652018 20.824011  50.379543 44.721333 
2.660000 2 66 26.355373 20.497402  49.899120 44.386738 
2.670000 2 67 26.619057 20.857971  50.957851 44.934078 
2.680000 2 68 26.556133 20.780064  50.481422 45.058929 
2.690000 2 69 26.552137 20.990810  50.825008 45.097881 
2.700000 2 70 26.842789 21.068718  50.817020 45.072914 
2.710000 2 71 26.065722 20.847982  50.381542 45.029964 
2.720000 2 72 26.389334 20.934877  50.069916 44.803238 
2.730000 2 73 26.174591 20.867958  50.106873 44.814224 
2.740000 2 74 26.807831 20.904915  50.964844 44.766281 
2.750000 2 75 26.787855 20.883940  51.069717 44.958050 
2.760000 2 76 26.761887 21.026768  50.605274 45.141830 
2.770000 2 77 26.480225 20.891930  50.652218 44.859169 
2.780000 2 78 26.632042 20.857971  50.169796 44.921093 
2.790000 2 79 26.669996 20.907911  50.190769 44.992008 
2.800000 2 80 26.665003 20.821014  50.819016 45.057930 
2.810000 2 81 26.695965 20.958849  50.506393 45.059929 
2.820000 2 82 26.729923 21.047743  50.622253 44.948063 
2.830000 2 83 26.782860 20.946863  50.999802 45.099880 
2.840000 2 84 26.846785 21.119656  50.942867 45.332600 
2.850000 2 85 26.501198 20.940870  50.511387 44.771275 
2.860000 2 86 26.730923 20.938873  50.270676 45.338593 
2.870000 2 87 26.794846 21.296444  50.718140 45.430485 
2.880000 2 88 26.524172 20.858969  50.834000 44.865162 
2.890000 2 89 26.373352 21.278465  50.219738 45.342590 
2.900000 2 90 26.645025 20.958849  50.534359 45.296642 
2.910000 2 91 26.765881 21.033760  51.144627 45.309628 
2.920000 2 92 26.748901 21.123652  51.146626 45.306633 
2.930000 2 93 26.572113 21.028765  50.305634 45.212746 
2.940000 2 94 26.793848 21.156612  50.577309 45.234718 
2.950000 2 95 26.829803 21.070715  50.889931 45.350578 
2.960000 2 96 26.408310 21.055733  49.982021 45.258690 
2.970000 2 97 26.754894 21.140631  50.678185 45.418499 
2.980000 2 98 27.054535 21.191570  50.988815 45.673191 
2.990000 2 99 27.057531 21.397324  51.280464 45.588295 
3.000000 3 0 26.718937 20.868958  50.220734 45.103874 
3.010000 3 1 26.754894 21.233521  50.708149 45.430485 
3.020000 3 2 27.197363 21.279465  51.241508 45.469437 
3.030000 3 3 26.638035 21.351377  50.642231 45.527367 
3.040000 3 4 27.179384 20.929884  51.278465 45.385536 
3.050000 3 5 26.602077 20.991810  50.565323 45.481422 
3.060000 3 6 26.602077 21.083700  50.378544 45.326607 
3.070000 3 7 26.864761 21.328405  50.667198 45.796043 
3.080000 3 8 26.931683 21.177588  51.259487 45.508389 
3.090000 3 9 27.067518 21.161606  51.232521 45.796043 
3.100000 3 10 27.080503 21.086697  51.226528 45.650219 
3.110000 3 11 27.064522 21.471235  50.933880 45.611267 
3.120000 3 12 27.103476 21.343388  51.036755 45.938873 
3.130000 3 13 27.064522 21.296444  51.075710 45.665203 
3.140000 3 14 27.069517 21.132641  51.063725 45.482422 
3.150000 3 15 27.423092 21.175589  51.123653 45.612267 
3.160000 3 16 27.068518 21.414303  50.766079 45.809029 
3.170000 3 17 27.175390 21.359369  50.803036 45.859966 
3.180000 3 18 26.921694 21.344387  51.178585 45.589294 
3.190000 3 19 27.113464 21.293447  51.367359 45.544346 
3.200000 3 20 26.965641 21.171595  50.877945 45.593288 
3.210000 3 21 27.058529 21.111666  51.089691 45.459450 
3.220000 3 22 26.890732 21.278465  51.191570 45.617260 
3.230000 3 23 27.215342 21.434278  51.342388 45.912903 
3.240000 3 24 27.146423 21.410307  51.419296 46.022774 
3.250000 3 25 27.242310 21.626049  51.148621 46.156612 
3.260000 3 26 27.085497 21.454254  51.132641 46.147621 
3.270000 3 27 26.924690 21.223532  50.899921 45.632240 
3.280000 3 28 26.990612 21.622053  51.049740 45.879944 
3.290000 3 29 27.196363 21.572113  51.353374 45.954853 
3.300000 3 30 27.193369 21.473232  51.003796 45.898922 
3.310000 3 31 26.766880 21.317419  51.059727 45.747105 
3.320000 3 32 27.424091 21.518179  51.344387 45.974831 
3.330000 3 33 26.913704 21.369356  50.837994 45.874950 
3.340000 3 34 27.404116 21.489212  51.440273 46.083698 
3.350000 3 35 27.331203 21.697962  51.466240 45.966839 
3.360000 3 36 27.244307 21.285458  51.023773 45.972832 
3.370000 3 37 27.159409 21.365362  51.161606 45.721134 
3.380000 3 38 27.133440 21.299440  50.847984 45.834999 
3.390000 3 39 27.432081 21.348381  51.574112 45.870956 
3.400000 3 40 27.666800 21.462246  51.631042 46.008789 
3.410000 3 41 27.469038 21.373352  51.652016 45.747105 
3.420000 3 42 27.232321 21.766880  50.980824 46.467239 
3.430000 3 43 27.391130 21.548141  51.520176 45.958851 
3.440000 3 44 27.014582 21.476229  51.192570 45.860966 
3.450000 3 45 27.771673 21.331402  51.912704 46.108669 
3.460000 3 46 27.465042 21.644028  51.383339 46.115662 
3.470000 3 47 27.141430 21.508190  51.129646 45.668198 
3.480000 3 48 27.004595 21.777866  50.624252 46.374352 
3.490000 3 49 27.446064 21.690971  51.577106 46.536156 
3.500000 3 50 27.053535 21.743908  50.690170 46.353374 
3.510000 3 51 27.071514 21.395325  50.766079 45.756092 
3.520000 3 52 27.067518 21.574112  51.291451 46.122654 
3.530000 3 53 27.027567 21.568119  51.069717 45.921894 
3.540000 3 54 27.385138 21.503197  51.558128 46.267479 
3.550000 3 55 27.417099 21.413303  52.097485 45.797043 
3.560000 3 56 27.586895 21.775869  51.582100 46.423290 
3.570000 3 57 27.606873 21.640032  51.858768 46.355373 
3.580000 3 58 27.437075 21.755894  51.668999 46.143627 
3.590000 3 59 27.410109 21.522173  51.555134 46.195564 
3.600000 3 60 27.097483 21.348381  51.350380 45.875950 
3.610000 3 61 27.306232 21.653017  51.614063 46.279465 
3.620000 3 62 27.435078 21.876747  51.790852 46.503197 
3.630000 3 63 27.587894 21.679983  51.740910 46.519176 
3.640000 3 64 27.371155 21.782860  51.576107 46.322414 
3.650000 3 65 27.394127 21.698961  51.455254 46.085697 
3.660000 3 66 27.409109 21.707951  51.521175 46.303436 
3.670000 3 67 27.592888 21.517179  51.517178 46.275471 
3.680000 3 68 27.432081 21.954655  51.373352 46.576107 
3.690000 3 69 27.794647 21.844786  51.757889 46.760887 
3.700000 3 70 27.411106 21.621056  50.871952 46.320415 
3.710000 3 71 27.931482 21.683979  51.934677 46.370354 
3.720000 3 72 27.383141 21.713943  51.668999 46.458252 
3.730000 3 73 27.382141 21.766880  51.227528 46.460247 
3.740000 3 74 27.573912 21.724930  51.579105 46.262486 
3.750000 3 75 27.664803 22.135437  51.271473 46.764881 
3.760000 3 76 27.480024 21.824810  51.390331 46.452259 
3.770000 3 77 27.534958 21.908710  51.514183 46.649021 
3.780000 3 78 27.441071 21.896725  51.669994 46.739914 
3.790000 3 79 27.555933 21.898722  51.604076 46.419296 
3.800000 3 80 27.783659 21.867758  51.651020 46.653015 
3.810000 3 81 27.244307 21.763884  50.758091 46.234520 
3.820000 3 82 28.138233 22.090492  52.444069 46.934677 
3.830000 3 83 27.486017 21.524172  51.713943 46.456253 
3.840000 3 84 27.786655 22.013584  51.369358 46.781860 
3.850000 3 85 27.596884 21.704954  51.238514 46.387337 
3.860000 3 86 27.712744 21.703955  52.102478 46.669994 
3.870000 3 87 27.640831 21.640032  51.776867 46.406311 
3.880000 3 88 27.595884 21.946665  51.948662 46.749901 
3.890000 3 89 27.689772 21.949661  51.351379 46.369358 
3.900000 3 90 27.884539 21.819817  52.088493 46.678986 
3.910000 3 91 27.714743 21.970634  51.681980 46.811825 
3.920000 3 92 27.869556 21.639032  52.131443 46.374352 
3.930000 3 93 27.616859 21.731922  51.771873 46.698959 
3.940000 3 94 28.091290 22.246304  52.713745 46.851776 
3.950000 3 95 27.612865 22.102476  51.352379 46.823811 
3.960000 3 96 27.687775 21.984619  51.231522 46.611065 
3.970000 3 97 28.193169 22.058529  52.421093 46.730923 
3.980000 3 98 27.533958 21.785856  51.652016 46.421295 
